<?xml version="1.0" encoding="UTF-8"?>
<coverage generated="1682885739719" clover="3.2.0">
  <project timestamp="1682885739719" name="All files">
    <metrics statements="132" coveredstatements="128" conditionals="72" coveredconditionals="60" methods="61" coveredmethods="58" elements="265" coveredelements="246" complexity="0" loc="132" ncloc="132" packages="11" files="17" classes="17"/>
    <package name="src">
      <metrics statements="9" coveredstatements="8" conditionals="1" coveredconditionals="1" methods="3" coveredmethods="2"/>
      <file name="App.tsx" path="D:/Frontend/Projects/React/RS School/experiment/ssr/src/App.tsx">
        <metrics statements="6" coveredstatements="5" conditionals="1" coveredconditionals="1" methods="3" coveredmethods="2"/>
        <line num="1" count="208" type="cond" truecount="1" falsecount="0"/>
        <line num="12" count="26" type="stmt"/>
        <line num="23" count="26" type="stmt"/>
        <line num="25" count="52" type="stmt"/>
        <line num="26" count="0" type="stmt"/>
        <line num="31" count="26" type="stmt"/>
      </file>
      <file name="ClientApp.tsx" path="D:/Frontend/Projects/React/RS School/experiment/ssr/src/ClientApp.tsx">
        <metrics statements="3" coveredstatements="3" conditionals="0" coveredconditionals="0" methods="0" coveredmethods="0"/>
        <line num="10" count="26" type="stmt"/>
        <line num="15" count="26" type="stmt"/>
        <line num="17" count="26" type="stmt"/>
      </file>
    </package>
    <package name="src.components.AddBookForm">
      <metrics statements="19" coveredstatements="19" conditionals="23" coveredconditionals="21" methods="8" coveredmethods="8"/>
      <file name="AddBookForm.tsx" path="D:/Frontend/Projects/React/RS School/experiment/ssr/src/components/AddBookForm/AddBookForm.tsx">
        <metrics statements="19" coveredstatements="19" conditionals="23" coveredconditionals="21" methods="8" coveredmethods="8"/>
        <line num="19" count="26" type="stmt"/>
        <line num="26" count="15" type="stmt"/>
        <line num="28" count="26" type="stmt"/>
        <line num="30" count="15" type="stmt"/>
        <line num="31" count="3" type="stmt"/>
        <line num="32" count="3" type="stmt"/>
        <line num="35" count="15" type="stmt"/>
        <line num="36" count="14" type="cond" truecount="1" falsecount="0"/>
        <line num="37" count="3" type="stmt"/>
        <line num="41" count="15" type="stmt"/>
        <line num="42" count="15" type="stmt"/>
        <line num="44" count="15" type="stmt"/>
        <line num="56" count="6" type="stmt"/>
        <line num="70" count="6" type="stmt"/>
        <line num="102" count="60" type="stmt"/>
        <line num="148" count="3" type="stmt"/>
        <line num="149" count="3" type="cond" truecount="1" falsecount="1"/>
        <line num="190" count="26" type="stmt"/>
        <line num="192" count="26" type="stmt"/>
      </file>
    </package>
    <package name="src.components.Card">
      <metrics statements="15" coveredstatements="15" conditionals="9" coveredconditionals="6" methods="8" coveredmethods="8"/>
      <file name="CardDetail.tsx" path="D:/Frontend/Projects/React/RS School/experiment/ssr/src/components/Card/CardDetail.tsx">
        <metrics statements="5" coveredstatements="5" conditionals="3" coveredconditionals="2" methods="2" coveredmethods="2"/>
        <line num="1" count="182" type="cond" truecount="1" falsecount="0"/>
        <line num="10" count="26" type="stmt"/>
        <line num="11" count="12" type="stmt"/>
        <line num="16" count="26" type="stmt"/>
        <line num="18" count="26" type="stmt"/>
      </file>
      <file name="FormCard.tsx" path="D:/Frontend/Projects/React/RS School/experiment/ssr/src/components/Card/FormCard.tsx">
        <metrics statements="5" coveredstatements="5" conditionals="3" coveredconditionals="2" methods="3" coveredmethods="3"/>
        <line num="1" count="182" type="cond" truecount="1" falsecount="0"/>
        <line num="17" count="3" type="stmt"/>
        <line num="32" count="3" type="stmt"/>
        <line num="44" count="26" type="stmt"/>
        <line num="46" count="26" type="stmt"/>
      </file>
      <file name="HomeCard.tsx" path="D:/Frontend/Projects/React/RS School/experiment/ssr/src/components/Card/HomeCard.tsx">
        <metrics statements="5" coveredstatements="5" conditionals="3" coveredconditionals="2" methods="3" coveredmethods="3"/>
        <line num="1" count="182" type="cond" truecount="1" falsecount="0"/>
        <line num="6" count="360" type="stmt"/>
        <line num="10" count="4" type="stmt"/>
        <line num="30" count="26" type="stmt"/>
        <line num="32" count="26" type="stmt"/>
      </file>
    </package>
    <package name="src.components.Header">
      <metrics statements="11" coveredstatements="11" conditionals="8" coveredconditionals="8" methods="7" coveredmethods="7"/>
      <file name="Header.tsx" path="D:/Frontend/Projects/React/RS School/experiment/ssr/src/components/Header/Header.tsx">
        <metrics statements="4" coveredstatements="4" conditionals="1" coveredconditionals="1" methods="2" coveredmethods="2"/>
        <line num="1" count="182" type="cond" truecount="1" falsecount="0"/>
        <line num="7" count="26" type="stmt"/>
        <line num="19" count="26" type="stmt"/>
        <line num="21" count="26" type="stmt"/>
      </file>
      <file name="NavBar.tsx" path="D:/Frontend/Projects/React/RS School/experiment/ssr/src/components/Header/NavBar.tsx">
        <metrics statements="7" coveredstatements="7" conditionals="7" coveredconditionals="7" methods="5" coveredmethods="5"/>
        <line num="1" count="182" type="cond" truecount="1" falsecount="0"/>
        <line num="6" count="26" type="stmt"/>
        <line num="13" count="30" type="cond" truecount="2" falsecount="0"/>
        <line num="23" count="30" type="cond" truecount="2" falsecount="0"/>
        <line num="33" count="30" type="cond" truecount="2" falsecount="0"/>
        <line num="42" count="26" type="stmt"/>
        <line num="44" count="26" type="stmt"/>
      </file>
    </package>
    <package name="src.components.SearchBar">
      <metrics statements="10" coveredstatements="10" conditionals="0" coveredconditionals="0" methods="5" coveredmethods="5"/>
      <file name="SearchBar.tsx" path="D:/Frontend/Projects/React/RS School/experiment/ssr/src/components/SearchBar/SearchBar.tsx">
        <metrics statements="10" coveredstatements="10" conditionals="0" coveredconditionals="0" methods="5" coveredmethods="5"/>
        <line num="6" count="64" type="stmt"/>
        <line num="7" count="64" type="stmt"/>
        <line num="9" count="64" type="stmt"/>
        <line num="10" count="104" type="stmt"/>
        <line num="12" count="64" type="stmt"/>
        <line num="15" count="8" type="stmt"/>
        <line num="16" count="8" type="stmt"/>
        <line num="29" count="8" type="stmt"/>
        <line num="44" count="26" type="stmt"/>
        <line num="46" count="26" type="stmt"/>
      </file>
    </package>
    <package name="src.hooks">
      <metrics statements="2" coveredstatements="2" conditionals="0" coveredconditionals="0" methods="1" coveredmethods="1"/>
      <file name="hooks.ts" path="D:/Frontend/Projects/React/RS School/experiment/ssr/src/hooks/hooks.ts">
        <metrics statements="2" coveredstatements="2" conditionals="0" coveredconditionals="0" methods="1" coveredmethods="1"/>
        <line num="4" count="143" type="stmt"/>
        <line num="5" count="26" type="stmt"/>
      </file>
    </package>
    <package name="src.pages.About">
      <metrics statements="4" coveredstatements="4" conditionals="1" coveredconditionals="1" methods="2" coveredmethods="2"/>
      <file name="About.tsx" path="D:/Frontend/Projects/React/RS School/experiment/ssr/src/pages/About/About.tsx">
        <metrics statements="4" coveredstatements="4" conditionals="1" coveredconditionals="1" methods="2" coveredmethods="2"/>
        <line num="1" count="182" type="cond" truecount="1" falsecount="0"/>
        <line num="5" count="4" type="stmt"/>
        <line num="20" count="26" type="stmt"/>
        <line num="22" count="26" type="stmt"/>
      </file>
    </package>
    <package name="src.pages.AddBook">
      <metrics statements="6" coveredstatements="6" conditionals="0" coveredconditionals="0" methods="4" coveredmethods="4"/>
      <file name="AddBook.tsx" path="D:/Frontend/Projects/React/RS School/experiment/ssr/src/pages/AddBook/AddBook.tsx">
        <metrics statements="6" coveredstatements="6" conditionals="0" coveredconditionals="0" methods="4" coveredmethods="4"/>
        <line num="8" count="26" type="stmt"/>
        <line num="9" count="26" type="stmt"/>
        <line num="11" count="9" type="stmt"/>
        <line num="16" count="3" type="stmt"/>
        <line num="33" count="26" type="stmt"/>
        <line num="35" count="26" type="stmt"/>
      </file>
    </package>
    <package name="src.pages.Home">
      <metrics statements="30" coveredstatements="27" conditionals="28" coveredconditionals="21" methods="14" coveredmethods="12"/>
      <file name="Home.tsx" path="D:/Frontend/Projects/React/RS School/experiment/ssr/src/pages/Home/Home.tsx">
        <metrics statements="22" coveredstatements="20" conditionals="17" coveredconditionals="15" methods="9" coveredmethods="8"/>
        <line num="13" count="64" type="stmt"/>
        <line num="14" count="64" type="stmt"/>
        <line num="15" count="64" type="stmt"/>
        <line num="17" count="64" type="stmt"/>
        <line num="19" count="64" type="stmt"/>
        <line num="20" count="104" type="stmt"/>
        <line num="25" count="64" type="stmt"/>
        <line num="26" count="16" type="cond" truecount="1" falsecount="1"/>
        <line num="27" count="0" type="stmt"/>
        <line num="29" count="16" type="stmt"/>
        <line num="34" count="64" type="stmt"/>
        <line num="35" count="4" type="stmt"/>
        <line num="39" count="4" type="cond" truecount="0" falsecount="1"/>
        <line num="40" count="0" type="stmt"/>
        <line num="42" count="4" type="stmt"/>
        <line num="45" count="4" type="stmt"/>
        <line num="46" count="4" type="stmt"/>
        <line num="51" count="64" type="stmt"/>
        <line num="61" count="360" type="cond" truecount="2" falsecount="0"/>
        <line num="62" count="360" type="stmt"/>
        <line num="87" count="26" type="stmt"/>
        <line num="89" count="26" type="stmt"/>
      </file>
      <file name="Modal.tsx" path="D:/Frontend/Projects/React/RS School/experiment/ssr/src/pages/Home/Modal.tsx">
        <metrics statements="8" coveredstatements="7" conditionals="11" coveredconditionals="6" methods="5" coveredmethods="4"/>
        <line num="1" count="182" type="cond" truecount="1" falsecount="0"/>
        <line num="5" count="26" type="stmt"/>
        <line num="18" count="4" type="stmt"/>
        <line num="22" count="0" type="stmt"/>
        <line num="29" count="4" type="stmt"/>
        <line num="37" count="4" type="stmt"/>
        <line num="68" count="26" type="stmt"/>
        <line num="70" count="26" type="stmt"/>
      </file>
    </package>
    <package name="src.pages.NotFound">
      <metrics statements="4" coveredstatements="4" conditionals="1" coveredconditionals="1" methods="2" coveredmethods="2"/>
      <file name="NotFound.tsx" path="D:/Frontend/Projects/React/RS School/experiment/ssr/src/pages/NotFound/NotFound.tsx">
        <metrics statements="4" coveredstatements="4" conditionals="1" coveredconditionals="1" methods="2" coveredmethods="2"/>
        <line num="1" count="182" type="cond" truecount="1" falsecount="0"/>
        <line num="7" count="4" type="stmt"/>
        <line num="17" count="26" type="stmt"/>
        <line num="19" count="26" type="stmt"/>
      </file>
    </package>
    <package name="src.store">
      <metrics statements="22" coveredstatements="22" conditionals="1" coveredconditionals="1" methods="7" coveredmethods="7"/>
      <file name="booksSlice.ts" path="D:/Frontend/Projects/React/RS School/experiment/ssr/src/store/booksSlice.ts">
        <metrics statements="18" coveredstatements="18" conditionals="1" coveredconditionals="1" methods="6" coveredmethods="6"/>
        <line num="24" count="26" type="stmt"/>
        <line num="27" count="24" type="stmt"/>
        <line num="28" count="24" type="stmt"/>
        <line num="31" count="17" type="cond" truecount="1" falsecount="0"/>
        <line num="32" count="4" type="stmt"/>
        <line num="34" count="13" type="stmt"/>
        <line num="35" count="12" type="stmt"/>
        <line num="37" count="4" type="stmt"/>
        <line num="42" count="26" type="stmt"/>
        <line num="52" count="8" type="stmt"/>
        <line num="56" count="26" type="stmt"/>
        <line num="58" count="24" type="stmt"/>
        <line num="59" count="24" type="stmt"/>
        <line num="62" count="12" type="stmt"/>
        <line num="63" count="12" type="stmt"/>
        <line num="66" count="4" type="stmt"/>
        <line num="67" count="4" type="stmt"/>
        <line num="72" count="26" type="stmt"/>
      </file>
      <file name="formBooksSlice.ts" path="D:/Frontend/Projects/React/RS School/experiment/ssr/src/store/formBooksSlice.ts">
        <metrics statements="4" coveredstatements="4" conditionals="0" coveredconditionals="0" methods="1" coveredmethods="1"/>
        <line num="8" count="26" type="stmt"/>
        <line num="12" count="26" type="stmt"/>
        <line num="17" count="3" type="stmt"/>
        <line num="22" count="26" type="stmt"/>
      </file>
    </package>
  </project>
</coverage>
