{
  "D:/Frontend/Projects/React/RS School/experiment/redux/src/App.tsx": {
    "path": "D:/Frontend/Projects/React/RS School/experiment/redux/src/App.tsx",
    "statementMap": {
      "0": { "start": { "line": 10, "column": 2 }, "end": { "line": 19, "column": null } },
      "1": { "start": { "line": 24, "column": 2 }, "end": { "line": 27, "column": null } }
    },
    "fnMap": {
      "0": {
        "name": "App",
        "decl": { "start": { "line": 9, "column": 16 }, "end": { "line": 9, "column": 22 } },
        "loc": { "start": { "line": 9, "column": 22 }, "end": { "line": 21, "column": null } }
      },
      "1": {
        "name": "WrappedApp",
        "decl": { "start": { "line": 23, "column": 16 }, "end": { "line": 23, "column": 29 } },
        "loc": { "start": { "line": 23, "column": 29 }, "end": { "line": 29, "column": null } }
      }
    },
    "branchMap": {},
    "s": { "0": 3, "1": 0 },
    "f": { "0": 3, "1": 0 },
    "b": {}
  },
  "D:/Frontend/Projects/React/RS School/experiment/redux/src/components/AddBookForm/AddBookForm.tsx": {
    "path": "D:/Frontend/Projects/React/RS School/experiment/redux/src/components/AddBookForm/AddBookForm.tsx",
    "statementMap": {
      "0": { "start": { "line": 19, "column": 30 }, "end": { "line": 184, "column": null } },
      "1": { "start": { "line": 26, "column": 6 }, "end": { "line": 26, "column": null } },
      "2": { "start": { "line": 28, "column": 19 }, "end": { "line": 28, "column": null } },
      "3": { "start": { "line": 30, "column": 26 }, "end": { "line": 33, "column": null } },
      "4": { "start": { "line": 31, "column": 21 }, "end": { "line": 31, "column": null } },
      "5": { "start": { "line": 32, "column": 4 }, "end": { "line": 32, "column": null } },
      "6": { "start": { "line": 35, "column": 2 }, "end": { "line": 39, "column": null } },
      "7": { "start": { "line": 36, "column": 4 }, "end": { "line": 38, "column": null } },
      "8": { "start": { "line": 37, "column": 6 }, "end": { "line": 37, "column": null } },
      "9": { "start": { "line": 41, "column": 16 }, "end": { "line": 41, "column": null } },
      "10": { "start": { "line": 42, "column": 17 }, "end": { "line": 42, "column": null } },
      "11": { "start": { "line": 44, "column": 2 }, "end": { "line": 182, "column": null } },
      "12": { "start": { "line": 53, "column": 74 }, "end": { "line": 53, "column": 94 } },
      "13": { "start": { "line": 65, "column": 58 }, "end": { "line": 65, "column": 78 } },
      "14": { "start": { "line": 97, "column": 10 }, "end": { "line": 105, "column": null } },
      "15": { "start": { "line": 143, "column": 37 }, "end": { "line": 143, "column": null } },
      "16": { "start": { "line": 144, "column": 16 }, "end": { "line": 144, "column": null } }
    },
    "fnMap": {
      "0": {
        "name": "(anonymous_0)",
        "decl": { "start": { "line": 19, "column": 30 }, "end": { "line": 19, "column": 36 } },
        "loc": { "start": { "line": 19, "column": 36 }, "end": { "line": 184, "column": null } }
      },
      "1": {
        "name": "(anonymous_1)",
        "decl": { "start": { "line": 30, "column": 26 }, "end": { "line": 30, "column": 27 } },
        "loc": { "start": { "line": 30, "column": 46 }, "end": { "line": 33, "column": null } }
      },
      "2": {
        "name": "(anonymous_2)",
        "decl": { "start": { "line": 35, "column": 12 }, "end": { "line": 35, "column": 18 } },
        "loc": { "start": { "line": 35, "column": 18 }, "end": { "line": 39, "column": 5 } }
      },
      "3": {
        "name": "(anonymous_3)",
        "decl": { "start": { "line": 53, "column": 63 }, "end": { "line": 53, "column": 64 } },
        "loc": { "start": { "line": 53, "column": 74 }, "end": { "line": 53, "column": 94 } }
      },
      "4": {
        "name": "(anonymous_4)",
        "decl": { "start": { "line": 65, "column": 47 }, "end": { "line": 65, "column": 48 } },
        "loc": { "start": { "line": 65, "column": 58 }, "end": { "line": 65, "column": 78 } }
      },
      "5": {
        "name": "(anonymous_5)",
        "decl": { "start": { "line": 96, "column": 20 }, "end": { "line": 96, "column": 21 } },
        "loc": { "start": { "line": 97, "column": 10 }, "end": { "line": 105, "column": null } }
      },
      "6": {
        "name": "(anonymous_6)",
        "decl": { "start": { "line": 142, "column": 24 }, "end": { "line": 142, "column": 25 } },
        "loc": { "start": { "line": 142, "column": 35 }, "end": { "line": 145, "column": null } }
      }
    },
    "branchMap": {
      "0": {
        "loc": { "start": { "line": 36, "column": 4 }, "end": { "line": 38, "column": null } },
        "type": "if",
        "locations": [
          { "start": { "line": 36, "column": 4 }, "end": { "line": 38, "column": null } },
          { "start": { "line": 36, "column": 4 }, "end": { "line": 38, "column": null } }
        ]
      },
      "1": {
        "loc": { "start": { "line": 55, "column": 13 }, "end": { "line": 55, "column": null } },
        "type": "binary-expr",
        "locations": [
          { "start": { "line": 55, "column": 13 }, "end": { "line": 55, "column": 29 } },
          { "start": { "line": 55, "column": 29 }, "end": { "line": 55, "column": null } }
        ]
      },
      "2": {
        "loc": { "start": { "line": 68, "column": 13 }, "end": { "line": 68, "column": null } },
        "type": "binary-expr",
        "locations": [
          { "start": { "line": 68, "column": 13 }, "end": { "line": 68, "column": 30 } },
          { "start": { "line": 68, "column": 30 }, "end": { "line": 68, "column": null } }
        ]
      },
      "3": {
        "loc": { "start": { "line": 89, "column": 13 }, "end": { "line": 89, "column": null } },
        "type": "binary-expr",
        "locations": [
          { "start": { "line": 89, "column": 13 }, "end": { "line": 89, "column": 32 } },
          { "start": { "line": 89, "column": 32 }, "end": { "line": 89, "column": null } }
        ]
      },
      "4": {
        "loc": { "start": { "line": 108, "column": 11 }, "end": { "line": 108, "column": null } },
        "type": "binary-expr",
        "locations": [
          { "start": { "line": 108, "column": 11 }, "end": { "line": 108, "column": 28 } },
          { "start": { "line": 108, "column": 28 }, "end": { "line": 108, "column": null } }
        ]
      },
      "5": {
        "loc": { "start": { "line": 130, "column": 11 }, "end": { "line": 130, "column": null } },
        "type": "binary-expr",
        "locations": [
          { "start": { "line": 130, "column": 11 }, "end": { "line": 130, "column": 27 } },
          { "start": { "line": 130, "column": 27 }, "end": { "line": 130, "column": null } }
        ]
      },
      "6": {
        "loc": { "start": { "line": 144, "column": 23 }, "end": { "line": 144, "column": null } },
        "type": "binary-expr",
        "locations": [
          { "start": { "line": 144, "column": 23 }, "end": { "line": 144, "column": 58 } },
          { "start": { "line": 144, "column": 58 }, "end": { "line": 144, "column": null } }
        ]
      },
      "7": {
        "loc": { "start": { "line": 149, "column": 13 }, "end": { "line": 149, "column": null } },
        "type": "binary-expr",
        "locations": [
          { "start": { "line": 149, "column": 13 }, "end": { "line": 149, "column": 33 } },
          { "start": { "line": 149, "column": 33 }, "end": { "line": 149, "column": null } }
        ]
      },
      "8": {
        "loc": { "start": { "line": 162, "column": 13 }, "end": { "line": 162, "column": null } },
        "type": "binary-expr",
        "locations": [
          { "start": { "line": 162, "column": 13 }, "end": { "line": 162, "column": 33 } },
          { "start": { "line": 162, "column": 33 }, "end": { "line": 162, "column": 73 } },
          { "start": { "line": 162, "column": 73 }, "end": { "line": 162, "column": null } }
        ]
      },
      "9": {
        "loc": { "start": { "line": 163, "column": 13 }, "end": { "line": 165, "column": null } },
        "type": "binary-expr",
        "locations": [
          { "start": { "line": 163, "column": 13 }, "end": { "line": 163, "column": null } },
          { "start": { "line": 164, "column": 14 }, "end": { "line": 164, "column": null } },
          { "start": { "line": 165, "column": 14 }, "end": { "line": 165, "column": null } }
        ]
      },
      "10": {
        "loc": { "start": { "line": 175, "column": 13 }, "end": { "line": 175, "column": null } },
        "type": "binary-expr",
        "locations": [
          { "start": { "line": 175, "column": 13 }, "end": { "line": 175, "column": 29 } },
          { "start": { "line": 175, "column": 29 }, "end": { "line": 175, "column": null } }
        ]
      }
    },
    "s": {
      "0": 3,
      "1": 11,
      "2": 11,
      "3": 11,
      "4": 2,
      "5": 2,
      "6": 11,
      "7": 11,
      "8": 2,
      "9": 11,
      "10": 11,
      "11": 11,
      "12": 3,
      "13": 3,
      "14": 44,
      "15": 2,
      "16": 2
    },
    "f": { "0": 11, "1": 2, "2": 11, "3": 3, "4": 3, "5": 44, "6": 2 },
    "b": {
      "0": [2, 9],
      "1": [11, 1],
      "2": [11, 1],
      "3": [11, 1],
      "4": [11, 1],
      "5": [11, 1],
      "6": [2, 0],
      "7": [11, 1],
      "8": [11, 1, 1],
      "9": [11, 1, 0],
      "10": [11, 1]
    }
  },
  "D:/Frontend/Projects/React/RS School/experiment/redux/src/components/Card/CardDetail.tsx": {
    "path": "D:/Frontend/Projects/React/RS School/experiment/redux/src/components/Card/CardDetail.tsx",
    "statementMap": {
      "0": { "start": { "line": 10, "column": 19 }, "end": { "line": 16, "column": null } },
      "1": { "start": { "line": 11, "column": 2 }, "end": { "line": 14, "column": null } }
    },
    "fnMap": {
      "0": {
        "name": "(anonymous_0)",
        "decl": { "start": { "line": 10, "column": 19 }, "end": { "line": 10, "column": 20 } },
        "loc": { "start": { "line": 10, "column": 55 }, "end": { "line": 16, "column": null } }
      }
    },
    "branchMap": {
      "0": {
        "loc": { "start": { "line": 13, "column": 55 }, "end": { "line": 13, "column": 74 } },
        "type": "binary-expr",
        "locations": [
          { "start": { "line": 13, "column": 55 }, "end": { "line": 13, "column": 64 } },
          { "start": { "line": 13, "column": 64 }, "end": { "line": 13, "column": 74 } }
        ]
      }
    },
    "s": { "0": 2, "1": 8 },
    "f": { "0": 8 },
    "b": { "0": [8, 0] }
  },
  "D:/Frontend/Projects/React/RS School/experiment/redux/src/components/Card/FormCard.tsx": {
    "path": "D:/Frontend/Projects/React/RS School/experiment/redux/src/components/Card/FormCard.tsx",
    "statementMap": {
      "0": { "start": { "line": 17, "column": 2 }, "end": { "line": 42, "column": null } },
      "1": { "start": { "line": 32, "column": 12 }, "end": { "line": 34, "column": null } }
    },
    "fnMap": {
      "0": {
        "name": "FormCard",
        "decl": { "start": { "line": 7, "column": 9 }, "end": { "line": 7, "column": 18 } },
        "loc": { "start": { "line": 16, "column": 17 }, "end": { "line": 44, "column": null } }
      },
      "1": {
        "name": "(anonymous_1)",
        "decl": { "start": { "line": 31, "column": 23 }, "end": { "line": 31, "column": 24 } },
        "loc": { "start": { "line": 32, "column": 12 }, "end": { "line": 34, "column": null } }
      }
    },
    "branchMap": {
      "0": {
        "loc": { "start": { "line": 40, "column": 63 }, "end": { "line": 40, "column": 85 } },
        "type": "cond-expr",
        "locations": [
          { "start": { "line": 40, "column": 71 }, "end": { "line": 40, "column": 79 } },
          { "start": { "line": 40, "column": 79 }, "end": { "line": 40, "column": 85 } }
        ]
      }
    },
    "s": { "0": 2, "1": 2 },
    "f": { "0": 2, "1": 2 },
    "b": { "0": [2, 0] }
  },
  "D:/Frontend/Projects/React/RS School/experiment/redux/src/components/Card/HomeCard.tsx": {
    "path": "D:/Frontend/Projects/React/RS School/experiment/redux/src/components/Card/HomeCard.tsx",
    "statementMap": {
      "0": { "start": { "line": 6, "column": 2 }, "end": { "line": 28, "column": null } },
      "1": { "start": { "line": 10, "column": 8 }, "end": { "line": 10, "column": null } }
    },
    "fnMap": {
      "0": {
        "name": "Card",
        "decl": { "start": { "line": 5, "column": 9 }, "end": { "line": 5, "column": 14 } },
        "loc": { "start": { "line": 5, "column": 67 }, "end": { "line": 30, "column": null } }
      },
      "1": {
        "name": "(anonymous_1)",
        "decl": { "start": { "line": 9, "column": 15 }, "end": { "line": 9, "column": 21 } },
        "loc": { "start": { "line": 9, "column": 21 }, "end": { "line": 11, "column": null } }
      }
    },
    "branchMap": {
      "0": {
        "loc": { "start": { "line": 22, "column": 46 }, "end": { "line": 22, "column": 68 } },
        "type": "binary-expr",
        "locations": [
          { "start": { "line": 22, "column": 46 }, "end": { "line": 22, "column": 56 } },
          { "start": { "line": 22, "column": 56 }, "end": { "line": 22, "column": 68 } }
        ]
      }
    },
    "s": { "0": 6, "1": 2 },
    "f": { "0": 6, "1": 2 },
    "b": { "0": [6, 0] }
  },
  "D:/Frontend/Projects/React/RS School/experiment/redux/src/components/Header/Header.tsx": {
    "path": "D:/Frontend/Projects/React/RS School/experiment/redux/src/components/Header/Header.tsx",
    "statementMap": {
      "0": { "start": { "line": 7, "column": 2 }, "end": { "line": 17, "column": null } }
    },
    "fnMap": {
      "0": {
        "name": "Header",
        "decl": { "start": { "line": 6, "column": 9 }, "end": { "line": 6, "column": 18 } },
        "loc": { "start": { "line": 6, "column": 18 }, "end": { "line": 19, "column": null } }
      }
    },
    "branchMap": {},
    "s": { "0": 3 },
    "f": { "0": 3 },
    "b": {}
  },
  "D:/Frontend/Projects/React/RS School/experiment/redux/src/components/Header/NavBar.tsx": {
    "path": "D:/Frontend/Projects/React/RS School/experiment/redux/src/components/Header/NavBar.tsx",
    "statementMap": {
      "0": { "start": { "line": 6, "column": 2 }, "end": { "line": 40, "column": null } },
      "1": { "start": { "line": 13, "column": 14 }, "end": { "line": 13, "column": null } },
      "2": { "start": { "line": 23, "column": 14 }, "end": { "line": 23, "column": null } },
      "3": { "start": { "line": 33, "column": 14 }, "end": { "line": 33, "column": null } }
    },
    "fnMap": {
      "0": {
        "name": "Navbar",
        "decl": { "start": { "line": 5, "column": 9 }, "end": { "line": 5, "column": 18 } },
        "loc": { "start": { "line": 5, "column": 18 }, "end": { "line": 42, "column": null } }
      },
      "1": {
        "name": "(anonymous_1)",
        "decl": { "start": { "line": 12, "column": 23 }, "end": { "line": 12, "column": 24 } },
        "loc": { "start": { "line": 12, "column": 41 }, "end": { "line": 14, "column": null } }
      },
      "2": {
        "name": "(anonymous_2)",
        "decl": { "start": { "line": 22, "column": 23 }, "end": { "line": 22, "column": 24 } },
        "loc": { "start": { "line": 22, "column": 41 }, "end": { "line": 24, "column": null } }
      },
      "3": {
        "name": "(anonymous_3)",
        "decl": { "start": { "line": 32, "column": 23 }, "end": { "line": 32, "column": 24 } },
        "loc": { "start": { "line": 32, "column": 41 }, "end": { "line": 34, "column": null } }
      }
    },
    "branchMap": {
      "0": {
        "loc": { "start": { "line": 13, "column": 21 }, "end": { "line": 13, "column": null } },
        "type": "cond-expr",
        "locations": [
          { "start": { "line": 13, "column": 32 }, "end": { "line": 13, "column": 43 } },
          { "start": { "line": 13, "column": 43 }, "end": { "line": 13, "column": null } }
        ]
      },
      "1": {
        "loc": { "start": { "line": 23, "column": 21 }, "end": { "line": 23, "column": null } },
        "type": "cond-expr",
        "locations": [
          { "start": { "line": 23, "column": 32 }, "end": { "line": 23, "column": 43 } },
          { "start": { "line": 23, "column": 43 }, "end": { "line": 23, "column": null } }
        ]
      },
      "2": {
        "loc": { "start": { "line": 33, "column": 21 }, "end": { "line": 33, "column": null } },
        "type": "cond-expr",
        "locations": [
          { "start": { "line": 33, "column": 32 }, "end": { "line": 33, "column": 43 } },
          { "start": { "line": 33, "column": 43 }, "end": { "line": 33, "column": null } }
        ]
      }
    },
    "s": { "0": 3, "1": 4, "2": 4, "3": 4 },
    "f": { "0": 3, "1": 4, "2": 4, "3": 4 },
    "b": { "0": [1, 3], "1": [1, 3], "2": [1, 3] }
  },
  "D:/Frontend/Projects/React/RS School/experiment/redux/src/components/SearchBar/SearchBar.tsx": {
    "path": "D:/Frontend/Projects/React/RS School/experiment/redux/src/components/SearchBar/SearchBar.tsx",
    "statementMap": {
      "0": { "start": { "line": 6, "column": 18 }, "end": { "line": 44, "column": null } },
      "1": { "start": { "line": 7, "column": 19 }, "end": { "line": 7, "column": null } },
      "2": { "start": { "line": 9, "column": 19 }, "end": { "line": 9, "column": null } },
      "3": { "start": { "line": 10, "column": 22 }, "end": { "line": 10, "column": null } },
      "4": { "start": { "line": 10, "column": 48 }, "end": { "line": 10, "column": 75 } },
      "5": { "start": { "line": 12, "column": 2 }, "end": { "line": 42, "column": null } },
      "6": { "start": { "line": 15, "column": 8 }, "end": { "line": 15, "column": null } },
      "7": { "start": { "line": 16, "column": 8 }, "end": { "line": 16, "column": null } },
      "8": { "start": { "line": 29, "column": 31 }, "end": { "line": 29, "column": null } }
    },
    "fnMap": {
      "0": {
        "name": "(anonymous_0)",
        "decl": { "start": { "line": 6, "column": 18 }, "end": { "line": 6, "column": 24 } },
        "loc": { "start": { "line": 6, "column": 24 }, "end": { "line": 44, "column": null } }
      },
      "1": {
        "name": "(anonymous_1)",
        "decl": { "start": { "line": 10, "column": 37 }, "end": { "line": 10, "column": 38 } },
        "loc": { "start": { "line": 10, "column": 48 }, "end": { "line": 10, "column": 75 } }
      },
      "2": {
        "name": "(anonymous_2)",
        "decl": { "start": { "line": 14, "column": 16 }, "end": { "line": 14, "column": 17 } },
        "loc": { "start": { "line": 14, "column": 23 }, "end": { "line": 17, "column": null } }
      },
      "3": {
        "name": "(anonymous_3)",
        "decl": { "start": { "line": 29, "column": 24 }, "end": { "line": 29, "column": 25 } },
        "loc": { "start": { "line": 29, "column": 31 }, "end": { "line": 29, "column": null } }
      }
    },
    "branchMap": {},
    "s": { "0": 3, "1": 14, "2": 14, "3": 14, "4": 22, "5": 14, "6": 2, "7": 2, "8": 3 },
    "f": { "0": 14, "1": 22, "2": 2, "3": 3 },
    "b": {}
  },
  "D:/Frontend/Projects/React/RS School/experiment/redux/src/hooks/hooks.ts": {
    "path": "D:/Frontend/Projects/React/RS School/experiment/redux/src/hooks/hooks.ts",
    "statementMap": {
      "0": { "start": { "line": 4, "column": 30 }, "end": { "line": 4, "column": null } },
      "1": { "start": { "line": 4, "column": 36 }, "end": { "line": 4, "column": null } },
      "2": { "start": { "line": 5, "column": 63 }, "end": { "line": 5, "column": null } }
    },
    "fnMap": {
      "0": {
        "name": "(anonymous_0)",
        "decl": { "start": { "line": 4, "column": 30 }, "end": { "line": 4, "column": 36 } },
        "loc": { "start": { "line": 4, "column": 36 }, "end": { "line": 4, "column": null } }
      }
    },
    "branchMap": {},
    "s": { "0": 5, "1": 36, "2": 5 },
    "f": { "0": 36 },
    "b": {}
  },
  "D:/Frontend/Projects/React/RS School/experiment/redux/src/pages/About/About.tsx": {
    "path": "D:/Frontend/Projects/React/RS School/experiment/redux/src/pages/About/About.tsx",
    "statementMap": {
      "0": { "start": { "line": 5, "column": 2 }, "end": { "line": 18, "column": null } }
    },
    "fnMap": {
      "0": {
        "name": "About",
        "decl": { "start": { "line": 4, "column": 9 }, "end": { "line": 4, "column": 17 } },
        "loc": { "start": { "line": 4, "column": 17 }, "end": { "line": 20, "column": null } }
      }
    },
    "branchMap": {},
    "s": { "0": 2 },
    "f": { "0": 2 },
    "b": {}
  },
  "D:/Frontend/Projects/React/RS School/experiment/redux/src/pages/AddBook/AddBook.tsx": {
    "path": "D:/Frontend/Projects/React/RS School/experiment/redux/src/pages/AddBook/AddBook.tsx",
    "statementMap": {
      "0": { "start": { "line": 8, "column": 26 }, "end": { "line": 33, "column": null } },
      "1": { "start": { "line": 9, "column": 20 }, "end": { "line": 9, "column": null } },
      "2": { "start": { "line": 9, "column": 46 }, "end": { "line": 9, "column": 71 } },
      "3": { "start": { "line": 11, "column": 2 }, "end": { "line": 31, "column": null } },
      "4": { "start": { "line": 16, "column": 10 }, "end": { "line": 27, "column": null } }
    },
    "fnMap": {
      "0": {
        "name": "(anonymous_0)",
        "decl": { "start": { "line": 8, "column": 26 }, "end": { "line": 8, "column": 32 } },
        "loc": { "start": { "line": 8, "column": 32 }, "end": { "line": 33, "column": null } }
      },
      "1": {
        "name": "(anonymous_1)",
        "decl": { "start": { "line": 9, "column": 35 }, "end": { "line": 9, "column": 36 } },
        "loc": { "start": { "line": 9, "column": 46 }, "end": { "line": 9, "column": 71 } }
      },
      "2": {
        "name": "(anonymous_2)",
        "decl": { "start": { "line": 15, "column": 23 }, "end": { "line": 15, "column": 24 } },
        "loc": { "start": { "line": 15, "column": 33 }, "end": { "line": 29, "column": 9 } }
      }
    },
    "branchMap": {},
    "s": { "0": 2, "1": 4, "2": 5, "3": 4, "4": 2 },
    "f": { "0": 4, "1": 5, "2": 2 },
    "b": {}
  },
  "D:/Frontend/Projects/React/RS School/experiment/redux/src/pages/Home/Home.tsx": {
    "path": "D:/Frontend/Projects/React/RS School/experiment/redux/src/pages/Home/Home.tsx",
    "statementMap": {
      "0": { "start": { "line": 13, "column": 34 }, "end": { "line": 13, "column": null } },
      "1": { "start": { "line": 14, "column": 36 }, "end": { "line": 14, "column": null } },
      "2": { "start": { "line": 16, "column": 19 }, "end": { "line": 16, "column": null } },
      "3": { "start": { "line": 18, "column": 53 }, "end": { "line": 20, "column": null } },
      "4": { "start": { "line": 19, "column": 4 }, "end": { "line": 19, "column": null } },
      "5": { "start": { "line": 22, "column": 2 }, "end": { "line": 27, "column": null } },
      "6": { "start": { "line": 23, "column": 4 }, "end": { "line": 25, "column": null } },
      "7": { "start": { "line": 24, "column": 6 }, "end": { "line": 24, "column": null } },
      "8": { "start": { "line": 29, "column": 22 }, "end": { "line": 44, "column": null } },
      "9": { "start": { "line": 30, "column": 4 }, "end": { "line": 43, "column": null } },
      "10": { "start": { "line": 34, "column": 8 }, "end": { "line": 36, "column": null } },
      "11": { "start": { "line": 35, "column": 10 }, "end": { "line": 35, "column": null } },
      "12": { "start": { "line": 37, "column": 8 }, "end": { "line": 37, "column": null } },
      "13": { "start": { "line": 40, "column": 8 }, "end": { "line": 40, "column": null } },
      "14": { "start": { "line": 41, "column": 8 }, "end": { "line": 41, "column": null } },
      "15": { "start": { "line": 46, "column": 2 }, "end": { "line": 80, "column": null } },
      "16": { "start": { "line": 56, "column": 34 }, "end": { "line": 56, "column": null } },
      "17": { "start": { "line": 57, "column": 16 }, "end": { "line": 65, "column": null } }
    },
    "fnMap": {
      "0": {
        "name": "Home",
        "decl": { "start": { "line": 12, "column": 9 }, "end": { "line": 12, "column": 16 } },
        "loc": { "start": { "line": 12, "column": 16 }, "end": { "line": 82, "column": null } }
      },
      "1": {
        "name": "(anonymous_1)",
        "decl": { "start": { "line": 18, "column": 68 }, "end": { "line": 18, "column": 69 } },
        "loc": { "start": { "line": 18, "column": 79 }, "end": { "line": 20, "column": 3 } }
      },
      "2": {
        "name": "(anonymous_2)",
        "decl": { "start": { "line": 22, "column": 12 }, "end": { "line": 22, "column": 18 } },
        "loc": { "start": { "line": 22, "column": 18 }, "end": { "line": 27, "column": 5 } }
      },
      "3": {
        "name": "(anonymous_3)",
        "decl": { "start": { "line": 29, "column": 22 }, "end": { "line": 29, "column": 29 } },
        "loc": { "start": { "line": 29, "column": 67 }, "end": { "line": 44, "column": null } }
      },
      "4": {
        "name": "(anonymous_4)",
        "decl": { "start": { "line": 33, "column": 12 }, "end": { "line": 33, "column": 13 } },
        "loc": { "start": { "line": 33, "column": 21 }, "end": { "line": 38, "column": 7 } }
      },
      "5": {
        "name": "(anonymous_5)",
        "decl": { "start": { "line": 39, "column": 12 }, "end": { "line": 39, "column": 13 } },
        "loc": { "start": { "line": 39, "column": 22 }, "end": { "line": 42, "column": 7 } }
      },
      "6": {
        "name": "(anonymous_6)",
        "decl": { "start": { "line": 43, "column": 13 }, "end": { "line": 43, "column": 19 } },
        "loc": { "start": { "line": 43, "column": 19 }, "end": { "line": 43, "column": 21 } }
      },
      "7": {
        "name": "(anonymous_7)",
        "decl": { "start": { "line": 55, "column": 29 }, "end": { "line": 55, "column": 30 } },
        "loc": { "start": { "line": 55, "column": 53 }, "end": { "line": 67, "column": 15 } }
      }
    },
    "branchMap": {
      "0": {
        "loc": { "start": { "line": 23, "column": 4 }, "end": { "line": 25, "column": null } },
        "type": "if",
        "locations": [
          { "start": { "line": 23, "column": 4 }, "end": { "line": 25, "column": null } },
          { "start": { "line": 23, "column": 4 }, "end": { "line": 25, "column": null } }
        ]
      },
      "1": {
        "loc": { "start": { "line": 34, "column": 8 }, "end": { "line": 36, "column": null } },
        "type": "if",
        "locations": [
          { "start": { "line": 34, "column": 8 }, "end": { "line": 36, "column": null } },
          { "start": { "line": 34, "column": 8 }, "end": { "line": 36, "column": null } }
        ]
      },
      "2": {
        "loc": { "start": { "line": 51, "column": 11 }, "end": { "line": 51, "column": null } },
        "type": "binary-expr",
        "locations": [
          { "start": { "line": 51, "column": 11 }, "end": { "line": 51, "column": 20 } },
          { "start": { "line": 51, "column": 20 }, "end": { "line": 51, "column": 32 } },
          { "start": { "line": 51, "column": 32 }, "end": { "line": 51, "column": null } }
        ]
      },
      "3": {
        "loc": { "start": { "line": 52, "column": 11 }, "end": { "line": 52, "column": null } },
        "type": "binary-expr",
        "locations": [
          { "start": { "line": 52, "column": 11 }, "end": { "line": 52, "column": 22 } },
          { "start": { "line": 52, "column": 22 }, "end": { "line": 52, "column": null } }
        ]
      },
      "4": {
        "loc": { "start": { "line": 53, "column": 11 }, "end": { "line": 68, "column": null } },
        "type": "binary-expr",
        "locations": [
          { "start": { "line": 53, "column": 11 }, "end": { "line": 53, "column": 24 } },
          { "start": { "line": 53, "column": 24 }, "end": { "line": 53, "column": 34 } },
          { "start": { "line": 53, "column": 34 }, "end": { "line": 53, "column": null } },
          { "start": { "line": 54, "column": 12 }, "end": { "line": 68, "column": null } }
        ]
      },
      "5": {
        "loc": { "start": { "line": 56, "column": 34 }, "end": { "line": 56, "column": null } },
        "type": "binary-expr",
        "locations": [
          { "start": { "line": 56, "column": 34 }, "end": { "line": 56, "column": 59 } },
          { "start": { "line": 56, "column": 59 }, "end": { "line": 56, "column": null } }
        ]
      },
      "6": {
        "loc": { "start": { "line": 71, "column": 9 }, "end": { "line": 77, "column": null } },
        "type": "binary-expr",
        "locations": [
          { "start": { "line": 71, "column": 9 }, "end": { "line": 71, "column": 22 } },
          { "start": { "line": 71, "column": 22 }, "end": { "line": 71, "column": null } },
          { "start": { "line": 72, "column": 10 }, "end": { "line": 77, "column": null } }
        ]
      }
    },
    "s": {
      "0": 11,
      "1": 11,
      "2": 11,
      "3": 11,
      "4": 18,
      "5": 11,
      "6": 3,
      "7": 1,
      "8": 11,
      "9": 1,
      "10": 1,
      "11": 0,
      "12": 1,
      "13": 1,
      "14": 1,
      "15": 11,
      "16": 4,
      "17": 4
    },
    "f": { "0": 11, "1": 18, "2": 3, "3": 1, "4": 1, "5": 1, "6": 0, "7": 4 },
    "b": {
      "0": [1, 2],
      "1": [0, 1],
      "2": [11, 1, 1],
      "3": [11, 3],
      "4": [11, 11, 10, 7],
      "5": [4, 4],
      "6": [11, 1, 1]
    }
  },
  "D:/Frontend/Projects/React/RS School/experiment/redux/src/pages/Home/Modal.tsx": {
    "path": "D:/Frontend/Projects/React/RS School/experiment/redux/src/pages/Home/Modal.tsx",
    "statementMap": {
      "0": { "start": { "line": 5, "column": 14 }, "end": { "line": 68, "column": null } },
      "1": { "start": { "line": 18, "column": 2 }, "end": { "line": 66, "column": null } },
      "2": { "start": { "line": 22, "column": 8 }, "end": { "line": 22, "column": null } },
      "3": { "start": { "line": 29, "column": 10 }, "end": { "line": 29, "column": null } },
      "4": { "start": { "line": 37, "column": 12 }, "end": { "line": 37, "column": null } }
    },
    "fnMap": {
      "0": {
        "name": "(anonymous_0)",
        "decl": { "start": { "line": 5, "column": 14 }, "end": { "line": 5, "column": 15 } },
        "loc": { "start": { "line": 17, "column": 16 }, "end": { "line": 68, "column": null } }
      },
      "1": {
        "name": "(anonymous_1)",
        "decl": { "start": { "line": 21, "column": 15 }, "end": { "line": 21, "column": 21 } },
        "loc": { "start": { "line": 21, "column": 21 }, "end": { "line": 23, "column": null } }
      },
      "2": {
        "name": "(anonymous_2)",
        "decl": { "start": { "line": 28, "column": 17 }, "end": { "line": 28, "column": 18 } },
        "loc": { "start": { "line": 28, "column": 24 }, "end": { "line": 30, "column": null } }
      },
      "3": {
        "name": "(anonymous_3)",
        "decl": { "start": { "line": 36, "column": 19 }, "end": { "line": 36, "column": 25 } },
        "loc": { "start": { "line": 36, "column": 25 }, "end": { "line": 38, "column": null } }
      }
    },
    "branchMap": {
      "0": {
        "loc": { "start": { "line": 49, "column": 24 }, "end": { "line": 49, "column": 47 } },
        "type": "binary-expr",
        "locations": [
          { "start": { "line": 49, "column": 24 }, "end": { "line": 49, "column": 35 } },
          { "start": { "line": 49, "column": 35 }, "end": { "line": 49, "column": 47 } }
        ]
      },
      "1": {
        "loc": { "start": { "line": 51, "column": 56 }, "end": { "line": 51, "column": 95 } },
        "type": "binary-expr",
        "locations": [
          { "start": { "line": 51, "column": 56 }, "end": { "line": 51, "column": 73 } },
          { "start": { "line": 51, "column": 73 }, "end": { "line": 51, "column": 95 } }
        ]
      },
      "2": {
        "loc": { "start": { "line": 52, "column": 57 }, "end": { "line": 52, "column": 87 } },
        "type": "binary-expr",
        "locations": [
          { "start": { "line": 52, "column": 57 }, "end": { "line": 52, "column": 71 } },
          { "start": { "line": 52, "column": 71 }, "end": { "line": 52, "column": 87 } }
        ]
      },
      "3": {
        "loc": { "start": { "line": 54, "column": 30 }, "end": { "line": 54, "column": 59 } },
        "type": "binary-expr",
        "locations": [
          { "start": { "line": 54, "column": 30 }, "end": { "line": 54, "column": 43 } },
          { "start": { "line": 54, "column": 43 }, "end": { "line": 54, "column": 59 } }
        ]
      },
      "4": {
        "loc": { "start": { "line": 63, "column": 14 }, "end": { "line": 63, "column": 46 } },
        "type": "binary-expr",
        "locations": [
          { "start": { "line": 63, "column": 14 }, "end": { "line": 63, "column": 29 } },
          { "start": { "line": 63, "column": 29 }, "end": { "line": 63, "column": 46 } }
        ]
      }
    },
    "s": { "0": 3, "1": 4, "2": 1, "3": 1, "4": 1 },
    "f": { "0": 4, "1": 1, "2": 1, "3": 1 },
    "b": { "0": [4, 0], "1": [4, 1], "2": [4, 1], "3": [4, 1], "4": [4, 1] }
  },
  "D:/Frontend/Projects/React/RS School/experiment/redux/src/pages/NotFound/NotFound.tsx": {
    "path": "D:/Frontend/Projects/React/RS School/experiment/redux/src/pages/NotFound/NotFound.tsx",
    "statementMap": {
      "0": { "start": { "line": 7, "column": 2 }, "end": { "line": 15, "column": null } }
    },
    "fnMap": {
      "0": {
        "name": "NotFound",
        "decl": { "start": { "line": 6, "column": 9 }, "end": { "line": 6, "column": 20 } },
        "loc": { "start": { "line": 6, "column": 20 }, "end": { "line": 17, "column": null } }
      }
    },
    "branchMap": {},
    "s": { "0": 1 },
    "f": { "0": 1 },
    "b": {}
  },
  "D:/Frontend/Projects/React/RS School/experiment/redux/src/store/booksSlice.ts": {
    "path": "D:/Frontend/Projects/React/RS School/experiment/redux/src/store/booksSlice.ts",
    "statementMap": {
      "0": { "start": { "line": 24, "column": 26 }, "end": { "line": 40, "column": null } },
      "1": { "start": { "line": 27, "column": 4 }, "end": { "line": 38, "column": null } },
      "2": { "start": { "line": 28, "column": 23 }, "end": { "line": 30, "column": null } },
      "3": { "start": { "line": 31, "column": 6 }, "end": { "line": 33, "column": null } },
      "4": { "start": { "line": 32, "column": 8 }, "end": { "line": 32, "column": null } },
      "5": { "start": { "line": 34, "column": 19 }, "end": { "line": 34, "column": null } },
      "6": { "start": { "line": 35, "column": 6 }, "end": { "line": 35, "column": null } },
      "7": { "start": { "line": 37, "column": 6 }, "end": { "line": 37, "column": null } },
      "8": { "start": { "line": 42, "column": 18 }, "end": { "line": 70, "column": null } },
      "9": { "start": { "line": 52, "column": 6 }, "end": { "line": 52, "column": null } },
      "10": { "start": { "line": 56, "column": 4 }, "end": { "line": 68, "column": null } },
      "11": { "start": { "line": 58, "column": 8 }, "end": { "line": 58, "column": null } },
      "12": { "start": { "line": 59, "column": 8 }, "end": { "line": 59, "column": null } },
      "13": { "start": { "line": 62, "column": 8 }, "end": { "line": 62, "column": null } },
      "14": { "start": { "line": 63, "column": 8 }, "end": { "line": 63, "column": null } },
      "15": { "start": { "line": 66, "column": 8 }, "end": { "line": 66, "column": null } },
      "16": { "start": { "line": 67, "column": 8 }, "end": { "line": 67, "column": null } },
      "17": { "start": { "line": 72, "column": 32 }, "end": { "line": 72, "column": null } }
    },
    "fnMap": {
      "0": {
        "name": "(anonymous_0)",
        "decl": { "start": { "line": 26, "column": 2 }, "end": { "line": 26, "column": 9 } },
        "loc": { "start": { "line": 26, "column": 46 }, "end": { "line": 39, "column": null } }
      },
      "1": {
        "name": "(anonymous_1)",
        "decl": { "start": { "line": 51, "column": 20 }, "end": { "line": 51, "column": 21 } },
        "loc": { "start": { "line": 51, "column": 39 }, "end": { "line": 53, "column": null } }
      },
      "2": {
        "name": "(anonymous_2)",
        "decl": { "start": { "line": 55, "column": 17 }, "end": { "line": 55, "column": 18 } },
        "loc": { "start": { "line": 55, "column": 30 }, "end": { "line": 69, "column": null } }
      },
      "3": {
        "name": "(anonymous_3)",
        "decl": { "start": { "line": 57, "column": 35 }, "end": { "line": 57, "column": 36 } },
        "loc": { "start": { "line": 57, "column": 46 }, "end": { "line": 60, "column": 7 } }
      },
      "4": {
        "name": "(anonymous_4)",
        "decl": { "start": { "line": 61, "column": 37 }, "end": { "line": 61, "column": 38 } },
        "loc": { "start": { "line": 61, "column": 56 }, "end": { "line": 64, "column": 7 } }
      },
      "5": {
        "name": "(anonymous_5)",
        "decl": { "start": { "line": 65, "column": 36 }, "end": { "line": 65, "column": 37 } },
        "loc": { "start": { "line": 65, "column": 55 }, "end": { "line": 68, "column": 7 } }
      }
    },
    "branchMap": {
      "0": {
        "loc": { "start": { "line": 31, "column": 6 }, "end": { "line": 33, "column": null } },
        "type": "if",
        "locations": [
          { "start": { "line": 31, "column": 6 }, "end": { "line": 33, "column": null } },
          { "start": { "line": 31, "column": 6 }, "end": { "line": 33, "column": null } }
        ]
      }
    },
    "s": {
      "0": 5,
      "1": 3,
      "2": 3,
      "3": 3,
      "4": 1,
      "5": 2,
      "6": 2,
      "7": 1,
      "8": 5,
      "9": 3,
      "10": 5,
      "11": 3,
      "12": 3,
      "13": 2,
      "14": 2,
      "15": 1,
      "16": 1,
      "17": 5
    },
    "f": { "0": 3, "1": 3, "2": 5, "3": 3, "4": 2, "5": 1 },
    "b": { "0": [1, 2] }
  },
  "D:/Frontend/Projects/React/RS School/experiment/redux/src/store/formBooksSlice.ts": {
    "path": "D:/Frontend/Projects/React/RS School/experiment/redux/src/store/formBooksSlice.ts",
    "statementMap": {
      "0": { "start": { "line": 8, "column": 36 }, "end": { "line": 10, "column": null } },
      "1": { "start": { "line": 12, "column": 22 }, "end": { "line": 20, "column": null } },
      "2": { "start": { "line": 17, "column": 6 }, "end": { "line": 17, "column": null } },
      "3": { "start": { "line": 22, "column": 32 }, "end": { "line": 22, "column": null } }
    },
    "fnMap": {
      "0": {
        "name": "(anonymous_0)",
        "decl": { "start": { "line": 16, "column": 4 }, "end": { "line": 16, "column": 12 } },
        "loc": { "start": { "line": 16, "column": 56 }, "end": { "line": 18, "column": null } }
      }
    },
    "branchMap": {},
    "s": { "0": 5, "1": 5, "2": 2, "3": 5 },
    "f": { "0": 2 },
    "b": {}
  },
  "D:/Frontend/Projects/React/RS School/experiment/redux/src/store/index.ts": {
    "path": "D:/Frontend/Projects/React/RS School/experiment/redux/src/store/index.ts",
    "statementMap": {
      "0": { "start": { "line": 5, "column": 14 }, "end": { "line": 7, "column": null } }
    },
    "fnMap": {},
    "branchMap": {},
    "s": { "0": 5 },
    "f": {},
    "b": {}
  }
}
