TN:
SF:src\App.tsx
FN:1,(anonymous_0)
FN:11,App
FN:25,WrappedApp
FNF:3
FNH:2
FNDA:52,(anonymous_0)
FNDA:26,App
FNDA:0,WrappedApp
DA:1,208
DA:12,26
DA:23,26
DA:25,52
DA:26,0
DA:31,26
LF:6
LH:5
BRDA:1,0,0,26
BRF:1
BRH:1
end_of_record
TN:
SF:src\ClientApp.tsx
FNF:0
FNH:0
DA:10,26
DA:15,26
DA:17,26
LF:3
LH:3
BRF:0
BRH:0
end_of_record
TN:
SF:src\components\AddBookForm\AddBookForm.tsx
FN:19,(anonymous_1)
FN:30,(anonymous_2)
FN:35,(anonymous_3)
FN:56,(anonymous_4)
FN:70,(anonymous_5)
FN:101,(anonymous_6)
FN:147,(anonymous_7)
FN:19,(anonymous_8)
FNF:8
FNH:8
FNDA:15,(anonymous_1)
FNDA:3,(anonymous_2)
FNDA:14,(anonymous_3)
FNDA:6,(anonymous_4)
FNDA:6,(anonymous_5)
FNDA:60,(anonymous_6)
FNDA:3,(anonymous_7)
FNDA:6,(anonymous_8)
DA:19,26
DA:26,15
DA:28,26
DA:30,15
DA:31,3
DA:32,3
DA:35,15
DA:36,14
DA:37,3
DA:41,15
DA:42,15
DA:44,15
DA:56,6
DA:70,6
DA:102,60
DA:148,3
DA:149,3
DA:190,26
DA:192,26
LF:19
LH:19
BRDA:36,0,0,3
BRDA:59,1,0,15
BRDA:59,1,1,2
BRDA:73,2,0,15
BRDA:73,2,1,2
BRDA:94,3,0,15
BRDA:94,3,1,2
BRDA:113,4,0,15
BRDA:113,4,1,2
BRDA:135,5,0,15
BRDA:135,5,1,2
BRDA:149,6,0,3
BRDA:149,6,1,0
BRDA:154,7,0,15
BRDA:154,7,1,2
BRDA:168,8,0,15
BRDA:168,8,1,2
BRDA:168,8,2,2
BRDA:169,9,0,15
BRDA:169,9,1,2
BRDA:169,9,2,0
BRDA:181,10,0,15
BRDA:181,10,1,2
BRF:23
BRH:21
end_of_record
TN:
SF:src\components\Card\CardDetail.tsx
FN:1,(anonymous_0)
FN:10,(anonymous_1)
FNF:2
FNH:2
FNDA:26,(anonymous_0)
FNDA:12,(anonymous_1)
DA:1,182
DA:10,26
DA:11,12
DA:16,26
DA:18,26
LF:5
LH:5
BRDA:1,0,0,26
BRDA:13,1,0,12
BRDA:13,1,1,0
BRF:3
BRH:2
end_of_record
TN:
SF:src\components\Card\FormCard.tsx
FN:1,(anonymous_0)
FN:7,FormCard
FN:31,(anonymous_2)
FNF:3
FNH:3
FNDA:26,(anonymous_0)
FNDA:3,FormCard
FNDA:3,(anonymous_2)
DA:1,182
DA:17,3
DA:32,3
DA:44,26
DA:46,26
LF:5
LH:5
BRDA:1,0,0,26
BRDA:40,1,0,3
BRDA:40,1,1,0
BRF:3
BRH:2
end_of_record
TN:
SF:src\components\Card\HomeCard.tsx
FN:1,(anonymous_0)
FN:5,Card
FN:9,(anonymous_2)
FNF:3
FNH:3
FNDA:26,(anonymous_0)
FNDA:360,Card
FNDA:4,(anonymous_2)
DA:1,182
DA:6,360
DA:10,4
DA:30,26
DA:32,26
LF:5
LH:5
BRDA:1,0,0,26
BRDA:22,1,0,360
BRDA:22,1,1,0
BRF:3
BRH:2
end_of_record
TN:
SF:src\components\Header\Header.tsx
FN:1,(anonymous_0)
FN:6,Header
FNF:2
FNH:2
FNDA:26,(anonymous_0)
FNDA:26,Header
DA:1,182
DA:7,26
DA:19,26
DA:21,26
LF:4
LH:4
BRDA:1,0,0,26
BRF:1
BRH:1
end_of_record
TN:
SF:src\components\Header\NavBar.tsx
FN:1,(anonymous_0)
FN:5,Navbar
FN:12,(anonymous_2)
FN:22,(anonymous_3)
FN:32,(anonymous_4)
FNF:5
FNH:5
FNDA:26,(anonymous_0)
FNDA:26,Navbar
FNDA:30,(anonymous_2)
FNDA:30,(anonymous_3)
FNDA:30,(anonymous_4)
DA:1,182
DA:6,26
DA:13,30
DA:23,30
DA:33,30
DA:42,26
DA:44,26
LF:7
LH:7
BRDA:1,0,0,26
BRDA:13,1,0,16
BRDA:13,1,1,14
BRDA:23,2,0,6
BRDA:23,2,1,24
BRDA:33,3,0,4
BRDA:33,3,1,26
BRF:7
BRH:7
end_of_record
TN:
SF:src\components\SearchBar\SearchBar.tsx
FN:6,(anonymous_1)
FN:10,(anonymous_2)
FN:14,(anonymous_3)
FN:29,(anonymous_4)
FN:6,(anonymous_5)
FNF:5
FNH:5
FNDA:64,(anonymous_1)
FNDA:104,(anonymous_2)
FNDA:8,(anonymous_3)
FNDA:8,(anonymous_4)
FNDA:16,(anonymous_5)
DA:6,64
DA:7,64
DA:9,64
DA:10,104
DA:12,64
DA:15,8
DA:16,8
DA:29,8
DA:44,26
DA:46,26
LF:10
LH:10
BRF:0
BRH:0
end_of_record
TN:
SF:src\hooks\hooks.ts
FN:4,(anonymous_0)
FNF:1
FNH:1
FNDA:143,(anonymous_0)
DA:4,143
DA:5,26
LF:2
LH:2
BRF:0
BRH:0
end_of_record
TN:
SF:src\pages\About\About.tsx
FN:1,(anonymous_0)
FN:4,About
FNF:2
FNH:2
FNDA:26,(anonymous_0)
FNDA:4,About
DA:1,182
DA:5,4
DA:20,26
DA:22,26
LF:4
LH:4
BRDA:1,0,0,26
BRF:1
BRH:1
end_of_record
TN:
SF:src\pages\AddBook\AddBook.tsx
FN:8,(anonymous_1)
FN:9,(anonymous_2)
FN:15,(anonymous_3)
FN:8,(anonymous_4)
FNF:4
FNH:4
FNDA:9,(anonymous_1)
FNDA:12,(anonymous_2)
FNDA:3,(anonymous_3)
FNDA:6,(anonymous_4)
DA:8,26
DA:9,26
DA:11,9
DA:16,3
DA:33,26
DA:35,26
LF:6
LH:6
BRF:0
BRH:0
end_of_record
TN:
SF:src\pages\Home\Home.tsx
FN:13,Home
FN:19,(anonymous_2)
FN:25,(anonymous_3)
FN:34,(anonymous_4)
FN:38,(anonymous_5)
FN:44,(anonymous_6)
FN:48,(anonymous_7)
FN:60,(anonymous_8)
FN:13,(anonymous_9)
FNF:9
FNH:8
FNDA:64,Home
FNDA:104,(anonymous_2)
FNDA:16,(anonymous_3)
FNDA:4,(anonymous_4)
FNDA:4,(anonymous_5)
FNDA:4,(anonymous_6)
FNDA:0,(anonymous_7)
FNDA:360,(anonymous_8)
FNDA:16,(anonymous_9)
DA:13,64
DA:14,64
DA:15,64
DA:17,64
DA:19,64
DA:20,104
DA:25,64
DA:26,16
DA:27,0
DA:29,16
DA:34,64
DA:35,4
DA:39,4
DA:40,0
DA:42,4
DA:45,4
DA:46,4
DA:51,64
DA:61,360
DA:62,360
DA:87,26
DA:89,26
LF:22
LH:20
BRDA:26,0,0,0
BRDA:26,0,1,16
BRDA:39,1,0,0
BRDA:56,2,0,64
BRDA:56,2,1,4
BRDA:56,2,2,4
BRDA:57,3,0,64
BRDA:57,3,1,24
BRDA:58,4,0,64
BRDA:58,4,1,64
BRDA:58,4,2,60
BRDA:58,4,3,36
BRDA:61,5,0,360
BRDA:61,5,1,360
BRDA:76,6,0,64
BRDA:76,6,1,4
BRDA:76,6,2,4
BRF:17
BRH:15
end_of_record
TN:
SF:src\pages\Home\Modal.tsx
FN:1,(anonymous_0)
FN:5,(anonymous_1)
FN:21,(anonymous_2)
FN:28,(anonymous_3)
FN:36,(anonymous_4)
FNF:5
FNH:4
FNDA:26,(anonymous_0)
FNDA:4,(anonymous_1)
FNDA:0,(anonymous_2)
FNDA:4,(anonymous_3)
FNDA:4,(anonymous_4)
DA:1,182
DA:5,26
DA:18,4
DA:22,0
DA:29,4
DA:37,4
DA:68,26
DA:70,26
LF:8
LH:7
BRDA:1,0,0,26
BRDA:49,1,0,4
BRDA:49,1,1,0
BRDA:51,2,0,4
BRDA:51,2,1,0
BRDA:52,3,0,4
BRDA:52,3,1,0
BRDA:54,4,0,4
BRDA:54,4,1,0
BRDA:63,5,0,4
BRDA:63,5,1,0
BRF:11
BRH:6
end_of_record
TN:
SF:src\pages\NotFound\NotFound.tsx
FN:1,(anonymous_0)
FN:6,NotFound
FNF:2
FNH:2
FNDA:26,(anonymous_0)
FNDA:4,NotFound
DA:1,182
DA:7,4
DA:17,26
DA:19,26
LF:4
LH:4
BRDA:1,0,0,26
BRF:1
BRH:1
end_of_record
TN:
SF:src\store\booksSlice.ts
FN:26,(anonymous_0)
FN:51,(anonymous_1)
FN:55,(anonymous_2)
FN:57,(anonymous_3)
FN:61,(anonymous_4)
FN:65,(anonymous_5)
FNF:6
FNH:6
FNDA:24,(anonymous_0)
FNDA:8,(anonymous_1)
FNDA:26,(anonymous_2)
FNDA:24,(anonymous_3)
FNDA:12,(anonymous_4)
FNDA:4,(anonymous_5)
DA:24,26
DA:27,24
DA:28,24
DA:31,17
DA:32,4
DA:34,13
DA:35,12
DA:37,4
DA:42,26
DA:52,8
DA:56,26
DA:58,24
DA:59,24
DA:62,12
DA:63,12
DA:66,4
DA:67,4
DA:72,26
LF:18
LH:18
BRDA:31,0,0,4
BRF:1
BRH:1
end_of_record
TN:
SF:src\store\formBooksSlice.ts
FN:16,(anonymous_0)
FNF:1
FNH:1
FNDA:3,(anonymous_0)
DA:8,26
DA:12,26
DA:17,3
DA:22,26
LF:4
LH:4
BRF:0
BRH:0
end_of_record
