TN:
SF:src\App.tsx
FN:11,App
FN:27,WrappedApp
FNF:2
FNH:1
FNDA:12,App
FNDA:0,WrappedApp
DA:12,12
DA:28,0
LF:2
LH:1
BRF:0
BRH:0
end_of_record
TN:
SF:src\ClientApp.tsx
FNF:0
FNH:0
DA:6,12
LF:1
LH:1
BRF:0
BRH:0
end_of_record
TN:
SF:src\components\AddBookForm\AddBookForm.tsx
FN:19,(anonymous_0)
FN:30,(anonymous_1)
FN:35,(anonymous_2)
FN:56,(anonymous_3)
FN:70,(anonymous_4)
FN:101,(anonymous_5)
FN:147,(anonymous_6)
FNF:7
FNH:7
FNDA:5,(anonymous_0)
FNDA:1,(anonymous_1)
FNDA:5,(anonymous_2)
FNDA:2,(anonymous_3)
FNDA:2,(anonymous_4)
FNDA:20,(anonymous_5)
FNDA:1,(anonymous_6)
DA:19,12
DA:26,5
DA:28,5
DA:30,5
DA:31,1
DA:32,1
DA:35,5
DA:36,5
DA:37,1
DA:41,5
DA:42,5
DA:44,5
DA:56,2
DA:70,2
DA:102,20
DA:148,1
DA:149,1
LF:17
LH:17
BRDA:36,0,0,1
BRDA:59,1,0,5
BRDA:59,1,1,1
BRDA:73,2,0,5
BRDA:73,2,1,1
BRDA:94,3,0,5
BRDA:94,3,1,1
BRDA:113,4,0,5
BRDA:113,4,1,1
BRDA:135,5,0,5
BRDA:135,5,1,1
BRDA:149,6,0,1
BRDA:149,6,1,0
BRDA:154,7,0,5
BRDA:154,7,1,1
BRDA:168,8,0,5
BRDA:168,8,1,1
BRDA:168,8,2,1
BRDA:169,9,0,5
BRDA:169,9,1,1
BRDA:169,9,2,0
BRDA:181,10,0,5
BRDA:181,10,1,1
BRF:23
BRH:21
end_of_record
TN:
SF:src\components\Card\CardDetail.tsx
FN:10,(anonymous_0)
FNF:1
FNH:1
FNDA:4,(anonymous_0)
DA:10,12
DA:11,4
LF:2
LH:2
BRDA:13,0,0,4
BRDA:13,0,1,0
BRF:2
BRH:1
end_of_record
TN:
SF:src\components\Card\FormCard.tsx
FN:7,FormCard
FN:31,(anonymous_1)
FNF:2
FNH:2
FNDA:1,FormCard
FNDA:1,(anonymous_1)
DA:17,1
DA:32,1
LF:2
LH:2
BRDA:40,0,0,1
BRDA:40,0,1,0
BRF:2
BRH:1
end_of_record
TN:
SF:src\components\Card\HomeCard.tsx
FN:5,Card
FN:9,(anonymous_1)
FNF:2
FNH:2
FNDA:100,Card
FNDA:2,(anonymous_1)
DA:6,100
DA:10,2
LF:2
LH:2
BRDA:22,0,0,100
BRDA:22,0,1,0
BRF:2
BRH:1
end_of_record
TN:
SF:src\components\Header\Header.tsx
FN:6,Header
FNF:1
FNH:1
FNDA:12,Header
DA:7,12
LF:1
LH:1
BRF:0
BRH:0
end_of_record
TN:
SF:src\components\Header\NavBar.tsx
FN:5,Navbar
FN:12,(anonymous_1)
FN:22,(anonymous_2)
FN:32,(anonymous_3)
FNF:4
FNH:4
FNDA:12,Navbar
FNDA:13,(anonymous_1)
FNDA:13,(anonymous_2)
FNDA:13,(anonymous_3)
DA:6,12
DA:13,13
DA:23,13
DA:33,13
LF:4
LH:4
BRDA:13,0,0,8
BRDA:13,0,1,5
BRDA:23,1,0,2
BRDA:23,1,1,11
BRDA:33,2,0,1
BRDA:33,2,1,12
BRF:6
BRH:6
end_of_record
TN:
SF:src\components\SearchBar\SearchBar.tsx
FN:6,(anonymous_0)
FN:10,(anonymous_1)
FN:14,(anonymous_2)
FN:29,(anonymous_3)
FNF:4
FNH:4
FNDA:32,(anonymous_0)
FNDA:52,(anonymous_1)
FNDA:4,(anonymous_2)
FNDA:4,(anonymous_3)
DA:6,12
DA:7,32
DA:9,32
DA:10,52
DA:12,32
DA:15,4
DA:16,4
DA:29,4
LF:8
LH:8
BRF:0
BRH:0
end_of_record
TN:
SF:src\hooks\hooks.ts
FN:4,(anonymous_0)
FNF:1
FNH:1
FNDA:69,(anonymous_0)
DA:4,69
DA:5,12
LF:2
LH:2
BRF:0
BRH:0
end_of_record
TN:
SF:src\pages\About\About.tsx
FN:4,About
FNF:1
FNH:1
FNDA:1,About
DA:5,1
LF:1
LH:1
BRF:0
BRH:0
end_of_record
TN:
SF:src\pages\AddBook\AddBook.tsx
FN:8,(anonymous_0)
FN:9,(anonymous_1)
FN:15,(anonymous_2)
FNF:3
FNH:3
FNDA:3,(anonymous_0)
FNDA:4,(anonymous_1)
FNDA:1,(anonymous_2)
DA:8,12
DA:9,4
DA:11,3
DA:16,1
LF:4
LH:4
BRF:0
BRH:0
end_of_record
TN:
SF:src\pages\Home\Home.tsx
FN:12,Home
FN:18,(anonymous_1)
FN:22,(anonymous_2)
FN:31,(anonymous_3)
FN:35,(anonymous_4)
FN:41,(anonymous_5)
FN:45,(anonymous_6)
FN:57,(anonymous_7)
FNF:8
FNH:7
FNDA:32,Home
FNDA:52,(anonymous_1)
FNDA:8,(anonymous_2)
FNDA:2,(anonymous_3)
FNDA:2,(anonymous_4)
FNDA:2,(anonymous_5)
FNDA:0,(anonymous_6)
FNDA:100,(anonymous_7)
DA:13,32
DA:14,32
DA:16,32
DA:18,32
DA:19,52
DA:22,32
DA:23,8
DA:24,0
DA:26,8
DA:31,32
DA:32,2
DA:36,2
DA:37,0
DA:39,2
DA:42,2
DA:43,2
DA:48,32
DA:58,100
DA:59,100
LF:19
LH:17
BRDA:23,0,0,0
BRDA:23,0,1,8
BRDA:36,1,0,0
BRDA:53,2,0,32
BRDA:53,2,1,2
BRDA:53,2,2,2
BRDA:54,3,0,32
BRDA:54,3,1,12
BRDA:55,4,0,32
BRDA:55,4,1,32
BRDA:55,4,2,30
BRDA:55,4,3,18
BRDA:58,5,0,100
BRDA:58,5,1,100
BRDA:73,6,0,32
BRDA:73,6,1,2
BRDA:73,6,2,2
BRF:17
BRH:15
end_of_record
TN:
SF:src\pages\Home\Modal.tsx
FN:5,(anonymous_0)
FN:21,(anonymous_1)
FN:28,(anonymous_2)
FN:36,(anonymous_3)
FNF:4
FNH:3
FNDA:2,(anonymous_0)
FNDA:0,(anonymous_1)
FNDA:2,(anonymous_2)
FNDA:2,(anonymous_3)
DA:5,12
DA:18,2
DA:22,0
DA:29,2
DA:37,2
LF:5
LH:4
BRDA:49,0,0,2
BRDA:49,0,1,0
BRDA:51,1,0,2
BRDA:51,1,1,0
BRDA:52,2,0,2
BRDA:52,2,1,0
BRDA:54,3,0,2
BRDA:54,3,1,0
BRDA:63,4,0,2
BRDA:63,4,1,0
BRF:10
BRH:5
end_of_record
TN:
SF:src\pages\NotFound\NotFound.tsx
FN:6,NotFound
FNF:1
FNH:1
FNDA:2,NotFound
DA:7,2
LF:1
LH:1
BRF:0
BRH:0
end_of_record
TN:
SF:src\store\booksSlice.ts
FN:26,(anonymous_0)
FN:51,(anonymous_1)
FN:55,(anonymous_2)
FN:57,(anonymous_3)
FN:61,(anonymous_4)
FN:65,(anonymous_5)
FNF:6
FNH:6
FNDA:12,(anonymous_0)
FNDA:4,(anonymous_1)
FNDA:12,(anonymous_2)
FNDA:12,(anonymous_3)
FNDA:6,(anonymous_4)
FNDA:2,(anonymous_5)
DA:24,12
DA:27,12
DA:28,12
DA:31,8
DA:32,2
DA:34,6
DA:35,6
DA:37,2
DA:42,12
DA:52,4
DA:56,12
DA:58,12
DA:59,12
DA:62,6
DA:63,6
DA:66,2
DA:67,2
DA:72,12
LF:18
LH:18
BRDA:31,0,0,2
BRF:1
BRH:1
end_of_record
TN:
SF:src\store\formBooksSlice.ts
FN:16,(anonymous_0)
FNF:1
FNH:1
FNDA:1,(anonymous_0)
DA:8,12
DA:12,12
DA:17,1
DA:22,12
LF:4
LH:4
BRF:0
BRH:0
end_of_record
TN:
SF:src\store\index.ts
FNF:0
FNH:0
DA:5,12
LF:1
LH:1
BRF:0
BRH:0
end_of_record
