<?xml version="1.0" encoding="UTF-8"?>
<coverage generated="1681248173206" clover="3.2.0">
  <project timestamp="1681248173207" name="All files">
    <metrics statements="86" coveredstatements="84" conditionals="70" coveredconditionals="62" methods="43" coveredmethods="42" elements="199" coveredelements="188" complexity="0" loc="86" ncloc="86" packages="9" files="13" classes="13"/>
    <package name="src">
      <metrics statements="2" coveredstatements="2" conditionals="0" coveredconditionals="0" methods="2" coveredmethods="2"/>
      <file name="App.tsx" path="D:/Frontend/Projects/React/RS School/experiment/react-api/src/App.tsx">
        <metrics statements="2" coveredstatements="2" conditionals="0" coveredconditionals="0" methods="2" coveredmethods="2"/>
        <line num="10" count="4" type="stmt"/>
        <line num="24" count="1" type="stmt"/>
      </file>
    </package>
    <package name="src.components.AddBookForm">
      <metrics statements="16" coveredstatements="16" conditionals="24" coveredconditionals="22" methods="7" coveredmethods="7"/>
      <file name="AddBookForm.tsx" path="D:/Frontend/Projects/React/RS School/experiment/react-api/src/components/AddBookForm/AddBookForm.tsx">
        <metrics statements="16" coveredstatements="16" conditionals="24" coveredconditionals="22" methods="7" coveredmethods="7"/>
        <line num="22" count="3" type="stmt"/>
        <line num="29" count="11" type="stmt"/>
        <line num="31" count="11" type="stmt"/>
        <line num="32" count="2" type="stmt"/>
        <line num="33" count="2" type="stmt"/>
        <line num="36" count="11" type="stmt"/>
        <line num="37" count="11" type="cond" truecount="2" falsecount="0"/>
        <line num="38" count="2" type="stmt"/>
        <line num="42" count="11" type="stmt"/>
        <line num="43" count="11" type="stmt"/>
        <line num="45" count="11" type="stmt"/>
        <line num="54" count="3" type="stmt"/>
        <line num="66" count="3" type="stmt"/>
        <line num="98" count="44" type="stmt"/>
        <line num="144" count="2" type="stmt"/>
        <line num="145" count="2" type="cond" truecount="1" falsecount="1"/>
      </file>
    </package>
    <package name="src.components.Card">
      <metrics statements="6" coveredstatements="6" conditionals="6" coveredconditionals="3" methods="5" coveredmethods="5"/>
      <file name="CardDetail.tsx" path="D:/Frontend/Projects/React/RS School/experiment/react-api/src/components/Card/CardDetail.tsx">
        <metrics statements="2" coveredstatements="2" conditionals="2" coveredconditionals="1" methods="1" coveredmethods="1"/>
        <line num="10" count="2" type="stmt"/>
        <line num="11" count="4" type="stmt"/>
      </file>
      <file name="FormCard.tsx" path="D:/Frontend/Projects/React/RS School/experiment/react-api/src/components/Card/FormCard.tsx">
        <metrics statements="2" coveredstatements="2" conditionals="2" coveredconditionals="1" methods="2" coveredmethods="2"/>
        <line num="17" count="1" type="stmt"/>
        <line num="32" count="1" type="stmt"/>
      </file>
      <file name="HomeCard.tsx" path="D:/Frontend/Projects/React/RS School/experiment/react-api/src/components/Card/HomeCard.tsx">
        <metrics statements="2" coveredstatements="2" conditionals="2" coveredconditionals="1" methods="2" coveredmethods="2"/>
        <line num="6" count="5" type="stmt"/>
        <line num="10" count="2" type="stmt"/>
      </file>
    </package>
    <package name="src.components.Header">
      <metrics statements="5" coveredstatements="5" conditionals="6" coveredconditionals="6" methods="5" coveredmethods="5"/>
      <file name="Header.tsx" path="D:/Frontend/Projects/React/RS School/experiment/react-api/src/components/Header/Header.tsx">
        <metrics statements="1" coveredstatements="1" conditionals="0" coveredconditionals="0" methods="1" coveredmethods="1"/>
        <line num="7" count="4" type="stmt"/>
      </file>
      <file name="NavBar.tsx" path="D:/Frontend/Projects/React/RS School/experiment/react-api/src/components/Header/NavBar.tsx">
        <metrics statements="4" coveredstatements="4" conditionals="6" coveredconditionals="6" methods="4" coveredmethods="4"/>
        <line num="6" count="4" type="stmt"/>
        <line num="13" count="5" type="cond" truecount="2" falsecount="0"/>
        <line num="23" count="5" type="cond" truecount="2" falsecount="0"/>
        <line num="33" count="5" type="cond" truecount="2" falsecount="0"/>
      </file>
    </package>
    <package name="src.components.SearchBar">
      <metrics statements="12" coveredstatements="12" conditionals="4" coveredconditionals="3" methods="4" coveredmethods="4"/>
      <file name="SearchBar.tsx" path="D:/Frontend/Projects/React/RS School/experiment/react-api/src/components/SearchBar/SearchBar.tsx">
        <metrics statements="12" coveredstatements="12" conditionals="4" coveredconditionals="3" methods="4" coveredmethods="4"/>
        <line num="8" count="3" type="stmt"/>
        <line num="9" count="15" type="cond" truecount="2" falsecount="0"/>
        <line num="10" count="15" type="stmt"/>
        <line num="12" count="15" type="stmt"/>
        <line num="13" count="3" type="stmt"/>
        <line num="14" count="3" type="cond" truecount="1" falsecount="1"/>
        <line num="15" count="3" type="stmt"/>
        <line num="18" count="15" type="stmt"/>
        <line num="19" count="6" type="stmt"/>
        <line num="23" count="15" type="stmt"/>
        <line num="26" count="2" type="stmt"/>
        <line num="27" count="2" type="stmt"/>
      </file>
    </package>
    <package name="src.pages.About">
      <metrics statements="1" coveredstatements="1" conditionals="0" coveredconditionals="0" methods="1" coveredmethods="1"/>
      <file name="About.tsx" path="D:/Frontend/Projects/React/RS School/experiment/react-api/src/pages/About/About.tsx">
        <metrics statements="1" coveredstatements="1" conditionals="0" coveredconditionals="0" methods="1" coveredmethods="1"/>
        <line num="5" count="2" type="stmt"/>
      </file>
    </package>
    <package name="src.pages.AddBook">
      <metrics statements="6" coveredstatements="6" conditionals="0" coveredconditionals="0" methods="4" coveredmethods="4"/>
      <file name="AddBook.tsx" path="D:/Frontend/Projects/React/RS School/experiment/react-api/src/pages/AddBook/AddBook.tsx">
        <metrics statements="6" coveredstatements="6" conditionals="0" coveredconditionals="0" methods="4" coveredmethods="4"/>
        <line num="8" count="2" type="stmt"/>
        <line num="9" count="4" type="stmt"/>
        <line num="11" count="4" type="stmt"/>
        <line num="12" count="1" type="stmt"/>
        <line num="15" count="4" type="stmt"/>
        <line num="20" count="1" type="stmt"/>
      </file>
    </package>
    <package name="src.pages.Home">
      <metrics statements="37" coveredstatements="35" conditionals="30" coveredconditionals="28" methods="14" coveredmethods="13"/>
      <file name="Home.tsx" path="D:/Frontend/Projects/React/RS School/experiment/react-api/src/pages/Home/Home.tsx">
        <metrics statements="32" coveredstatements="30" conditionals="20" coveredconditionals="19" methods="10" coveredmethods="9"/>
        <line num="24" count="10" type="stmt"/>
        <line num="25" count="10" type="stmt"/>
        <line num="26" count="10" type="stmt"/>
        <line num="27" count="10" type="stmt"/>
        <line num="28" count="10" type="stmt"/>
        <line num="30" count="10" type="stmt"/>
        <line num="31" count="10" type="stmt"/>
        <line num="32" count="10" type="stmt"/>
        <line num="34" count="10" type="stmt"/>
        <line num="35" count="6" type="cond" truecount="2" falsecount="0"/>
        <line num="36" count="3" type="stmt"/>
        <line num="37" count="3" type="stmt"/>
        <line num="41" count="3" type="cond" truecount="2" falsecount="0"/>
        <line num="42" count="1" type="stmt"/>
        <line num="44" count="2" type="stmt"/>
        <line num="47" count="2" type="stmt"/>
        <line num="48" count="2" type="stmt"/>
        <line num="49" count="2" type="stmt"/>
        <line num="52" count="1" type="stmt"/>
        <line num="53" count="1" type="stmt"/>
        <line num="54" count="1" type="stmt"/>
        <line num="59" count="10" type="stmt"/>
        <line num="60" count="1" type="stmt"/>
        <line num="64" count="1" type="cond" truecount="1" falsecount="1"/>
        <line num="65" count="0" type="stmt"/>
        <line num="67" count="1" type="stmt"/>
        <line num="70" count="1" type="stmt"/>
        <line num="71" count="1" type="stmt"/>
        <line num="74" count="0" type="stmt"/>
        <line num="78" count="10" type="stmt"/>
        <line num="88" count="3" type="cond" truecount="2" falsecount="0"/>
        <line num="89" count="3" type="stmt"/>
      </file>
      <file name="Modal.tsx" path="D:/Frontend/Projects/React/RS School/experiment/react-api/src/pages/Home/Modal.tsx">
        <metrics statements="5" coveredstatements="5" conditionals="10" coveredconditionals="9" methods="4" coveredmethods="4"/>
        <line num="5" count="3" type="stmt"/>
        <line num="18" count="4" type="stmt"/>
        <line num="22" count="1" type="stmt"/>
        <line num="29" count="1" type="stmt"/>
        <line num="37" count="1" type="stmt"/>
      </file>
    </package>
    <package name="src.pages.NotFound">
      <metrics statements="1" coveredstatements="1" conditionals="0" coveredconditionals="0" methods="1" coveredmethods="1"/>
      <file name="NotFound.tsx" path="D:/Frontend/Projects/React/RS School/experiment/react-api/src/pages/NotFound/NotFound.tsx">
        <metrics statements="1" coveredstatements="1" conditionals="0" coveredconditionals="0" methods="1" coveredmethods="1"/>
        <line num="7" count="1" type="stmt"/>
      </file>
    </package>
  </project>
</coverage>
