{"D:/Frontend/Projects/React/RS School/experiment/module01/src/App.tsx": {"path":"D:/Frontend/Projects/React/RS School/experiment/module01/src/App.tsx","statementMap":{"0":{"start":{"line":9,"column":2},"end":{"line":17,"column":null}},"1":{"start":{"line":23,"column":2},"end":{"line":26,"column":null}}},"fnMap":{"0":{"name":"App","decl":{"start":{"line":8,"column":16},"end":{"line":8,"column":22}},"loc":{"start":{"line":8,"column":22},"end":{"line":19,"column":null}}},"1":{"name":"WrappedApp","decl":{"start":{"line":21,"column":16},"end":{"line":21,"column":29}},"loc":{"start":{"line":21,"column":29},"end":{"line":28,"column":null}}}},"branchMap":{},"s":{"0":3,"1":1},"f":{"0":3,"1":1},"b":{}}
,"D:/Frontend/Projects/React/RS School/experiment/module01/src/components/Header/Header.tsx": {"path":"D:/Frontend/Projects/React/RS School/experiment/module01/src/components/Header/Header.tsx","statementMap":{"0":{"start":{"line":8,"column":2},"end":{"line":19,"column":null}}},"fnMap":{"0":{"name":"Header","decl":{"start":{"line":7,"column":9},"end":{"line":7,"column":18}},"loc":{"start":{"line":7,"column":18},"end":{"line":21,"column":null}}}},"branchMap":{},"s":{"0":3},"f":{"0":3},"b":{}}
,"D:/Frontend/Projects/React/RS School/experiment/module01/src/components/Header/NavBar.tsx": {"path":"D:/Frontend/Projects/React/RS School/experiment/module01/src/components/Header/NavBar.tsx","statementMap":{"0":{"start":{"line":6,"column":2},"end":{"line":30,"column":null}},"1":{"start":{"line":13,"column":14},"end":{"line":13,"column":null}},"2":{"start":{"line":23,"column":14},"end":{"line":23,"column":null}}},"fnMap":{"0":{"name":"Navbar","decl":{"start":{"line":5,"column":9},"end":{"line":5,"column":18}},"loc":{"start":{"line":5,"column":18},"end":{"line":32,"column":null}}},"1":{"name":"(anonymous_1)","decl":{"start":{"line":12,"column":23},"end":{"line":12,"column":24}},"loc":{"start":{"line":12,"column":41},"end":{"line":14,"column":null}}},"2":{"name":"(anonymous_2)","decl":{"start":{"line":22,"column":23},"end":{"line":22,"column":24}},"loc":{"start":{"line":22,"column":41},"end":{"line":24,"column":null}}}},"branchMap":{"0":{"loc":{"start":{"line":13,"column":21},"end":{"line":13,"column":null}},"type":"cond-expr","locations":[{"start":{"line":13,"column":32},"end":{"line":13,"column":43}},{"start":{"line":13,"column":43},"end":{"line":13,"column":null}}]},"1":{"loc":{"start":{"line":23,"column":21},"end":{"line":23,"column":null}},"type":"cond-expr","locations":[{"start":{"line":23,"column":32},"end":{"line":23,"column":43}},{"start":{"line":23,"column":43},"end":{"line":23,"column":null}}]}},"s":{"0":3,"1":3,"2":3},"f":{"0":3,"1":3,"2":3},"b":{"0":[1,2],"1":[1,2]}}
,"D:/Frontend/Projects/React/RS School/experiment/module01/src/components/Header/SearchBar.tsx": {"path":"D:/Frontend/Projects/React/RS School/experiment/module01/src/components/Header/SearchBar.tsx","statementMap":{"0":{"start":{"line":12,"column":4},"end":{"line":12,"column":null}},"1":{"start":{"line":14,"column":4},"end":{"line":17,"column":null}},"2":{"start":{"line":21,"column":4},"end":{"line":23,"column":null}},"3":{"start":{"line":22,"column":6},"end":{"line":22,"column":null}},"4":{"start":{"line":24,"column":23},"end":{"line":24,"column":null}},"5":{"start":{"line":25,"column":4},"end":{"line":29,"column":null}},"6":{"start":{"line":26,"column":6},"end":{"line":28,"column":null}},"7":{"start":{"line":27,"column":8},"end":{"line":27,"column":null}},"8":{"start":{"line":33,"column":28},"end":{"line":33,"column":null}},"9":{"start":{"line":34,"column":24},"end":{"line":34,"column":null}},"10":{"start":{"line":36,"column":4},"end":{"line":52,"column":null}},"11":{"start":{"line":42,"column":12},"end":{"line":42,"column":null}},"12":{"start":{"line":42,"column":33},"end":{"line":42,"column":65}},"13":{"start":{"line":43,"column":12},"end":{"line":43,"column":null}}},"fnMap":{"0":{"name":"(anonymous_0)","decl":{"start":{"line":11,"column":2},"end":{"line":11,"column":14}},"loc":{"start":{"line":11,"column":26},"end":{"line":18,"column":null}}},"1":{"name":"(anonymous_1)","decl":{"start":{"line":20,"column":2},"end":{"line":20,"column":22}},"loc":{"start":{"line":20,"column":22},"end":{"line":30,"column":null}}},"2":{"name":"(anonymous_2)","decl":{"start":{"line":21,"column":18},"end":{"line":21,"column":19}},"loc":{"start":{"line":21,"column":33},"end":{"line":23,"column":5}}},"3":{"name":"(anonymous_3)","decl":{"start":{"line":26,"column":20},"end":{"line":26,"column":26}},"loc":{"start":{"line":26,"column":26},"end":{"line":28,"column":7}}},"4":{"name":"(anonymous_4)","decl":{"start":{"line":32,"column":2},"end":{"line":32,"column":11}},"loc":{"start":{"line":32,"column":11},"end":{"line":54,"column":null}}},"5":{"name":"(anonymous_5)","decl":{"start":{"line":41,"column":20},"end":{"line":41,"column":21}},"loc":{"start":{"line":41,"column":27},"end":{"line":44,"column":null}}},"6":{"name":"(anonymous_6)","decl":{"start":{"line":42,"column":26},"end":{"line":42,"column":33}},"loc":{"start":{"line":42,"column":33},"end":{"line":42,"column":65}}}},"branchMap":{"0":{"loc":{"start":{"line":11,"column":14},"end":{"line":11,"column":26}},"type":"default-arg","locations":[{"start":{"line":11,"column":22},"end":{"line":11,"column":26}}]},"1":{"loc":{"start":{"line":25,"column":4},"end":{"line":29,"column":null}},"type":"if","locations":[{"start":{"line":25,"column":4},"end":{"line":29,"column":null}},{"start":{"line":25,"column":4},"end":{"line":29,"column":null}}]}},"s":{"0":5,"1":5,"2":5,"3":5,"4":5,"5":5,"6":0,"7":0,"8":11,"9":11,"10":11,"11":1,"12":1,"13":1},"f":{"0":5,"1":5,"2":5,"3":0,"4":11,"5":1,"6":1},"b":{"0":[0],"1":[0,5]}}
,"D:/Frontend/Projects/React/RS School/experiment/module01/src/components/MainPage/Card.tsx": {"path":"D:/Frontend/Projects/React/RS School/experiment/module01/src/components/MainPage/Card.tsx","statementMap":{"0":{"start":{"line":14,"column":2},"end":{"line":34,"column":null}}},"fnMap":{"0":{"name":"Card","decl":{"start":{"line":13,"column":9},"end":{"line":13,"column":14}},"loc":{"start":{"line":13,"column":72},"end":{"line":36,"column":null}}}},"branchMap":{},"s":{"0":16},"f":{"0":16},"b":{}}
,"D:/Frontend/Projects/React/RS School/experiment/module01/src/components/MainPage/MainPage.tsx": {"path":"D:/Frontend/Projects/React/RS School/experiment/module01/src/components/MainPage/MainPage.tsx","statementMap":{"0":{"start":{"line":5,"column":18},"end":{"line":78,"column":null}},"1":{"start":{"line":81,"column":2},"end":{"line":98,"column":null}},"2":{"start":{"line":86,"column":12},"end":{"line":94,"column":null}}},"fnMap":{"0":{"name":"MainPage","decl":{"start":{"line":80,"column":9},"end":{"line":80,"column":20}},"loc":{"start":{"line":80,"column":20},"end":{"line":100,"column":null}}},"1":{"name":"(anonymous_1)","decl":{"start":{"line":85,"column":25},"end":{"line":85,"column":26}},"loc":{"start":{"line":86,"column":12},"end":{"line":94,"column":null}}}},"branchMap":{},"s":{"0":2,"1":2,"2":16},"f":{"0":2,"1":16},"b":{}}
,"D:/Frontend/Projects/React/RS School/experiment/module01/src/pages/About.tsx": {"path":"D:/Frontend/Projects/React/RS School/experiment/module01/src/pages/About.tsx","statementMap":{"0":{"start":{"line":5,"column":2},"end":{"line":18,"column":null}}},"fnMap":{"0":{"name":"About","decl":{"start":{"line":4,"column":9},"end":{"line":4,"column":17}},"loc":{"start":{"line":4,"column":17},"end":{"line":20,"column":null}}}},"branchMap":{},"s":{"0":2},"f":{"0":2},"b":{}}
,"D:/Frontend/Projects/React/RS School/experiment/module01/src/pages/Home.tsx": {"path":"D:/Frontend/Projects/React/RS School/experiment/module01/src/pages/Home.tsx","statementMap":{"0":{"start":{"line":5,"column":2},"end":{"line":5,"column":null}}},"fnMap":{"0":{"name":"Home","decl":{"start":{"line":4,"column":9},"end":{"line":4,"column":16}},"loc":{"start":{"line":4,"column":16},"end":{"line":6,"column":null}}}},"branchMap":{},"s":{"0":1},"f":{"0":1},"b":{}}
,"D:/Frontend/Projects/React/RS School/experiment/module01/src/pages/NotFound.tsx": {"path":"D:/Frontend/Projects/React/RS School/experiment/module01/src/pages/NotFound.tsx","statementMap":{"0":{"start":{"line":7,"column":2},"end":{"line":15,"column":null}}},"fnMap":{"0":{"name":"NotFound","decl":{"start":{"line":6,"column":9},"end":{"line":6,"column":20}},"loc":{"start":{"line":6,"column":20},"end":{"line":17,"column":null}}}},"branchMap":{},"s":{"0":1},"f":{"0":1},"b":{}}
}
