<?xml version="1.0" encoding="UTF-8"?>
<coverage generated="1681635847272" clover="3.2.0">
  <project timestamp="1681635847272" name="All files">
    <metrics statements="95" coveredstatements="92" conditionals="64" coveredconditionals="57" methods="48" coveredmethods="46" elements="207" coveredelements="195" complexity="0" loc="95" ncloc="95" packages="11" files="17" classes="17"/>
    <package name="src">
      <metrics statements="2" coveredstatements="1" conditionals="0" coveredconditionals="0" methods="2" coveredmethods="1"/>
      <file name="App.tsx" path="D:/Frontend/Projects/React/RS School/experiment/redux/src/App.tsx">
        <metrics statements="2" coveredstatements="1" conditionals="0" coveredconditionals="0" methods="2" coveredmethods="1"/>
        <line num="10" count="3" type="stmt"/>
        <line num="24" count="0" type="stmt"/>
      </file>
    </package>
    <package name="src.components.AddBookForm">
      <metrics statements="17" coveredstatements="17" conditionals="24" coveredconditionals="22" methods="7" coveredmethods="7"/>
      <file name="AddBookForm.tsx" path="D:/Frontend/Projects/React/RS School/experiment/redux/src/components/AddBookForm/AddBookForm.tsx">
        <metrics statements="17" coveredstatements="17" conditionals="24" coveredconditionals="22" methods="7" coveredmethods="7"/>
        <line num="19" count="3" type="stmt"/>
        <line num="26" count="11" type="stmt"/>
        <line num="28" count="11" type="stmt"/>
        <line num="30" count="11" type="stmt"/>
        <line num="31" count="2" type="stmt"/>
        <line num="32" count="2" type="stmt"/>
        <line num="35" count="11" type="stmt"/>
        <line num="36" count="11" type="cond" truecount="2" falsecount="0"/>
        <line num="37" count="2" type="stmt"/>
        <line num="41" count="11" type="stmt"/>
        <line num="42" count="11" type="stmt"/>
        <line num="44" count="11" type="stmt"/>
        <line num="53" count="3" type="stmt"/>
        <line num="65" count="3" type="stmt"/>
        <line num="97" count="44" type="stmt"/>
        <line num="143" count="2" type="stmt"/>
        <line num="144" count="2" type="cond" truecount="1" falsecount="1"/>
      </file>
    </package>
    <package name="src.components.Card">
      <metrics statements="6" coveredstatements="6" conditionals="6" coveredconditionals="3" methods="5" coveredmethods="5"/>
      <file name="CardDetail.tsx" path="D:/Frontend/Projects/React/RS School/experiment/redux/src/components/Card/CardDetail.tsx">
        <metrics statements="2" coveredstatements="2" conditionals="2" coveredconditionals="1" methods="1" coveredmethods="1"/>
        <line num="10" count="2" type="stmt"/>
        <line num="11" count="8" type="stmt"/>
      </file>
      <file name="FormCard.tsx" path="D:/Frontend/Projects/React/RS School/experiment/redux/src/components/Card/FormCard.tsx">
        <metrics statements="2" coveredstatements="2" conditionals="2" coveredconditionals="1" methods="2" coveredmethods="2"/>
        <line num="17" count="2" type="stmt"/>
        <line num="32" count="2" type="stmt"/>
      </file>
      <file name="HomeCard.tsx" path="D:/Frontend/Projects/React/RS School/experiment/redux/src/components/Card/HomeCard.tsx">
        <metrics statements="2" coveredstatements="2" conditionals="2" coveredconditionals="1" methods="2" coveredmethods="2"/>
        <line num="6" count="7" type="stmt"/>
        <line num="10" count="2" type="stmt"/>
      </file>
    </package>
    <package name="src.components.Header">
      <metrics statements="5" coveredstatements="5" conditionals="6" coveredconditionals="6" methods="5" coveredmethods="5"/>
      <file name="Header.tsx" path="D:/Frontend/Projects/React/RS School/experiment/redux/src/components/Header/Header.tsx">
        <metrics statements="1" coveredstatements="1" conditionals="0" coveredconditionals="0" methods="1" coveredmethods="1"/>
        <line num="7" count="3" type="stmt"/>
      </file>
      <file name="NavBar.tsx" path="D:/Frontend/Projects/React/RS School/experiment/redux/src/components/Header/NavBar.tsx">
        <metrics statements="4" coveredstatements="4" conditionals="6" coveredconditionals="6" methods="4" coveredmethods="4"/>
        <line num="6" count="3" type="stmt"/>
        <line num="13" count="4" type="cond" truecount="2" falsecount="0"/>
        <line num="23" count="4" type="cond" truecount="2" falsecount="0"/>
        <line num="33" count="4" type="cond" truecount="2" falsecount="0"/>
      </file>
    </package>
    <package name="src.components.SearchBar">
      <metrics statements="9" coveredstatements="9" conditionals="0" coveredconditionals="0" methods="4" coveredmethods="4"/>
      <file name="SearchBar.tsx" path="D:/Frontend/Projects/React/RS School/experiment/redux/src/components/SearchBar/SearchBar.tsx">
        <metrics statements="9" coveredstatements="9" conditionals="0" coveredconditionals="0" methods="4" coveredmethods="4"/>
        <line num="6" count="3" type="stmt"/>
        <line num="7" count="16" type="stmt"/>
        <line num="9" count="16" type="stmt"/>
        <line num="10" count="26" type="stmt"/>
        <line num="11" count="16" type="stmt"/>
        <line num="13" count="16" type="stmt"/>
        <line num="16" count="2" type="stmt"/>
        <line num="17" count="2" type="stmt"/>
        <line num="30" count="3" type="stmt"/>
      </file>
    </package>
    <package name="src.hooks">
      <metrics statements="2" coveredstatements="2" conditionals="0" coveredconditionals="0" methods="1" coveredmethods="1"/>
      <file name="hooks.ts" path="D:/Frontend/Projects/React/RS School/experiment/redux/src/hooks/hooks.ts">
        <metrics statements="2" coveredstatements="2" conditionals="0" coveredconditionals="0" methods="1" coveredmethods="1"/>
        <line num="4" count="40" type="stmt"/>
        <line num="5" count="5" type="stmt"/>
      </file>
    </package>
    <package name="src.pages.About">
      <metrics statements="1" coveredstatements="1" conditionals="0" coveredconditionals="0" methods="1" coveredmethods="1"/>
      <file name="About.tsx" path="D:/Frontend/Projects/React/RS School/experiment/redux/src/pages/About/About.tsx">
        <metrics statements="1" coveredstatements="1" conditionals="0" coveredconditionals="0" methods="1" coveredmethods="1"/>
        <line num="5" count="2" type="stmt"/>
      </file>
    </package>
    <package name="src.pages.AddBook">
      <metrics statements="4" coveredstatements="4" conditionals="0" coveredconditionals="0" methods="3" coveredmethods="3"/>
      <file name="AddBook.tsx" path="D:/Frontend/Projects/React/RS School/experiment/redux/src/pages/AddBook/AddBook.tsx">
        <metrics statements="4" coveredstatements="4" conditionals="0" coveredconditionals="0" methods="3" coveredmethods="3"/>
        <line num="8" count="2" type="stmt"/>
        <line num="9" count="5" type="stmt"/>
        <line num="11" count="4" type="stmt"/>
        <line num="16" count="2" type="stmt"/>
      </file>
    </package>
    <package name="src.pages.Home">
      <metrics statements="22" coveredstatements="21" conditionals="26" coveredconditionals="24" methods="12" coveredmethods="11"/>
      <file name="Home.tsx" path="D:/Frontend/Projects/React/RS School/experiment/redux/src/pages/Home/Home.tsx">
        <metrics statements="17" coveredstatements="16" conditionals="16" coveredconditionals="15" methods="8" coveredmethods="7"/>
        <line num="13" count="13" type="stmt"/>
        <line num="14" count="13" type="stmt"/>
        <line num="16" count="13" type="stmt"/>
        <line num="18" count="13" type="stmt"/>
        <line num="19" count="22" type="stmt"/>
        <line num="22" count="13" type="stmt"/>
        <line num="23" count="3" type="stmt"/>
        <line num="26" count="13" type="stmt"/>
        <line num="27" count="1" type="stmt"/>
        <line num="31" count="1" type="cond" truecount="1" falsecount="1"/>
        <line num="32" count="0" type="stmt"/>
        <line num="34" count="1" type="stmt"/>
        <line num="37" count="1" type="stmt"/>
        <line num="38" count="1" type="stmt"/>
        <line num="43" count="13" type="stmt"/>
        <line num="53" count="5" type="cond" truecount="2" falsecount="0"/>
        <line num="54" count="5" type="stmt"/>
      </file>
      <file name="Modal.tsx" path="D:/Frontend/Projects/React/RS School/experiment/redux/src/pages/Home/Modal.tsx">
        <metrics statements="5" coveredstatements="5" conditionals="10" coveredconditionals="9" methods="4" coveredmethods="4"/>
        <line num="5" count="3" type="stmt"/>
        <line num="18" count="4" type="stmt"/>
        <line num="22" count="1" type="stmt"/>
        <line num="29" count="1" type="stmt"/>
        <line num="37" count="1" type="stmt"/>
      </file>
    </package>
    <package name="src.pages.NotFound">
      <metrics statements="1" coveredstatements="1" conditionals="0" coveredconditionals="0" methods="1" coveredmethods="1"/>
      <file name="NotFound.tsx" path="D:/Frontend/Projects/React/RS School/experiment/redux/src/pages/NotFound/NotFound.tsx">
        <metrics statements="1" coveredstatements="1" conditionals="0" coveredconditionals="0" methods="1" coveredmethods="1"/>
        <line num="7" count="1" type="stmt"/>
      </file>
    </package>
    <package name="src.store">
      <metrics statements="26" coveredstatements="25" conditionals="2" coveredconditionals="2" methods="7" coveredmethods="7"/>
      <file name="booksSlice.ts" path="D:/Frontend/Projects/React/RS School/experiment/redux/src/store/booksSlice.ts">
        <metrics statements="21" coveredstatements="20" conditionals="2" coveredconditionals="2" methods="6" coveredmethods="6"/>
        <line num="24" count="5" type="stmt"/>
        <line num="27" count="5" type="stmt"/>
        <line num="28" count="5" type="stmt"/>
        <line num="30" count="5" type="stmt"/>
        <line num="33" count="4" type="cond" truecount="2" falsecount="0"/>
        <line num="34" count="1" type="stmt"/>
        <line num="35" count="0" type="stmt"/>
        <line num="37" count="3" type="stmt"/>
        <line num="38" count="3" type="stmt"/>
        <line num="39" count="3" type="stmt"/>
        <line num="41" count="1" type="stmt"/>
        <line num="46" count="5" type="stmt"/>
        <line num="56" count="3" type="stmt"/>
        <line num="60" count="5" type="stmt"/>
        <line num="62" count="5" type="stmt"/>
        <line num="63" count="5" type="stmt"/>
        <line num="66" count="3" type="stmt"/>
        <line num="67" count="3" type="stmt"/>
        <line num="70" count="1" type="stmt"/>
        <line num="71" count="1" type="stmt"/>
        <line num="81" count="5" type="stmt"/>
      </file>
      <file name="formBooksSlice.ts" path="D:/Frontend/Projects/React/RS School/experiment/redux/src/store/formBooksSlice.ts">
        <metrics statements="4" coveredstatements="4" conditionals="0" coveredconditionals="0" methods="1" coveredmethods="1"/>
        <line num="8" count="5" type="stmt"/>
        <line num="12" count="5" type="stmt"/>
        <line num="17" count="2" type="stmt"/>
        <line num="22" count="5" type="stmt"/>
      </file>
      <file name="index.ts" path="D:/Frontend/Projects/React/RS School/experiment/redux/src/store/index.ts">
        <metrics statements="1" coveredstatements="1" conditionals="0" coveredconditionals="0" methods="0" coveredmethods="0"/>
        <line num="5" count="5" type="stmt"/>
      </file>
    </package>
  </project>
</coverage>
