{"D:/Frontend/Projects/React/RS School/experiment/react-api/src/App.tsx": {"path":"D:/Frontend/Projects/React/RS School/experiment/react-api/src/App.tsx","statementMap":{"0":{"start":{"line":10,"column":2},"end":{"line":19,"column":null}},"1":{"start":{"line":24,"column":2},"end":{"line":27,"column":null}}},"fnMap":{"0":{"name":"App","decl":{"start":{"line":9,"column":16},"end":{"line":9,"column":22}},"loc":{"start":{"line":9,"column":22},"end":{"line":21,"column":null}}},"1":{"name":"WrappedApp","decl":{"start":{"line":23,"column":16},"end":{"line":23,"column":29}},"loc":{"start":{"line":23,"column":29},"end":{"line":29,"column":null}}}},"branchMap":{},"s":{"0":4,"1":1},"f":{"0":4,"1":1},"b":{}}
,"D:/Frontend/Projects/React/RS School/experiment/react-api/src/components/AddBookForm/AddBookForm.tsx": {"path":"D:/Frontend/Projects/React/RS School/experiment/react-api/src/components/AddBookForm/AddBookForm.tsx","statementMap":{"0":{"start":{"line":22,"column":37},"end":{"line":185,"column":null}},"1":{"start":{"line":29,"column":6},"end":{"line":29,"column":null}},"2":{"start":{"line":31,"column":26},"end":{"line":34,"column":null}},"3":{"start":{"line":32,"column":21},"end":{"line":32,"column":null}},"4":{"start":{"line":33,"column":4},"end":{"line":33,"column":null}},"5":{"start":{"line":36,"column":2},"end":{"line":40,"column":null}},"6":{"start":{"line":37,"column":4},"end":{"line":39,"column":null}},"7":{"start":{"line":38,"column":6},"end":{"line":38,"column":null}},"8":{"start":{"line":42,"column":16},"end":{"line":42,"column":null}},"9":{"start":{"line":43,"column":17},"end":{"line":43,"column":null}},"10":{"start":{"line":45,"column":2},"end":{"line":183,"column":null}},"11":{"start":{"line":54,"column":74},"end":{"line":54,"column":94}},"12":{"start":{"line":66,"column":58},"end":{"line":66,"column":78}},"13":{"start":{"line":98,"column":10},"end":{"line":106,"column":null}},"14":{"start":{"line":144,"column":37},"end":{"line":144,"column":null}},"15":{"start":{"line":145,"column":16},"end":{"line":145,"column":null}}},"fnMap":{"0":{"name":"(anonymous_0)","decl":{"start":{"line":22,"column":37},"end":{"line":22,"column":38}},"loc":{"start":{"line":22,"column":55},"end":{"line":185,"column":null}}},"1":{"name":"(anonymous_1)","decl":{"start":{"line":31,"column":26},"end":{"line":31,"column":27}},"loc":{"start":{"line":31,"column":46},"end":{"line":34,"column":null}}},"2":{"name":"(anonymous_2)","decl":{"start":{"line":36,"column":12},"end":{"line":36,"column":18}},"loc":{"start":{"line":36,"column":18},"end":{"line":40,"column":5}}},"3":{"name":"(anonymous_3)","decl":{"start":{"line":54,"column":63},"end":{"line":54,"column":64}},"loc":{"start":{"line":54,"column":74},"end":{"line":54,"column":94}}},"4":{"name":"(anonymous_4)","decl":{"start":{"line":66,"column":47},"end":{"line":66,"column":48}},"loc":{"start":{"line":66,"column":58},"end":{"line":66,"column":78}}},"5":{"name":"(anonymous_5)","decl":{"start":{"line":97,"column":20},"end":{"line":97,"column":21}},"loc":{"start":{"line":98,"column":10},"end":{"line":106,"column":null}}},"6":{"name":"(anonymous_6)","decl":{"start":{"line":143,"column":24},"end":{"line":143,"column":25}},"loc":{"start":{"line":143,"column":35},"end":{"line":146,"column":null}}}},"branchMap":{"0":{"loc":{"start":{"line":37,"column":4},"end":{"line":39,"column":null}},"type":"if","locations":[{"start":{"line":37,"column":4},"end":{"line":39,"column":null}},{"start":{"line":37,"column":4},"end":{"line":39,"column":null}}]},"1":{"loc":{"start":{"line":56,"column":13},"end":{"line":56,"column":null}},"type":"binary-expr","locations":[{"start":{"line":56,"column":13},"end":{"line":56,"column":29}},{"start":{"line":56,"column":29},"end":{"line":56,"column":null}}]},"2":{"loc":{"start":{"line":69,"column":13},"end":{"line":69,"column":null}},"type":"binary-expr","locations":[{"start":{"line":69,"column":13},"end":{"line":69,"column":30}},{"start":{"line":69,"column":30},"end":{"line":69,"column":null}}]},"3":{"loc":{"start":{"line":90,"column":13},"end":{"line":90,"column":null}},"type":"binary-expr","locations":[{"start":{"line":90,"column":13},"end":{"line":90,"column":32}},{"start":{"line":90,"column":32},"end":{"line":90,"column":null}}]},"4":{"loc":{"start":{"line":109,"column":11},"end":{"line":109,"column":null}},"type":"binary-expr","locations":[{"start":{"line":109,"column":11},"end":{"line":109,"column":28}},{"start":{"line":109,"column":28},"end":{"line":109,"column":null}}]},"5":{"loc":{"start":{"line":131,"column":11},"end":{"line":131,"column":null}},"type":"binary-expr","locations":[{"start":{"line":131,"column":11},"end":{"line":131,"column":27}},{"start":{"line":131,"column":27},"end":{"line":131,"column":null}}]},"6":{"loc":{"start":{"line":145,"column":23},"end":{"line":145,"column":null}},"type":"binary-expr","locations":[{"start":{"line":145,"column":23},"end":{"line":145,"column":58}},{"start":{"line":145,"column":58},"end":{"line":145,"column":null}}]},"7":{"loc":{"start":{"line":150,"column":13},"end":{"line":150,"column":null}},"type":"binary-expr","locations":[{"start":{"line":150,"column":13},"end":{"line":150,"column":33}},{"start":{"line":150,"column":33},"end":{"line":150,"column":null}}]},"8":{"loc":{"start":{"line":163,"column":13},"end":{"line":163,"column":null}},"type":"binary-expr","locations":[{"start":{"line":163,"column":13},"end":{"line":163,"column":33}},{"start":{"line":163,"column":33},"end":{"line":163,"column":73}},{"start":{"line":163,"column":73},"end":{"line":163,"column":null}}]},"9":{"loc":{"start":{"line":164,"column":13},"end":{"line":166,"column":null}},"type":"binary-expr","locations":[{"start":{"line":164,"column":13},"end":{"line":164,"column":null}},{"start":{"line":165,"column":14},"end":{"line":165,"column":null}},{"start":{"line":166,"column":14},"end":{"line":166,"column":null}}]},"10":{"loc":{"start":{"line":176,"column":13},"end":{"line":176,"column":null}},"type":"binary-expr","locations":[{"start":{"line":176,"column":13},"end":{"line":176,"column":29}},{"start":{"line":176,"column":29},"end":{"line":176,"column":null}}]}},"s":{"0":3,"1":11,"2":11,"3":2,"4":2,"5":11,"6":11,"7":2,"8":11,"9":11,"10":11,"11":3,"12":3,"13":44,"14":2,"15":2},"f":{"0":11,"1":2,"2":11,"3":3,"4":3,"5":44,"6":2},"b":{"0":[2,9],"1":[11,1],"2":[11,1],"3":[11,1],"4":[11,1],"5":[11,1],"6":[2,0],"7":[11,1],"8":[11,1,1],"9":[11,1,0],"10":[11,1]}}
,"D:/Frontend/Projects/React/RS School/experiment/react-api/src/components/Card/CardDetail.tsx": {"path":"D:/Frontend/Projects/React/RS School/experiment/react-api/src/components/Card/CardDetail.tsx","statementMap":{"0":{"start":{"line":10,"column":19},"end":{"line":16,"column":null}},"1":{"start":{"line":11,"column":2},"end":{"line":14,"column":null}}},"fnMap":{"0":{"name":"(anonymous_0)","decl":{"start":{"line":10,"column":19},"end":{"line":10,"column":20}},"loc":{"start":{"line":10,"column":55},"end":{"line":16,"column":null}}}},"branchMap":{"0":{"loc":{"start":{"line":13,"column":55},"end":{"line":13,"column":74}},"type":"binary-expr","locations":[{"start":{"line":13,"column":55},"end":{"line":13,"column":64}},{"start":{"line":13,"column":64},"end":{"line":13,"column":74}}]}},"s":{"0":2,"1":4},"f":{"0":4},"b":{"0":[4,0]}}
,"D:/Frontend/Projects/React/RS School/experiment/react-api/src/components/Card/FormCard.tsx": {"path":"D:/Frontend/Projects/React/RS School/experiment/react-api/src/components/Card/FormCard.tsx","statementMap":{"0":{"start":{"line":17,"column":2},"end":{"line":42,"column":null}},"1":{"start":{"line":32,"column":12},"end":{"line":34,"column":null}}},"fnMap":{"0":{"name":"FormCard","decl":{"start":{"line":7,"column":9},"end":{"line":7,"column":18}},"loc":{"start":{"line":16,"column":17},"end":{"line":44,"column":null}}},"1":{"name":"(anonymous_1)","decl":{"start":{"line":31,"column":23},"end":{"line":31,"column":24}},"loc":{"start":{"line":32,"column":12},"end":{"line":34,"column":null}}}},"branchMap":{"0":{"loc":{"start":{"line":40,"column":63},"end":{"line":40,"column":85}},"type":"cond-expr","locations":[{"start":{"line":40,"column":71},"end":{"line":40,"column":79}},{"start":{"line":40,"column":79},"end":{"line":40,"column":85}}]}},"s":{"0":1,"1":1},"f":{"0":1,"1":1},"b":{"0":[1,0]}}
,"D:/Frontend/Projects/React/RS School/experiment/react-api/src/components/Card/HomeCard.tsx": {"path":"D:/Frontend/Projects/React/RS School/experiment/react-api/src/components/Card/HomeCard.tsx","statementMap":{"0":{"start":{"line":6,"column":2},"end":{"line":28,"column":null}},"1":{"start":{"line":10,"column":8},"end":{"line":10,"column":null}}},"fnMap":{"0":{"name":"Card","decl":{"start":{"line":5,"column":9},"end":{"line":5,"column":14}},"loc":{"start":{"line":5,"column":67},"end":{"line":30,"column":null}}},"1":{"name":"(anonymous_1)","decl":{"start":{"line":9,"column":15},"end":{"line":9,"column":21}},"loc":{"start":{"line":9,"column":21},"end":{"line":11,"column":null}}}},"branchMap":{"0":{"loc":{"start":{"line":22,"column":46},"end":{"line":22,"column":68}},"type":"binary-expr","locations":[{"start":{"line":22,"column":46},"end":{"line":22,"column":56}},{"start":{"line":22,"column":56},"end":{"line":22,"column":68}}]}},"s":{"0":5,"1":2},"f":{"0":5,"1":2},"b":{"0":[5,0]}}
,"D:/Frontend/Projects/React/RS School/experiment/react-api/src/components/Header/Header.tsx": {"path":"D:/Frontend/Projects/React/RS School/experiment/react-api/src/components/Header/Header.tsx","statementMap":{"0":{"start":{"line":7,"column":2},"end":{"line":17,"column":null}}},"fnMap":{"0":{"name":"Header","decl":{"start":{"line":6,"column":9},"end":{"line":6,"column":18}},"loc":{"start":{"line":6,"column":18},"end":{"line":19,"column":null}}}},"branchMap":{},"s":{"0":4},"f":{"0":4},"b":{}}
,"D:/Frontend/Projects/React/RS School/experiment/react-api/src/components/Header/NavBar.tsx": {"path":"D:/Frontend/Projects/React/RS School/experiment/react-api/src/components/Header/NavBar.tsx","statementMap":{"0":{"start":{"line":6,"column":2},"end":{"line":40,"column":null}},"1":{"start":{"line":13,"column":14},"end":{"line":13,"column":null}},"2":{"start":{"line":23,"column":14},"end":{"line":23,"column":null}},"3":{"start":{"line":33,"column":14},"end":{"line":33,"column":null}}},"fnMap":{"0":{"name":"Navbar","decl":{"start":{"line":5,"column":9},"end":{"line":5,"column":18}},"loc":{"start":{"line":5,"column":18},"end":{"line":42,"column":null}}},"1":{"name":"(anonymous_1)","decl":{"start":{"line":12,"column":23},"end":{"line":12,"column":24}},"loc":{"start":{"line":12,"column":41},"end":{"line":14,"column":null}}},"2":{"name":"(anonymous_2)","decl":{"start":{"line":22,"column":23},"end":{"line":22,"column":24}},"loc":{"start":{"line":22,"column":41},"end":{"line":24,"column":null}}},"3":{"name":"(anonymous_3)","decl":{"start":{"line":32,"column":23},"end":{"line":32,"column":24}},"loc":{"start":{"line":32,"column":41},"end":{"line":34,"column":null}}}},"branchMap":{"0":{"loc":{"start":{"line":13,"column":21},"end":{"line":13,"column":null}},"type":"cond-expr","locations":[{"start":{"line":13,"column":32},"end":{"line":13,"column":43}},{"start":{"line":13,"column":43},"end":{"line":13,"column":null}}]},"1":{"loc":{"start":{"line":23,"column":21},"end":{"line":23,"column":null}},"type":"cond-expr","locations":[{"start":{"line":23,"column":32},"end":{"line":23,"column":43}},{"start":{"line":23,"column":43},"end":{"line":23,"column":null}}]},"2":{"loc":{"start":{"line":33,"column":21},"end":{"line":33,"column":null}},"type":"cond-expr","locations":[{"start":{"line":33,"column":32},"end":{"line":33,"column":43}},{"start":{"line":33,"column":43},"end":{"line":33,"column":null}}]}},"s":{"0":4,"1":5,"2":5,"3":5},"f":{"0":4,"1":5,"2":5,"3":5},"b":{"0":[2,3],"1":[1,4],"2":[1,4]}}
,"D:/Frontend/Projects/React/RS School/experiment/react-api/src/components/SearchBar/SearchBar.tsx": {"path":"D:/Frontend/Projects/React/RS School/experiment/react-api/src/components/SearchBar/SearchBar.tsx","statementMap":{"0":{"start":{"line":8,"column":18},"end":{"line":55,"column":null}},"1":{"start":{"line":9,"column":40},"end":{"line":9,"column":null}},"2":{"start":{"line":10,"column":19},"end":{"line":10,"column":null}},"3":{"start":{"line":12,"column":29},"end":{"line":16,"column":null}},"4":{"start":{"line":13,"column":18},"end":{"line":13,"column":null}},"5":{"start":{"line":14,"column":4},"end":{"line":14,"column":null}},"6":{"start":{"line":15,"column":4},"end":{"line":15,"column":null}},"7":{"start":{"line":18,"column":2},"end":{"line":21,"column":null}},"8":{"start":{"line":19,"column":4},"end":{"line":19,"column":null}},"9":{"start":{"line":23,"column":2},"end":{"line":53,"column":null}},"10":{"start":{"line":26,"column":8},"end":{"line":26,"column":null}},"11":{"start":{"line":27,"column":8},"end":{"line":27,"column":null}}},"fnMap":{"0":{"name":"(anonymous_0)","decl":{"start":{"line":8,"column":18},"end":{"line":8,"column":19}},"loc":{"start":{"line":8,"column":43},"end":{"line":55,"column":null}}},"1":{"name":"(anonymous_1)","decl":{"start":{"line":12,"column":29},"end":{"line":12,"column":30}},"loc":{"start":{"line":12,"column":77},"end":{"line":16,"column":null}}},"2":{"name":"(anonymous_2)","decl":{"start":{"line":18,"column":12},"end":{"line":18,"column":18}},"loc":{"start":{"line":18,"column":18},"end":{"line":21,"column":5}}},"3":{"name":"(anonymous_3)","decl":{"start":{"line":25,"column":16},"end":{"line":25,"column":17}},"loc":{"start":{"line":25,"column":23},"end":{"line":28,"column":null}}}},"branchMap":{"0":{"loc":{"start":{"line":9,"column":49},"end":{"line":9,"column":90}},"type":"binary-expr","locations":[{"start":{"line":9,"column":49},"end":{"line":9,"column":88}},{"start":{"line":9,"column":88},"end":{"line":9,"column":90}}]},"1":{"loc":{"start":{"line":14,"column":40},"end":{"line":14,"column":69}},"type":"binary-expr","locations":[{"start":{"line":14,"column":40},"end":{"line":14,"column":67}},{"start":{"line":14,"column":67},"end":{"line":14,"column":69}}]}},"s":{"0":3,"1":15,"2":15,"3":15,"4":3,"5":3,"6":3,"7":15,"8":6,"9":15,"10":2,"11":2},"f":{"0":15,"1":3,"2":6,"3":2},"b":{"0":[15,5],"1":[3,0]}}
,"D:/Frontend/Projects/React/RS School/experiment/react-api/src/pages/About/About.tsx": {"path":"D:/Frontend/Projects/React/RS School/experiment/react-api/src/pages/About/About.tsx","statementMap":{"0":{"start":{"line":5,"column":2},"end":{"line":18,"column":null}}},"fnMap":{"0":{"name":"About","decl":{"start":{"line":4,"column":9},"end":{"line":4,"column":17}},"loc":{"start":{"line":4,"column":17},"end":{"line":20,"column":null}}}},"branchMap":{},"s":{"0":2},"f":{"0":2},"b":{}}
,"D:/Frontend/Projects/React/RS School/experiment/react-api/src/pages/AddBook/AddBook.tsx": {"path":"D:/Frontend/Projects/React/RS School/experiment/react-api/src/pages/AddBook/AddBook.tsx","statementMap":{"0":{"start":{"line":8,"column":26},"end":{"line":37,"column":null}},"1":{"start":{"line":9,"column":28},"end":{"line":9,"column":null}},"2":{"start":{"line":11,"column":23},"end":{"line":13,"column":null}},"3":{"start":{"line":12,"column":4},"end":{"line":12,"column":null}},"4":{"start":{"line":12,"column":28},"end":{"line":12,"column":52}},"5":{"start":{"line":15,"column":2},"end":{"line":35,"column":null}},"6":{"start":{"line":20,"column":10},"end":{"line":31,"column":null}}},"fnMap":{"0":{"name":"(anonymous_0)","decl":{"start":{"line":8,"column":26},"end":{"line":8,"column":32}},"loc":{"start":{"line":8,"column":32},"end":{"line":37,"column":null}}},"1":{"name":"(anonymous_1)","decl":{"start":{"line":11,"column":23},"end":{"line":11,"column":24}},"loc":{"start":{"line":11,"column":51},"end":{"line":13,"column":null}}},"2":{"name":"(anonymous_2)","decl":{"start":{"line":12,"column":13},"end":{"line":12,"column":14}},"loc":{"start":{"line":12,"column":28},"end":{"line":12,"column":52}}},"3":{"name":"(anonymous_3)","decl":{"start":{"line":19,"column":19},"end":{"line":19,"column":20}},"loc":{"start":{"line":19,"column":29},"end":{"line":33,"column":9}}}},"branchMap":{},"s":{"0":2,"1":4,"2":4,"3":1,"4":1,"5":4,"6":1},"f":{"0":4,"1":1,"2":1,"3":1},"b":{}}
,"D:/Frontend/Projects/React/RS School/experiment/react-api/src/pages/Home/Home.tsx": {"path":"D:/Frontend/Projects/React/RS School/experiment/react-api/src/pages/Home/Home.tsx","statementMap":{"0":{"start":{"line":24,"column":28},"end":{"line":24,"column":null}},"1":{"start":{"line":25,"column":34},"end":{"line":25,"column":null}},"2":{"start":{"line":26,"column":36},"end":{"line":26,"column":null}},"3":{"start":{"line":27,"column":36},"end":{"line":27,"column":null}},"4":{"start":{"line":28,"column":28},"end":{"line":28,"column":null}},"5":{"start":{"line":30,"column":2},"end":{"line":30,"column":null}},"6":{"start":{"line":31,"column":2},"end":{"line":31,"column":null}},"7":{"start":{"line":32,"column":2},"end":{"line":32,"column":null}},"8":{"start":{"line":34,"column":19},"end":{"line":57,"column":null}},"9":{"start":{"line":35,"column":4},"end":{"line":56,"column":null}},"10":{"start":{"line":36,"column":6},"end":{"line":36,"column":null}},"11":{"start":{"line":37,"column":6},"end":{"line":55,"column":null}},"12":{"start":{"line":41,"column":10},"end":{"line":43,"column":null}},"13":{"start":{"line":42,"column":12},"end":{"line":42,"column":null}},"14":{"start":{"line":44,"column":10},"end":{"line":44,"column":null}},"15":{"start":{"line":47,"column":10},"end":{"line":47,"column":null}},"16":{"start":{"line":48,"column":10},"end":{"line":48,"column":null}},"17":{"start":{"line":49,"column":10},"end":{"line":49,"column":null}},"18":{"start":{"line":52,"column":10},"end":{"line":52,"column":null}},"19":{"start":{"line":53,"column":10},"end":{"line":53,"column":null}},"20":{"start":{"line":54,"column":10},"end":{"line":54,"column":null}},"21":{"start":{"line":59,"column":22},"end":{"line":76,"column":null}},"22":{"start":{"line":60,"column":4},"end":{"line":75,"column":null}},"23":{"start":{"line":64,"column":8},"end":{"line":66,"column":null}},"24":{"start":{"line":65,"column":10},"end":{"line":65,"column":null}},"25":{"start":{"line":67,"column":8},"end":{"line":67,"column":null}},"26":{"start":{"line":70,"column":8},"end":{"line":70,"column":null}},"27":{"start":{"line":71,"column":8},"end":{"line":71,"column":null}},"28":{"start":{"line":74,"column":8},"end":{"line":74,"column":null}},"29":{"start":{"line":78,"column":2},"end":{"line":112,"column":null}},"30":{"start":{"line":88,"column":34},"end":{"line":88,"column":null}},"31":{"start":{"line":89,"column":16},"end":{"line":97,"column":null}}},"fnMap":{"0":{"name":"Home","decl":{"start":{"line":23,"column":9},"end":{"line":23,"column":16}},"loc":{"start":{"line":23,"column":16},"end":{"line":114,"column":null}}},"1":{"name":"(anonymous_1)","decl":{"start":{"line":34,"column":19},"end":{"line":34,"column":26}},"loc":{"start":{"line":34,"column":50},"end":{"line":57,"column":null}}},"2":{"name":"(anonymous_2)","decl":{"start":{"line":40,"column":14},"end":{"line":40,"column":15}},"loc":{"start":{"line":40,"column":23},"end":{"line":45,"column":9}}},"3":{"name":"(anonymous_3)","decl":{"start":{"line":46,"column":14},"end":{"line":46,"column":15}},"loc":{"start":{"line":46,"column":24},"end":{"line":50,"column":9}}},"4":{"name":"(anonymous_4)","decl":{"start":{"line":51,"column":15},"end":{"line":51,"column":16}},"loc":{"start":{"line":51,"column":24},"end":{"line":55,"column":9}}},"5":{"name":"(anonymous_5)","decl":{"start":{"line":59,"column":22},"end":{"line":59,"column":29}},"loc":{"start":{"line":59,"column":67},"end":{"line":76,"column":null}}},"6":{"name":"(anonymous_6)","decl":{"start":{"line":63,"column":12},"end":{"line":63,"column":13}},"loc":{"start":{"line":63,"column":21},"end":{"line":68,"column":7}}},"7":{"name":"(anonymous_7)","decl":{"start":{"line":69,"column":12},"end":{"line":69,"column":13}},"loc":{"start":{"line":69,"column":22},"end":{"line":72,"column":7}}},"8":{"name":"(anonymous_8)","decl":{"start":{"line":73,"column":13},"end":{"line":73,"column":14}},"loc":{"start":{"line":73,"column":22},"end":{"line":75,"column":7}}},"9":{"name":"(anonymous_9)","decl":{"start":{"line":87,"column":25},"end":{"line":87,"column":26}},"loc":{"start":{"line":87,"column":49},"end":{"line":99,"column":15}}}},"branchMap":{"0":{"loc":{"start":{"line":35,"column":4},"end":{"line":56,"column":null}},"type":"if","locations":[{"start":{"line":35,"column":4},"end":{"line":56,"column":null}},{"start":{"line":35,"column":4},"end":{"line":56,"column":null}}]},"1":{"loc":{"start":{"line":41,"column":10},"end":{"line":43,"column":null}},"type":"if","locations":[{"start":{"line":41,"column":10},"end":{"line":43,"column":null}},{"start":{"line":41,"column":10},"end":{"line":43,"column":null}}]},"2":{"loc":{"start":{"line":64,"column":8},"end":{"line":66,"column":null}},"type":"if","locations":[{"start":{"line":64,"column":8},"end":{"line":66,"column":null}},{"start":{"line":64,"column":8},"end":{"line":66,"column":null}}]},"3":{"loc":{"start":{"line":83,"column":11},"end":{"line":83,"column":null}},"type":"binary-expr","locations":[{"start":{"line":83,"column":11},"end":{"line":83,"column":20}},{"start":{"line":83,"column":20},"end":{"line":83,"column":34}},{"start":{"line":83,"column":34},"end":{"line":83,"column":null}}]},"4":{"loc":{"start":{"line":84,"column":11},"end":{"line":84,"column":null}},"type":"binary-expr","locations":[{"start":{"line":84,"column":11},"end":{"line":84,"column":24}},{"start":{"line":84,"column":24},"end":{"line":84,"column":null}}]},"5":{"loc":{"start":{"line":85,"column":11},"end":{"line":100,"column":null}},"type":"binary-expr","locations":[{"start":{"line":85,"column":11},"end":{"line":85,"column":20}},{"start":{"line":85,"column":20},"end":{"line":85,"column":30}},{"start":{"line":85,"column":30},"end":{"line":85,"column":null}},{"start":{"line":86,"column":12},"end":{"line":100,"column":null}}]},"6":{"loc":{"start":{"line":88,"column":34},"end":{"line":88,"column":null}},"type":"binary-expr","locations":[{"start":{"line":88,"column":34},"end":{"line":88,"column":59}},{"start":{"line":88,"column":59},"end":{"line":88,"column":null}}]},"7":{"loc":{"start":{"line":103,"column":9},"end":{"line":109,"column":null}},"type":"binary-expr","locations":[{"start":{"line":103,"column":9},"end":{"line":103,"column":22}},{"start":{"line":103,"column":22},"end":{"line":103,"column":null}},{"start":{"line":104,"column":10},"end":{"line":109,"column":null}}]}},"s":{"0":10,"1":10,"2":10,"3":10,"4":10,"5":10,"6":10,"7":10,"8":10,"9":6,"10":3,"11":3,"12":3,"13":1,"14":2,"15":2,"16":2,"17":2,"18":1,"19":1,"20":1,"21":10,"22":1,"23":1,"24":0,"25":1,"26":1,"27":1,"28":0,"29":10,"30":3,"31":3},"f":{"0":10,"1":6,"2":3,"3":2,"4":1,"5":1,"6":1,"7":1,"8":0,"9":3},"b":{"0":[3,3],"1":[1,2],"2":[0,1],"3":[10,1,1],"4":[10,2],"5":[10,4,3,3],"6":[3,3],"7":[10,1,1]}}
,"D:/Frontend/Projects/React/RS School/experiment/react-api/src/pages/Home/Modal.tsx": {"path":"D:/Frontend/Projects/React/RS School/experiment/react-api/src/pages/Home/Modal.tsx","statementMap":{"0":{"start":{"line":5,"column":14},"end":{"line":68,"column":null}},"1":{"start":{"line":18,"column":2},"end":{"line":66,"column":null}},"2":{"start":{"line":22,"column":8},"end":{"line":22,"column":null}},"3":{"start":{"line":29,"column":10},"end":{"line":29,"column":null}},"4":{"start":{"line":37,"column":12},"end":{"line":37,"column":null}}},"fnMap":{"0":{"name":"(anonymous_0)","decl":{"start":{"line":5,"column":14},"end":{"line":5,"column":15}},"loc":{"start":{"line":17,"column":16},"end":{"line":68,"column":null}}},"1":{"name":"(anonymous_1)","decl":{"start":{"line":21,"column":15},"end":{"line":21,"column":21}},"loc":{"start":{"line":21,"column":21},"end":{"line":23,"column":null}}},"2":{"name":"(anonymous_2)","decl":{"start":{"line":28,"column":17},"end":{"line":28,"column":18}},"loc":{"start":{"line":28,"column":24},"end":{"line":30,"column":null}}},"3":{"name":"(anonymous_3)","decl":{"start":{"line":36,"column":19},"end":{"line":36,"column":25}},"loc":{"start":{"line":36,"column":25},"end":{"line":38,"column":null}}}},"branchMap":{"0":{"loc":{"start":{"line":49,"column":24},"end":{"line":49,"column":47}},"type":"binary-expr","locations":[{"start":{"line":49,"column":24},"end":{"line":49,"column":35}},{"start":{"line":49,"column":35},"end":{"line":49,"column":47}}]},"1":{"loc":{"start":{"line":51,"column":56},"end":{"line":51,"column":95}},"type":"binary-expr","locations":[{"start":{"line":51,"column":56},"end":{"line":51,"column":73}},{"start":{"line":51,"column":73},"end":{"line":51,"column":95}}]},"2":{"loc":{"start":{"line":52,"column":57},"end":{"line":52,"column":87}},"type":"binary-expr","locations":[{"start":{"line":52,"column":57},"end":{"line":52,"column":71}},{"start":{"line":52,"column":71},"end":{"line":52,"column":87}}]},"3":{"loc":{"start":{"line":54,"column":30},"end":{"line":54,"column":59}},"type":"binary-expr","locations":[{"start":{"line":54,"column":30},"end":{"line":54,"column":43}},{"start":{"line":54,"column":43},"end":{"line":54,"column":59}}]},"4":{"loc":{"start":{"line":63,"column":14},"end":{"line":63,"column":46}},"type":"binary-expr","locations":[{"start":{"line":63,"column":14},"end":{"line":63,"column":29}},{"start":{"line":63,"column":29},"end":{"line":63,"column":46}}]}},"s":{"0":3,"1":4,"2":1,"3":1,"4":1},"f":{"0":4,"1":1,"2":1,"3":1},"b":{"0":[4,0],"1":[4,1],"2":[4,1],"3":[4,1],"4":[4,1]}}
,"D:/Frontend/Projects/React/RS School/experiment/react-api/src/pages/NotFound/NotFound.tsx": {"path":"D:/Frontend/Projects/React/RS School/experiment/react-api/src/pages/NotFound/NotFound.tsx","statementMap":{"0":{"start":{"line":7,"column":2},"end":{"line":15,"column":null}}},"fnMap":{"0":{"name":"NotFound","decl":{"start":{"line":6,"column":9},"end":{"line":6,"column":20}},"loc":{"start":{"line":6,"column":20},"end":{"line":17,"column":null}}}},"branchMap":{},"s":{"0":1},"f":{"0":1},"b":{}}
}
