{
  "D:/Frontend/Projects/React/RS School/experiment/ssr/src/pages/About/About.tsx": {
    "path": "D:/Frontend/Projects/React/RS School/experiment/ssr/src/pages/About/About.tsx",
    "statementMap": {
      "0": {
        "start": {
          "line": 5,
          "column": 0
        },
        "end": {
          "line": 15,
          "column": 1
        }
      },
      "1": {
        "start": {
          "line": 6,
          "column": 2
        },
        "end": {
          "line": 8,
          "column": 3
        }
      },
      "2": {
        "start": {
          "line": 7,
          "column": 4
        },
        "end": {
          "line": 7,
          "column": 165
        }
      },
      "3": {
        "start": {
          "line": 9,
          "column": 2
        },
        "end": {
          "line": 9,
          "column": 39
        }
      },
      "4": {
        "start": {
          "line": 10,
          "column": 2
        },
        "end": {
          "line": 10,
          "column": 39
        }
      },
      "5": {
        "start": {
          "line": 11,
          "column": 2
        },
        "end": {
          "line": 13,
          "column": 4
        }
      },
      "6": {
        "start": {
          "line": 12,
          "column": 4
        },
        "end": {
          "line": 12,
          "column": 121
        }
      },
      "7": {
        "start": {
          "line": 14,
          "column": 2
        },
        "end": {
          "line": 14,
          "column": 75
        }
      },
      "8": {
        "start": {
          "line": 18,
          "column": 2
        },
        "end": {
          "line": 37,
          "column": 11
        }
      },
      "9": {
        "start": {
          "line": 39,
          "column": 0
        },
        "end": {
          "line": 39,
          "column": 11
        }
      },
      "10": {
        "start": {
          "line": 42,
          "column": 0
        },
        "end": {
          "line": 42,
          "column": 26
        }
      },
      "11": {
        "start": {
          "line": 43,
          "column": 0
        },
        "end": {
          "line": 59,
          "column": 1
        }
      },
      "12": {
        "start": {
          "line": 44,
          "column": 2
        },
        "end": {
          "line": 44,
          "column": 39
        }
      },
      "13": {
        "start": {
          "line": 45,
          "column": 2
        },
        "end": {
          "line": 45,
          "column": 39
        }
      },
      "14": {
        "start": {
          "line": 46,
          "column": 2
        },
        "end": {
          "line": 58,
          "column": 5
        }
      },
      "15": {
        "start": {
          "line": 50,
          "column": 4
        },
        "end": {
          "line": 50,
          "column": 147
        }
      },
      "16": {
        "start": {
          "line": 51,
          "column": 4
        },
        "end": {
          "line": 57,
          "column": 7
        }
      },
      "17": {
        "start": {
          "line": 52,
          "column": 6
        },
        "end": {
          "line": 53,
          "column": 15
        }
      },
      "18": {
        "start": {
          "line": 53,
          "column": 8
        },
        "end": {
          "line": 53,
          "column": 15
        }
      },
      "19": {
        "start": {
          "line": 54,
          "column": 32
        },
        "end": {
          "line": 54,
          "column": 115
        }
      },
      "20": {
        "start": {
          "line": 55,
          "column": 6
        },
        "end": {
          "line": 56,
          "column": 54
        }
      },
      "21": {
        "start": {
          "line": 56,
          "column": 8
        },
        "end": {
          "line": 56,
          "column": 54
        }
      }
    },
    "fnMap": {
      "0": {
        "name": "(anonymous_0)",
        "decl": {
          "start": {
            "line": 11,
            "column": 24
          },
          "end": {
            "line": 11,
            "column": 25
          }
        },
        "loc": {
          "start": {
            "line": 11,
            "column": 38
          },
          "end": {
            "line": 13,
            "column": 3
          }
        },
        "line": 11
      },
      "1": {
        "name": "About",
        "decl": {
          "start": {
            "line": 17,
            "column": 9
          },
          "end": {
            "line": 17,
            "column": 14
          }
        },
        "loc": {
          "start": {
            "line": 17,
            "column": 17
          },
          "end": {
            "line": 38,
            "column": 1
          }
        },
        "line": 17
      },
      "2": {
        "name": "(anonymous_2)",
        "decl": {
          "start": {
            "line": 49,
            "column": 9
          },
          "end": {
            "line": 49,
            "column": 10
          }
        },
        "loc": {
          "start": {
            "line": 49,
            "column": 29
          },
          "end": {
            "line": 58,
            "column": 3
          }
        },
        "line": 49
      },
      "3": {
        "name": "(anonymous_3)",
        "decl": {
          "start": {
            "line": 51,
            "column": 27
          },
          "end": {
            "line": 51,
            "column": 28
          }
        },
        "loc": {
          "start": {
            "line": 51,
            "column": 44
          },
          "end": {
            "line": 57,
            "column": 5
          }
        },
        "line": 51
      }
    },
    "branchMap": {
      "0": {
        "loc": {
          "start": {
            "line": 5,
            "column": 0
          },
          "end": {
            "line": 15,
            "column": 1
          }
        },
        "type": "if",
        "locations": [
          {
            "start": {
              "line": 5,
              "column": 0
            },
            "end": {
              "line": 15,
              "column": 1
            }
          },
          {
            "start": {},
            "end": {}
          }
        ],
        "line": 5
      },
      "1": {
        "loc": {
          "start": {
            "line": 6,
            "column": 2
          },
          "end": {
            "line": 8,
            "column": 3
          }
        },
        "type": "if",
        "locations": [
          {
            "start": {
              "line": 6,
              "column": 2
            },
            "end": {
              "line": 8,
              "column": 3
            }
          },
          {
            "start": {},
            "end": {}
          }
        ],
        "line": 6
      },
      "2": {
        "loc": {
          "start": {
            "line": 43,
            "column": 0
          },
          "end": {
            "line": 59,
            "column": 1
          }
        },
        "type": "if",
        "locations": [
          {
            "start": {
              "line": 43,
              "column": 0
            },
            "end": {
              "line": 59,
              "column": 1
            }
          },
          {
            "start": {},
            "end": {}
          }
        ],
        "line": 43
      },
      "3": {
        "loc": {
          "start": {
            "line": 52,
            "column": 6
          },
          "end": {
            "line": 53,
            "column": 15
          }
        },
        "type": "if",
        "locations": [
          {
            "start": {
              "line": 52,
              "column": 6
            },
            "end": {
              "line": 53,
              "column": 15
            }
          },
          {
            "start": {},
            "end": {}
          }
        ],
        "line": 52
      },
      "4": {
        "loc": {
          "start": {
            "line": 55,
            "column": 6
          },
          "end": {
            "line": 56,
            "column": 54
          }
        },
        "type": "if",
        "locations": [
          {
            "start": {
              "line": 55,
              "column": 6
            },
            "end": {
              "line": 56,
              "column": 54
            }
          },
          {
            "start": {},
            "end": {}
          }
        ],
        "line": 55
      }
    },
    "s": {
      "0": 26,
      "1": 26,
      "2": 0,
      "3": 26,
      "4": 26,
      "5": 26,
      "6": 26,
      "7": 26,
      "8": 4,
      "9": 26,
      "10": 26,
      "11": 26,
      "12": 26,
      "13": 26,
      "14": 26,
      "15": 22,
      "16": 22,
      "17": 0,
      "18": 0,
      "19": 0,
      "20": 0,
      "21": 0
    },
    "f": {
      "0": 26,
      "1": 4,
      "2": 22,
      "3": 0
    },
    "b": {
      "0": [26, 0],
      "1": [0, 26],
      "2": [26, 0],
      "3": [0, 0],
      "4": [0, 0]
    },
    "inputSourceMap": {
      "version": 3,
      "mappings": "AAOQ;AAPR,OAAOA,oBAAkB;AAAA;AAAA;AAAA;AAAA;AAAA;AAAA;AAAA;AAAA;AAAA;AAAA;AAAA;AAAA;AAAA;AACzB,OAAOC,YAAY;AAEnB,SAASC,QAAQ;AACf,SACE,uBAAC,SAAI,WAAWD,OAAOE,OACrB,iCAAC,SAAI,WAAU,aACb;AAAA,2BAAC,QAAG,6BAAJ;AAAA;AAAA;AAAA;AAAA,WAAiB;AAAA,IACjB,uBAAC,OAAE,eAAY,SAAQ,0dAAvB;AAAA;AAAA;AAAA;AAAA,WAOA;AAAA,OATF;AAAA;AAAA;AAAA;AAAA,SAUA,KAXF;AAAA;AAAA;AAAA;AAAA,SAYA;AAEJ;AAACC,KAhBQF;AAkBT,eAAeA;AAAM;AAAAG",
      "names": ["React", "styles", "About", "about", "_c", "$RefreshReg$"],
      "sources": ["D:/Frontend/Projects/React/RS School/experiment/ssr/src/pages/About/About.tsx"],
      "file": "D:/Frontend/Projects/React/RS School/experiment/ssr/src/pages/About/About.tsx"
    },
    "_coverageSchema": "1a1c01bbd47fc00a2c39e90264f33305004495a9",
    "hash": "2f75b8a23a41f371731d9095d3217776017a75a7"
  },
  "D:/Frontend/Projects/React/RS School/experiment/ssr/src/components/Header/NavBar.tsx": {
    "path": "D:/Frontend/Projects/React/RS School/experiment/ssr/src/components/Header/NavBar.tsx",
    "statementMap": {
      "0": {
        "start": {
          "line": 5,
          "column": 0
        },
        "end": {
          "line": 15,
          "column": 1
        }
      },
      "1": {
        "start": {
          "line": 6,
          "column": 2
        },
        "end": {
          "line": 8,
          "column": 3
        }
      },
      "2": {
        "start": {
          "line": 7,
          "column": 4
        },
        "end": {
          "line": 7,
          "column": 165
        }
      },
      "3": {
        "start": {
          "line": 9,
          "column": 2
        },
        "end": {
          "line": 9,
          "column": 39
        }
      },
      "4": {
        "start": {
          "line": 10,
          "column": 2
        },
        "end": {
          "line": 10,
          "column": 39
        }
      },
      "5": {
        "start": {
          "line": 11,
          "column": 2
        },
        "end": {
          "line": 13,
          "column": 4
        }
      },
      "6": {
        "start": {
          "line": 12,
          "column": 4
        },
        "end": {
          "line": 12,
          "column": 128
        }
      },
      "7": {
        "start": {
          "line": 14,
          "column": 2
        },
        "end": {
          "line": 14,
          "column": 75
        }
      },
      "8": {
        "start": {
          "line": 19,
          "column": 2
        },
        "end": {
          "line": 67,
          "column": 11
        }
      },
      "9": {
        "start": {
          "line": 23,
          "column": 6
        },
        "end": {
          "line": 23,
          "column": 38
        }
      },
      "10": {
        "start": {
          "line": 36,
          "column": 6
        },
        "end": {
          "line": 36,
          "column": 38
        }
      },
      "11": {
        "start": {
          "line": 49,
          "column": 6
        },
        "end": {
          "line": 49,
          "column": 38
        }
      },
      "12": {
        "start": {
          "line": 69,
          "column": 0
        },
        "end": {
          "line": 69,
          "column": 12
        }
      },
      "13": {
        "start": {
          "line": 72,
          "column": 0
        },
        "end": {
          "line": 72,
          "column": 27
        }
      },
      "14": {
        "start": {
          "line": 73,
          "column": 0
        },
        "end": {
          "line": 89,
          "column": 1
        }
      },
      "15": {
        "start": {
          "line": 74,
          "column": 2
        },
        "end": {
          "line": 74,
          "column": 39
        }
      },
      "16": {
        "start": {
          "line": 75,
          "column": 2
        },
        "end": {
          "line": 75,
          "column": 39
        }
      },
      "17": {
        "start": {
          "line": 76,
          "column": 2
        },
        "end": {
          "line": 88,
          "column": 5
        }
      },
      "18": {
        "start": {
          "line": 80,
          "column": 4
        },
        "end": {
          "line": 80,
          "column": 154
        }
      },
      "19": {
        "start": {
          "line": 81,
          "column": 4
        },
        "end": {
          "line": 87,
          "column": 7
        }
      },
      "20": {
        "start": {
          "line": 82,
          "column": 6
        },
        "end": {
          "line": 83,
          "column": 15
        }
      },
      "21": {
        "start": {
          "line": 83,
          "column": 8
        },
        "end": {
          "line": 83,
          "column": 15
        }
      },
      "22": {
        "start": {
          "line": 84,
          "column": 32
        },
        "end": {
          "line": 84,
          "column": 115
        }
      },
      "23": {
        "start": {
          "line": 85,
          "column": 6
        },
        "end": {
          "line": 86,
          "column": 54
        }
      },
      "24": {
        "start": {
          "line": 86,
          "column": 8
        },
        "end": {
          "line": 86,
          "column": 54
        }
      }
    },
    "fnMap": {
      "0": {
        "name": "(anonymous_0)",
        "decl": {
          "start": {
            "line": 11,
            "column": 24
          },
          "end": {
            "line": 11,
            "column": 25
          }
        },
        "loc": {
          "start": {
            "line": 11,
            "column": 38
          },
          "end": {
            "line": 13,
            "column": 3
          }
        },
        "line": 11
      },
      "1": {
        "name": "Navbar",
        "decl": {
          "start": {
            "line": 18,
            "column": 9
          },
          "end": {
            "line": 18,
            "column": 15
          }
        },
        "loc": {
          "start": {
            "line": 18,
            "column": 18
          },
          "end": {
            "line": 68,
            "column": 1
          }
        },
        "line": 18
      },
      "2": {
        "name": "(anonymous_2)",
        "decl": {
          "start": {
            "line": 20,
            "column": 130
          },
          "end": {
            "line": 20,
            "column": 131
          }
        },
        "loc": {
          "start": {
            "line": 22,
            "column": 10
          },
          "end": {
            "line": 24,
            "column": 5
          }
        },
        "line": 22
      },
      "3": {
        "name": "(anonymous_3)",
        "decl": {
          "start": {
            "line": 33,
            "column": 107
          },
          "end": {
            "line": 33,
            "column": 108
          }
        },
        "loc": {
          "start": {
            "line": 35,
            "column": 10
          },
          "end": {
            "line": 37,
            "column": 5
          }
        },
        "line": 35
      },
      "4": {
        "name": "(anonymous_4)",
        "decl": {
          "start": {
            "line": 46,
            "column": 104
          },
          "end": {
            "line": 46,
            "column": 105
          }
        },
        "loc": {
          "start": {
            "line": 48,
            "column": 10
          },
          "end": {
            "line": 50,
            "column": 5
          }
        },
        "line": 48
      },
      "5": {
        "name": "(anonymous_5)",
        "decl": {
          "start": {
            "line": 79,
            "column": 9
          },
          "end": {
            "line": 79,
            "column": 10
          }
        },
        "loc": {
          "start": {
            "line": 79,
            "column": 29
          },
          "end": {
            "line": 88,
            "column": 3
          }
        },
        "line": 79
      },
      "6": {
        "name": "(anonymous_6)",
        "decl": {
          "start": {
            "line": 81,
            "column": 27
          },
          "end": {
            "line": 81,
            "column": 28
          }
        },
        "loc": {
          "start": {
            "line": 81,
            "column": 44
          },
          "end": {
            "line": 87,
            "column": 5
          }
        },
        "line": 81
      }
    },
    "branchMap": {
      "0": {
        "loc": {
          "start": {
            "line": 5,
            "column": 0
          },
          "end": {
            "line": 15,
            "column": 1
          }
        },
        "type": "if",
        "locations": [
          {
            "start": {
              "line": 5,
              "column": 0
            },
            "end": {
              "line": 15,
              "column": 1
            }
          },
          {
            "start": {},
            "end": {}
          }
        ],
        "line": 5
      },
      "1": {
        "loc": {
          "start": {
            "line": 6,
            "column": 2
          },
          "end": {
            "line": 8,
            "column": 3
          }
        },
        "type": "if",
        "locations": [
          {
            "start": {
              "line": 6,
              "column": 2
            },
            "end": {
              "line": 8,
              "column": 3
            }
          },
          {
            "start": {},
            "end": {}
          }
        ],
        "line": 6
      },
      "2": {
        "loc": {
          "start": {
            "line": 23,
            "column": 13
          },
          "end": {
            "line": 23,
            "column": 37
          }
        },
        "type": "cond-expr",
        "locations": [
          {
            "start": {
              "line": 23,
              "column": 24
            },
            "end": {
              "line": 23,
              "column": 32
            }
          },
          {
            "start": {
              "line": 23,
              "column": 35
            },
            "end": {
              "line": 23,
              "column": 37
            }
          }
        ],
        "line": 23
      },
      "3": {
        "loc": {
          "start": {
            "line": 36,
            "column": 13
          },
          "end": {
            "line": 36,
            "column": 37
          }
        },
        "type": "cond-expr",
        "locations": [
          {
            "start": {
              "line": 36,
              "column": 24
            },
            "end": {
              "line": 36,
              "column": 32
            }
          },
          {
            "start": {
              "line": 36,
              "column": 35
            },
            "end": {
              "line": 36,
              "column": 37
            }
          }
        ],
        "line": 36
      },
      "4": {
        "loc": {
          "start": {
            "line": 49,
            "column": 13
          },
          "end": {
            "line": 49,
            "column": 37
          }
        },
        "type": "cond-expr",
        "locations": [
          {
            "start": {
              "line": 49,
              "column": 24
            },
            "end": {
              "line": 49,
              "column": 32
            }
          },
          {
            "start": {
              "line": 49,
              "column": 35
            },
            "end": {
              "line": 49,
              "column": 37
            }
          }
        ],
        "line": 49
      },
      "5": {
        "loc": {
          "start": {
            "line": 73,
            "column": 0
          },
          "end": {
            "line": 89,
            "column": 1
          }
        },
        "type": "if",
        "locations": [
          {
            "start": {
              "line": 73,
              "column": 0
            },
            "end": {
              "line": 89,
              "column": 1
            }
          },
          {
            "start": {},
            "end": {}
          }
        ],
        "line": 73
      },
      "6": {
        "loc": {
          "start": {
            "line": 82,
            "column": 6
          },
          "end": {
            "line": 83,
            "column": 15
          }
        },
        "type": "if",
        "locations": [
          {
            "start": {
              "line": 82,
              "column": 6
            },
            "end": {
              "line": 83,
              "column": 15
            }
          },
          {
            "start": {},
            "end": {}
          }
        ],
        "line": 82
      },
      "7": {
        "loc": {
          "start": {
            "line": 85,
            "column": 6
          },
          "end": {
            "line": 86,
            "column": 54
          }
        },
        "type": "if",
        "locations": [
          {
            "start": {
              "line": 85,
              "column": 6
            },
            "end": {
              "line": 86,
              "column": 54
            }
          },
          {
            "start": {},
            "end": {}
          }
        ],
        "line": 85
      }
    },
    "s": {
      "0": 26,
      "1": 26,
      "2": 0,
      "3": 26,
      "4": 26,
      "5": 26,
      "6": 26,
      "7": 26,
      "8": 26,
      "9": 30,
      "10": 30,
      "11": 30,
      "12": 26,
      "13": 26,
      "14": 26,
      "15": 26,
      "16": 26,
      "17": 26,
      "18": 22,
      "19": 22,
      "20": 0,
      "21": 0,
      "22": 0,
      "23": 0,
      "24": 0
    },
    "f": {
      "0": 26,
      "1": 26,
      "2": 30,
      "3": 30,
      "4": 30,
      "5": 22,
      "6": 0
    },
    "b": {
      "0": [26, 0],
      "1": [0, 26],
      "2": [16, 14],
      "3": [6, 24],
      "4": [4, 26],
      "5": [26, 0],
      "6": [0, 0],
      "7": [0, 0]
    },
    "inputSourceMap": {
      "version": 3,
      "mappings": "AASU;AATV,OAAOA,oBAAkB;AAAA;AAAA;AAAA;AAAA;AAAA;AAAA;AAAA;AAAA;AAAA;AAAA;AAAA;AAAA;AAAA;AACzB,SAASC,eAAe;AACxB,OAAOC,YAAY;AAEnB,SAASC,SAAS;AAChB,SACE,uBAAC,SAAI,WAAWD,OAAOE,KACrB,iCAAC,QAAG,WAAWF,OAAO,UAAU,GAC9B;AAAA,2BAAC,QAAG,WAAWA,OAAO,UAAU,GAC9B,iCAAC,WACC,IAAG,KACH,WAAW,CAAC;AAAA,MAAEG;AAAAA,IAAS,MAAM;AAC3B,aAAOA,WAAW,WAAW;AAAA,IAC/B,GACD,oBALD;AAAA;AAAA;AAAA;AAAA,WAOA,KARF;AAAA;AAAA;AAAA;AAAA,WASA;AAAA,IACA,uBAAC,QACC,iCAAC,WACC,IAAG,aACH,WAAW,CAAC;AAAA,MAAEA;AAAAA,IAAS,MAAM;AAC3B,aAAOA,WAAW,WAAW;AAAA,IAC/B,GACD,wBALD;AAAA;AAAA;AAAA;AAAA,WAOA,KARF;AAAA;AAAA;AAAA;AAAA,WASA;AAAA,IACA,uBAAC,QACC,iCAAC,WACC,IAAG,UACH,WAAW,CAAC;AAAA,MAAEA;AAAAA,IAAS,MAAM;AAC3B,aAAOA,WAAW,WAAW;AAAA,IAC/B,GACD,wBALD;AAAA;AAAA;AAAA;AAAA,WAOA,KARF;AAAA;AAAA;AAAA;AAAA,WASA;AAAA,OA9BF;AAAA;AAAA;AAAA;AAAA,SA+BA,KAhCF;AAAA;AAAA;AAAA;AAAA,SAiCA;AAEJ;AAACC,KArCQH;AAuCT,eAAeA;AAAO;AAAAI",
      "names": ["React", "NavLink", "styles", "Navbar", "nav", "isActive", "_c", "$RefreshReg$"],
      "sources": [
        "D:/Frontend/Projects/React/RS School/experiment/ssr/src/components/Header/NavBar.tsx"
      ],
      "file": "D:/Frontend/Projects/React/RS School/experiment/ssr/src/components/Header/NavBar.tsx"
    },
    "_coverageSchema": "1a1c01bbd47fc00a2c39e90264f33305004495a9",
    "hash": "c7a1f1a47942ec543de9f79be6b21d76066e55a7"
  },
  "D:/Frontend/Projects/React/RS School/experiment/ssr/src/components/Header/Header.tsx": {
    "path": "D:/Frontend/Projects/React/RS School/experiment/ssr/src/components/Header/Header.tsx",
    "statementMap": {
      "0": {
        "start": {
          "line": 5,
          "column": 0
        },
        "end": {
          "line": 15,
          "column": 1
        }
      },
      "1": {
        "start": {
          "line": 6,
          "column": 2
        },
        "end": {
          "line": 8,
          "column": 3
        }
      },
      "2": {
        "start": {
          "line": 7,
          "column": 4
        },
        "end": {
          "line": 7,
          "column": 165
        }
      },
      "3": {
        "start": {
          "line": 9,
          "column": 2
        },
        "end": {
          "line": 9,
          "column": 39
        }
      },
      "4": {
        "start": {
          "line": 10,
          "column": 2
        },
        "end": {
          "line": 10,
          "column": 39
        }
      },
      "5": {
        "start": {
          "line": 11,
          "column": 2
        },
        "end": {
          "line": 13,
          "column": 4
        }
      },
      "6": {
        "start": {
          "line": 12,
          "column": 4
        },
        "end": {
          "line": 12,
          "column": 128
        }
      },
      "7": {
        "start": {
          "line": 14,
          "column": 2
        },
        "end": {
          "line": 14,
          "column": 75
        }
      },
      "8": {
        "start": {
          "line": 20,
          "column": 2
        },
        "end": {
          "line": 47,
          "column": 11
        }
      },
      "9": {
        "start": {
          "line": 49,
          "column": 0
        },
        "end": {
          "line": 49,
          "column": 12
        }
      },
      "10": {
        "start": {
          "line": 52,
          "column": 0
        },
        "end": {
          "line": 52,
          "column": 27
        }
      },
      "11": {
        "start": {
          "line": 53,
          "column": 0
        },
        "end": {
          "line": 69,
          "column": 1
        }
      },
      "12": {
        "start": {
          "line": 54,
          "column": 2
        },
        "end": {
          "line": 54,
          "column": 39
        }
      },
      "13": {
        "start": {
          "line": 55,
          "column": 2
        },
        "end": {
          "line": 55,
          "column": 39
        }
      },
      "14": {
        "start": {
          "line": 56,
          "column": 2
        },
        "end": {
          "line": 68,
          "column": 5
        }
      },
      "15": {
        "start": {
          "line": 60,
          "column": 4
        },
        "end": {
          "line": 60,
          "column": 154
        }
      },
      "16": {
        "start": {
          "line": 61,
          "column": 4
        },
        "end": {
          "line": 67,
          "column": 7
        }
      },
      "17": {
        "start": {
          "line": 62,
          "column": 6
        },
        "end": {
          "line": 63,
          "column": 15
        }
      },
      "18": {
        "start": {
          "line": 63,
          "column": 8
        },
        "end": {
          "line": 63,
          "column": 15
        }
      },
      "19": {
        "start": {
          "line": 64,
          "column": 32
        },
        "end": {
          "line": 64,
          "column": 115
        }
      },
      "20": {
        "start": {
          "line": 65,
          "column": 6
        },
        "end": {
          "line": 66,
          "column": 54
        }
      },
      "21": {
        "start": {
          "line": 66,
          "column": 8
        },
        "end": {
          "line": 66,
          "column": 54
        }
      }
    },
    "fnMap": {
      "0": {
        "name": "(anonymous_0)",
        "decl": {
          "start": {
            "line": 11,
            "column": 24
          },
          "end": {
            "line": 11,
            "column": 25
          }
        },
        "loc": {
          "start": {
            "line": 11,
            "column": 38
          },
          "end": {
            "line": 13,
            "column": 3
          }
        },
        "line": 11
      },
      "1": {
        "name": "Header",
        "decl": {
          "start": {
            "line": 19,
            "column": 9
          },
          "end": {
            "line": 19,
            "column": 15
          }
        },
        "loc": {
          "start": {
            "line": 19,
            "column": 18
          },
          "end": {
            "line": 48,
            "column": 1
          }
        },
        "line": 19
      },
      "2": {
        "name": "(anonymous_2)",
        "decl": {
          "start": {
            "line": 59,
            "column": 9
          },
          "end": {
            "line": 59,
            "column": 10
          }
        },
        "loc": {
          "start": {
            "line": 59,
            "column": 29
          },
          "end": {
            "line": 68,
            "column": 3
          }
        },
        "line": 59
      },
      "3": {
        "name": "(anonymous_3)",
        "decl": {
          "start": {
            "line": 61,
            "column": 27
          },
          "end": {
            "line": 61,
            "column": 28
          }
        },
        "loc": {
          "start": {
            "line": 61,
            "column": 44
          },
          "end": {
            "line": 67,
            "column": 5
          }
        },
        "line": 61
      }
    },
    "branchMap": {
      "0": {
        "loc": {
          "start": {
            "line": 5,
            "column": 0
          },
          "end": {
            "line": 15,
            "column": 1
          }
        },
        "type": "if",
        "locations": [
          {
            "start": {
              "line": 5,
              "column": 0
            },
            "end": {
              "line": 15,
              "column": 1
            }
          },
          {
            "start": {},
            "end": {}
          }
        ],
        "line": 5
      },
      "1": {
        "loc": {
          "start": {
            "line": 6,
            "column": 2
          },
          "end": {
            "line": 8,
            "column": 3
          }
        },
        "type": "if",
        "locations": [
          {
            "start": {
              "line": 6,
              "column": 2
            },
            "end": {
              "line": 8,
              "column": 3
            }
          },
          {
            "start": {},
            "end": {}
          }
        ],
        "line": 6
      },
      "2": {
        "loc": {
          "start": {
            "line": 53,
            "column": 0
          },
          "end": {
            "line": 69,
            "column": 1
          }
        },
        "type": "if",
        "locations": [
          {
            "start": {
              "line": 53,
              "column": 0
            },
            "end": {
              "line": 69,
              "column": 1
            }
          },
          {
            "start": {},
            "end": {}
          }
        ],
        "line": 53
      },
      "3": {
        "loc": {
          "start": {
            "line": 62,
            "column": 6
          },
          "end": {
            "line": 63,
            "column": 15
          }
        },
        "type": "if",
        "locations": [
          {
            "start": {
              "line": 62,
              "column": 6
            },
            "end": {
              "line": 63,
              "column": 15
            }
          },
          {
            "start": {},
            "end": {}
          }
        ],
        "line": 62
      },
      "4": {
        "loc": {
          "start": {
            "line": 65,
            "column": 6
          },
          "end": {
            "line": 66,
            "column": 54
          }
        },
        "type": "if",
        "locations": [
          {
            "start": {
              "line": 65,
              "column": 6
            },
            "end": {
              "line": 66,
              "column": 54
            }
          },
          {
            "start": {},
            "end": {}
          }
        ],
        "line": 65
      }
    },
    "s": {
      "0": 26,
      "1": 26,
      "2": 0,
      "3": 26,
      "4": 26,
      "5": 26,
      "6": 26,
      "7": 26,
      "8": 26,
      "9": 26,
      "10": 26,
      "11": 26,
      "12": 26,
      "13": 26,
      "14": 26,
      "15": 22,
      "16": 22,
      "17": 0,
      "18": 0,
      "19": 0,
      "20": 0,
      "21": 0
    },
    "f": {
      "0": 26,
      "1": 26,
      "2": 22,
      "3": 0
    },
    "b": {
      "0": [26, 0],
      "1": [0, 26],
      "2": [26, 0],
      "3": [0, 0],
      "4": [0, 0]
    },
    "inputSourceMap": {
      "version": 3,
      "mappings": "AAWY;AAXZ,OAAOA,oBAAkB;AAAA;AAAA;AAAA;AAAA;AAAA;AAAA;AAAA;AAAA;AAAA;AAAA;AAAA;AAAA;AAAA;AACzB,OAAOC,YAAY;AACnB,OAAOC,aAAa;AACpB,OAAOC,YAAY;AAEnB,SAASC,SAAS;AAChB,SACE,uBAAC,YACC,iCAAC,SAAI,WAAU,aACb,iCAAC,SAAI,WAAWH,OAAOI,QACrB;AAAA,2BAAC,SAAI,WAAWJ,OAAOK,MACrB,iCAAC,SAAI,KAAKJ,SAAS,KAAI,UAAvB;AAAA;AAAA;AAAA;AAAA,WAA6B,KAD/B;AAAA;AAAA;AAAA;AAAA,WAEA;AAAA,IACA,uBAAC,YAAD;AAAA;AAAA;AAAA;AAAA,WAAO;AAAA,OAJT;AAAA;AAAA;AAAA;AAAA,SAKA,KANF;AAAA;AAAA;AAAA;AAAA,SAOA,KARF;AAAA;AAAA;AAAA;AAAA,SASA;AAEJ;AAACK,KAbQH;AAeT,eAAeA;AAAO;AAAAI",
      "names": [
        "React",
        "styles",
        "logoImg",
        "Navbar",
        "Header",
        "header",
        "logo",
        "_c",
        "$RefreshReg$"
      ],
      "sources": [
        "D:/Frontend/Projects/React/RS School/experiment/ssr/src/components/Header/Header.tsx"
      ],
      "file": "D:/Frontend/Projects/React/RS School/experiment/ssr/src/components/Header/Header.tsx"
    },
    "_coverageSchema": "1a1c01bbd47fc00a2c39e90264f33305004495a9",
    "hash": "c08d91a6bdcbdba656b38dff04110f95bef92d4c"
  },
  "D:/Frontend/Projects/React/RS School/experiment/ssr/src/components/Card/HomeCard.tsx": {
    "path": "D:/Frontend/Projects/React/RS School/experiment/ssr/src/components/Card/HomeCard.tsx",
    "statementMap": {
      "0": {
        "start": {
          "line": 5,
          "column": 0
        },
        "end": {
          "line": 15,
          "column": 1
        }
      },
      "1": {
        "start": {
          "line": 6,
          "column": 2
        },
        "end": {
          "line": 8,
          "column": 3
        }
      },
      "2": {
        "start": {
          "line": 7,
          "column": 4
        },
        "end": {
          "line": 7,
          "column": 165
        }
      },
      "3": {
        "start": {
          "line": 9,
          "column": 2
        },
        "end": {
          "line": 9,
          "column": 39
        }
      },
      "4": {
        "start": {
          "line": 10,
          "column": 2
        },
        "end": {
          "line": 10,
          "column": 39
        }
      },
      "5": {
        "start": {
          "line": 11,
          "column": 2
        },
        "end": {
          "line": 13,
          "column": 4
        }
      },
      "6": {
        "start": {
          "line": 12,
          "column": 4
        },
        "end": {
          "line": 12,
          "column": 128
        }
      },
      "7": {
        "start": {
          "line": 14,
          "column": 2
        },
        "end": {
          "line": 14,
          "column": 75
        }
      },
      "8": {
        "start": {
          "line": 24,
          "column": 2
        },
        "end": {
          "line": 72,
          "column": 11
        }
      },
      "9": {
        "start": {
          "line": 25,
          "column": 4
        },
        "end": {
          "line": 25,
          "column": 27
        }
      },
      "10": {
        "start": {
          "line": 74,
          "column": 0
        },
        "end": {
          "line": 74,
          "column": 10
        }
      },
      "11": {
        "start": {
          "line": 77,
          "column": 0
        },
        "end": {
          "line": 77,
          "column": 25
        }
      },
      "12": {
        "start": {
          "line": 78,
          "column": 0
        },
        "end": {
          "line": 94,
          "column": 1
        }
      },
      "13": {
        "start": {
          "line": 79,
          "column": 2
        },
        "end": {
          "line": 79,
          "column": 39
        }
      },
      "14": {
        "start": {
          "line": 80,
          "column": 2
        },
        "end": {
          "line": 80,
          "column": 39
        }
      },
      "15": {
        "start": {
          "line": 81,
          "column": 2
        },
        "end": {
          "line": 93,
          "column": 5
        }
      },
      "16": {
        "start": {
          "line": 85,
          "column": 4
        },
        "end": {
          "line": 85,
          "column": 154
        }
      },
      "17": {
        "start": {
          "line": 86,
          "column": 4
        },
        "end": {
          "line": 92,
          "column": 7
        }
      },
      "18": {
        "start": {
          "line": 87,
          "column": 6
        },
        "end": {
          "line": 88,
          "column": 15
        }
      },
      "19": {
        "start": {
          "line": 88,
          "column": 8
        },
        "end": {
          "line": 88,
          "column": 15
        }
      },
      "20": {
        "start": {
          "line": 89,
          "column": 32
        },
        "end": {
          "line": 89,
          "column": 115
        }
      },
      "21": {
        "start": {
          "line": 90,
          "column": 6
        },
        "end": {
          "line": 91,
          "column": 54
        }
      },
      "22": {
        "start": {
          "line": 91,
          "column": 8
        },
        "end": {
          "line": 91,
          "column": 54
        }
      }
    },
    "fnMap": {
      "0": {
        "name": "(anonymous_0)",
        "decl": {
          "start": {
            "line": 11,
            "column": 24
          },
          "end": {
            "line": 11,
            "column": 25
          }
        },
        "loc": {
          "start": {
            "line": 11,
            "column": 38
          },
          "end": {
            "line": 13,
            "column": 3
          }
        },
        "line": 11
      },
      "1": {
        "name": "Card",
        "decl": {
          "start": {
            "line": 17,
            "column": 9
          },
          "end": {
            "line": 17,
            "column": 13
          }
        },
        "loc": {
          "start": {
            "line": 23,
            "column": 3
          },
          "end": {
            "line": 73,
            "column": 1
          }
        },
        "line": 23
      },
      "2": {
        "name": "(anonymous_2)",
        "decl": {
          "start": {
            "line": 24,
            "column": 76
          },
          "end": {
            "line": 24,
            "column": 77
          }
        },
        "loc": {
          "start": {
            "line": 24,
            "column": 82
          },
          "end": {
            "line": 26,
            "column": 3
          }
        },
        "line": 24
      },
      "3": {
        "name": "(anonymous_3)",
        "decl": {
          "start": {
            "line": 84,
            "column": 9
          },
          "end": {
            "line": 84,
            "column": 10
          }
        },
        "loc": {
          "start": {
            "line": 84,
            "column": 29
          },
          "end": {
            "line": 93,
            "column": 3
          }
        },
        "line": 84
      },
      "4": {
        "name": "(anonymous_4)",
        "decl": {
          "start": {
            "line": 86,
            "column": 27
          },
          "end": {
            "line": 86,
            "column": 28
          }
        },
        "loc": {
          "start": {
            "line": 86,
            "column": 44
          },
          "end": {
            "line": 92,
            "column": 5
          }
        },
        "line": 86
      }
    },
    "branchMap": {
      "0": {
        "loc": {
          "start": {
            "line": 5,
            "column": 0
          },
          "end": {
            "line": 15,
            "column": 1
          }
        },
        "type": "if",
        "locations": [
          {
            "start": {
              "line": 5,
              "column": 0
            },
            "end": {
              "line": 15,
              "column": 1
            }
          },
          {
            "start": {},
            "end": {}
          }
        ],
        "line": 5
      },
      "1": {
        "loc": {
          "start": {
            "line": 6,
            "column": 2
          },
          "end": {
            "line": 8,
            "column": 3
          }
        },
        "type": "if",
        "locations": [
          {
            "start": {
              "line": 6,
              "column": 2
            },
            "end": {
              "line": 8,
              "column": 3
            }
          },
          {
            "start": {},
            "end": {}
          }
        ],
        "line": 6
      },
      "2": {
        "loc": {
          "start": {
            "line": 44,
            "column": 81
          },
          "end": {
            "line": 44,
            "column": 102
          }
        },
        "type": "binary-expr",
        "locations": [
          {
            "start": {
              "line": 44,
              "column": 81
            },
            "end": {
              "line": 44,
              "column": 87
            }
          },
          {
            "start": {
              "line": 44,
              "column": 91
            },
            "end": {
              "line": 44,
              "column": 102
            }
          }
        ],
        "line": 44
      },
      "3": {
        "loc": {
          "start": {
            "line": 78,
            "column": 0
          },
          "end": {
            "line": 94,
            "column": 1
          }
        },
        "type": "if",
        "locations": [
          {
            "start": {
              "line": 78,
              "column": 0
            },
            "end": {
              "line": 94,
              "column": 1
            }
          },
          {
            "start": {},
            "end": {}
          }
        ],
        "line": 78
      },
      "4": {
        "loc": {
          "start": {
            "line": 87,
            "column": 6
          },
          "end": {
            "line": 88,
            "column": 15
          }
        },
        "type": "if",
        "locations": [
          {
            "start": {
              "line": 87,
              "column": 6
            },
            "end": {
              "line": 88,
              "column": 15
            }
          },
          {
            "start": {},
            "end": {}
          }
        ],
        "line": 87
      },
      "5": {
        "loc": {
          "start": {
            "line": 90,
            "column": 6
          },
          "end": {
            "line": 91,
            "column": 54
          }
        },
        "type": "if",
        "locations": [
          {
            "start": {
              "line": 90,
              "column": 6
            },
            "end": {
              "line": 91,
              "column": 54
            }
          },
          {
            "start": {},
            "end": {}
          }
        ],
        "line": 90
      }
    },
    "s": {
      "0": 26,
      "1": 26,
      "2": 0,
      "3": 26,
      "4": 26,
      "5": 26,
      "6": 26,
      "7": 26,
      "8": 360,
      "9": 4,
      "10": 26,
      "11": 26,
      "12": 26,
      "13": 26,
      "14": 26,
      "15": 26,
      "16": 22,
      "17": 22,
      "18": 0,
      "19": 0,
      "20": 0,
      "21": 0,
      "22": 0
    },
    "f": {
      "0": 26,
      "1": 360,
      "2": 4,
      "3": 22,
      "4": 0
    },
    "b": {
      "0": [26, 0],
      "1": [0, 26],
      "2": [360, 0],
      "3": [26, 0],
      "4": [0, 0],
      "5": [0, 0]
    },
    "inputSourceMap": {
      "version": 3,
      "mappings": "AAcQ;AAdR,OAAOA,oBAAkB;AAAA;AAAA;AAAA;AAAA;AAAA;AAAA;AAAA;AAAA;AAAA;AAAA;AAAA;AAAA;AAAA;AACzB,OAAOC,YAAY;AAGnB,SAASC,KAAK;AAAA,EAAEC;AAAAA,EAAaC;AAAAA,EAAIC;AAAAA,EAAOC;AAAAA,EAAQC;AAAgB,GAAG;AACjE,SACE,uBAAC,QACC,eAAY,YACZ,SAAS,MAAM;AACbJ,gBAAYC,IAAIC,KAAK;AAAA,EACvB,GACA,WAAWJ,OAAOO,MAElB;AAAA,2BAAC,SAAI,WAAWP,OAAOM,OACrB,iCAAC,SAAI,KAAKA,OAAO,KAAI,gBAArB;AAAA;AAAA;AAAA;AAAA,WAAiC,KADnC;AAAA;AAAA;AAAA;AAAA,WAEA;AAAA,IACA,uBAAC,SAAI,WAAWN,OAAOQ,aACrB;AAAA,6BAAC,QAAG,eAAY,cAAa,WAAWR,OAAOI,OAC5CA,mBADH;AAAA;AAAA;AAAA;AAAA,aAEA;AAAA,MACA,uBAAC,OAAE,WAAWJ,OAAOK,QAAQ;AAAA;AAAA,QACxB,uBAAC,UAAK,eAAY,eAAeA,oBAAU,eAA3C;AAAA;AAAA;AAAA;AAAA,eAAuD;AAAA,WAD5D;AAAA;AAAA;AAAA;AAAA,aAEA;AAAA,MACA,uBAAC,SAAI,WAAWL,OAAOS,iBACrB,iCAAC,YAAO,WAAWT,OAAOU,UAAU,yBAApC;AAAA;AAAA;AAAA;AAAA,aAA6C,KAD/C;AAAA;AAAA;AAAA;AAAA,aAEA;AAAA,SATF;AAAA;AAAA;AAAA;AAAA,WAUA;AAAA,OApBF;AAAA;AAAA;AAAA;AAAA,SAqBA;AAEJ;AAACC,KAzBQV;AA2BT,eAAeA;AAAK;AAAAW",
      "names": [
        "React",
        "styles",
        "Card",
        "getBookInfo",
        "id",
        "title",
        "author",
        "cover",
        "card",
        "description",
        "buttonContainer",
        "showMore",
        "_c",
        "$RefreshReg$"
      ],
      "sources": [
        "D:/Frontend/Projects/React/RS School/experiment/ssr/src/components/Card/HomeCard.tsx"
      ],
      "file": "D:/Frontend/Projects/React/RS School/experiment/ssr/src/components/Card/HomeCard.tsx"
    },
    "_coverageSchema": "1a1c01bbd47fc00a2c39e90264f33305004495a9",
    "hash": "570881b215a4680964e46f01f5075a7daff47755"
  },
  "D:/Frontend/Projects/React/RS School/experiment/ssr/src/store/booksSlice.ts": {
    "path": "D:/Frontend/Projects/React/RS School/experiment/ssr/src/store/booksSlice.ts",
    "statementMap": {
      "0": {
        "start": {
          "line": 2,
          "column": 26
        },
        "end": {
          "line": 18,
          "column": 1
        }
      },
      "1": {
        "start": {
          "line": 5,
          "column": 4
        },
        "end": {
          "line": 16,
          "column": 5
        }
      },
      "2": {
        "start": {
          "line": 6,
          "column": 23
        },
        "end": {
          "line": 8,
          "column": 7
        }
      },
      "3": {
        "start": {
          "line": 9,
          "column": 6
        },
        "end": {
          "line": 11,
          "column": 7
        }
      },
      "4": {
        "start": {
          "line": 10,
          "column": 8
        },
        "end": {
          "line": 10,
          "column": 49
        }
      },
      "5": {
        "start": {
          "line": 12,
          "column": 19
        },
        "end": {
          "line": 12,
          "column": 40
        }
      },
      "6": {
        "start": {
          "line": 13,
          "column": 6
        },
        "end": {
          "line": 13,
          "column": 24
        }
      },
      "7": {
        "start": {
          "line": 15,
          "column": 6
        },
        "end": {
          "line": 15,
          "column": 42
        }
      },
      "8": {
        "start": {
          "line": 19,
          "column": 18
        },
        "end": {
          "line": 44,
          "column": 2
        }
      },
      "9": {
        "start": {
          "line": 29,
          "column": 6
        },
        "end": {
          "line": 29,
          "column": 41
        }
      },
      "10": {
        "start": {
          "line": 33,
          "column": 4
        },
        "end": {
          "line": 42,
          "column": 7
        }
      },
      "11": {
        "start": {
          "line": 34,
          "column": 6
        },
        "end": {
          "line": 34,
          "column": 27
        }
      },
      "12": {
        "start": {
          "line": 35,
          "column": 6
        },
        "end": {
          "line": 35,
          "column": 27
        }
      },
      "13": {
        "start": {
          "line": 37,
          "column": 6
        },
        "end": {
          "line": 37,
          "column": 28
        }
      },
      "14": {
        "start": {
          "line": 38,
          "column": 6
        },
        "end": {
          "line": 38,
          "column": 39
        }
      },
      "15": {
        "start": {
          "line": 40,
          "column": 6
        },
        "end": {
          "line": 40,
          "column": 28
        }
      },
      "16": {
        "start": {
          "line": 41,
          "column": 6
        },
        "end": {
          "line": 41,
          "column": 35
        }
      },
      "17": {
        "start": {
          "line": 45,
          "column": 32
        },
        "end": {
          "line": 45,
          "column": 49
        }
      }
    },
    "fnMap": {
      "0": {
        "name": "(anonymous_0)",
        "decl": {
          "start": {
            "line": 4,
            "column": 2
          },
          "end": {
            "line": 4,
            "column": 3
          }
        },
        "loc": {
          "start": {
            "line": 4,
            "column": 46
          },
          "end": {
            "line": 17,
            "column": 3
          }
        },
        "line": 4
      },
      "1": {
        "name": "(anonymous_1)",
        "decl": {
          "start": {
            "line": 28,
            "column": 20
          },
          "end": {
            "line": 28,
            "column": 21
          }
        },
        "loc": {
          "start": {
            "line": 28,
            "column": 39
          },
          "end": {
            "line": 30,
            "column": 5
          }
        },
        "line": 28
      },
      "2": {
        "name": "(anonymous_2)",
        "decl": {
          "start": {
            "line": 32,
            "column": 17
          },
          "end": {
            "line": 32,
            "column": 18
          }
        },
        "loc": {
          "start": {
            "line": 32,
            "column": 30
          },
          "end": {
            "line": 43,
            "column": 3
          }
        },
        "line": 32
      },
      "3": {
        "name": "(anonymous_3)",
        "decl": {
          "start": {
            "line": 33,
            "column": 40
          },
          "end": {
            "line": 33,
            "column": 41
          }
        },
        "loc": {
          "start": {
            "line": 33,
            "column": 51
          },
          "end": {
            "line": 36,
            "column": 5
          }
        },
        "line": 33
      },
      "4": {
        "name": "(anonymous_4)",
        "decl": {
          "start": {
            "line": 36,
            "column": 37
          },
          "end": {
            "line": 36,
            "column": 38
          }
        },
        "loc": {
          "start": {
            "line": 36,
            "column": 56
          },
          "end": {
            "line": 39,
            "column": 5
          }
        },
        "line": 36
      },
      "5": {
        "name": "(anonymous_5)",
        "decl": {
          "start": {
            "line": 39,
            "column": 36
          },
          "end": {
            "line": 39,
            "column": 37
          }
        },
        "loc": {
          "start": {
            "line": 39,
            "column": 55
          },
          "end": {
            "line": 42,
            "column": 5
          }
        },
        "line": 39
      }
    },
    "branchMap": {
      "0": {
        "loc": {
          "start": {
            "line": 9,
            "column": 6
          },
          "end": {
            "line": 11,
            "column": 7
          }
        },
        "type": "if",
        "locations": [
          {
            "start": {
              "line": 9,
              "column": 6
            },
            "end": {
              "line": 11,
              "column": 7
            }
          },
          {
            "start": {},
            "end": {}
          }
        ],
        "line": 9
      }
    },
    "s": {
      "0": 26,
      "1": 24,
      "2": 24,
      "3": 17,
      "4": 4,
      "5": 13,
      "6": 12,
      "7": 4,
      "8": 26,
      "9": 8,
      "10": 26,
      "11": 24,
      "12": 24,
      "13": 12,
      "14": 12,
      "15": 4,
      "16": 4,
      "17": 26
    },
    "f": {
      "0": 24,
      "1": 8,
      "2": 26,
      "3": 24,
      "4": 12,
      "5": 4
    },
    "b": {
      "0": [4, 13]
    },
    "inputSourceMap": {
      "version": 3,
      "sources": ["D:/Frontend/Projects/React/RS School/experiment/ssr/src/store/booksSlice.ts"],
      "mappings": "AAAA,SAAS,aAAa,wBAAwB;AAuBvC,aAAM,aAAa;AAAA,EACxB;AAAA,EACA,OAAO,aAAa,EAAE,gBAAgB,MAAM;AAC1C,QAAI;AACF,YAAM,WAAW,MAAM;AAAA,QACrB,iDAAiD;AAAA,MACnD;AACA,UAAI,CAAC,SAAS,IAAI;AAChB,cAAM,IAAI,MAAM,uBAAuB;AAAA,MACzC;AACA,YAAM,OAAO,MAAM,SAAS,KAAK;AACjC,aAAO,KAAK;AAAA,IACd,SAAS,KAAP;AACA,aAAO,gBAAiB,IAAc,OAAO;AAAA,IAC/C;AAAA,EACF;AACF;AAEA,MAAM,YAAY,YAAY;AAAA,EAC5B,MAAM;AAAA,EACN,cAAc;AAAA,IACZ,aAAa;AAAA,IACb,WAAW,CAAC;AAAA,IACZ,SAAS;AAAA,IACT,OAAO;AAAA,EACT;AAAA,EACA,UAAU;AAAA,IACR,gBAAgB,CAAC,OAAO,WAAW;AACjC,YAAM,cAAc,OAAO;AAAA,IAC7B;AAAA,EACF;AAAA,EACA,eAAe,CAAC,YAAY;AAC1B,YACG,QAAQ,WAAW,SAAS,CAAC,UAAU;AACtC,YAAM,UAAU;AAChB,YAAM,QAAQ;AAAA,IAChB,CAAC,EACA,QAAQ,WAAW,WAAW,CAAC,OAAO,WAAW;AAChD,YAAM,UAAU;AAChB,YAAM,YAAY,OAAO;AAAA,IAC3B,CAAC,EACA,QAAQ,WAAW,UAAU,CAAC,OAAO,WAAW;AAC/C,YAAM,UAAU;AAChB,YAAM,QAAQ,OAAO;AAAA,IACvB,CAAC;AAAA,EACL;AACF,CAAC;AAEM,aAAM,mBAAmB,UAAU;AAE1C,eAAe,UAAU;",
      "names": []
    },
    "_coverageSchema": "1a1c01bbd47fc00a2c39e90264f33305004495a9",
    "hash": "c95a62a34ee82cc9fca1db84d5a96a4bc3b9f781"
  },
  "D:/Frontend/Projects/React/RS School/experiment/ssr/src/hooks/hooks.ts": {
    "path": "D:/Frontend/Projects/React/RS School/experiment/ssr/src/hooks/hooks.ts",
    "statementMap": {
      "0": {
        "start": {
          "line": 2,
          "column": 30
        },
        "end": {
          "line": 2,
          "column": 49
        }
      },
      "1": {
        "start": {
          "line": 2,
          "column": 36
        },
        "end": {
          "line": 2,
          "column": 49
        }
      },
      "2": {
        "start": {
          "line": 3,
          "column": 30
        },
        "end": {
          "line": 3,
          "column": 41
        }
      }
    },
    "fnMap": {
      "0": {
        "name": "(anonymous_0)",
        "decl": {
          "start": {
            "line": 2,
            "column": 30
          },
          "end": {
            "line": 2,
            "column": 31
          }
        },
        "loc": {
          "start": {
            "line": 2,
            "column": 36
          },
          "end": {
            "line": 2,
            "column": 49
          }
        },
        "line": 2
      }
    },
    "branchMap": {},
    "s": {
      "0": 26,
      "1": 143,
      "2": 26
    },
    "f": {
      "0": 143
    },
    "b": {},
    "inputSourceMap": {
      "version": 3,
      "sources": ["D:/Frontend/Projects/React/RS School/experiment/ssr/src/hooks/hooks.ts"],
      "mappings": "AAAA,SAAS,aAAa,mBAAyC;AAGxD,aAAM,iBAAiB,MAAM,YAAyB;AACtD,aAAM,iBAAkD;",
      "names": []
    },
    "_coverageSchema": "1a1c01bbd47fc00a2c39e90264f33305004495a9",
    "hash": "c54cdfe51aec43228de7e60184a9107062d4596c"
  },
  "D:/Frontend/Projects/React/RS School/experiment/ssr/src/components/SearchBar/SearchBar.tsx": {
    "path": "D:/Frontend/Projects/React/RS School/experiment/ssr/src/components/SearchBar/SearchBar.tsx",
    "statementMap": {
      "0": {
        "start": {
          "line": 5,
          "column": 0
        },
        "end": {
          "line": 15,
          "column": 1
        }
      },
      "1": {
        "start": {
          "line": 6,
          "column": 2
        },
        "end": {
          "line": 8,
          "column": 3
        }
      },
      "2": {
        "start": {
          "line": 7,
          "column": 4
        },
        "end": {
          "line": 7,
          "column": 165
        }
      },
      "3": {
        "start": {
          "line": 9,
          "column": 2
        },
        "end": {
          "line": 9,
          "column": 39
        }
      },
      "4": {
        "start": {
          "line": 10,
          "column": 2
        },
        "end": {
          "line": 10,
          "column": 39
        }
      },
      "5": {
        "start": {
          "line": 11,
          "column": 2
        },
        "end": {
          "line": 13,
          "column": 4
        }
      },
      "6": {
        "start": {
          "line": 12,
          "column": 4
        },
        "end": {
          "line": 12,
          "column": 134
        }
      },
      "7": {
        "start": {
          "line": 14,
          "column": 2
        },
        "end": {
          "line": 14,
          "column": 75
        }
      },
      "8": {
        "start": {
          "line": 16,
          "column": 9
        },
        "end": {
          "line": 16,
          "column": 23
        }
      },
      "9": {
        "start": {
          "line": 21,
          "column": 18
        },
        "end": {
          "line": 61,
          "column": 1
        }
      },
      "10": {
        "start": {
          "line": 22,
          "column": 2
        },
        "end": {
          "line": 22,
          "column": 7
        }
      },
      "11": {
        "start": {
          "line": 23,
          "column": 19
        },
        "end": {
          "line": 23,
          "column": 31
        }
      },
      "12": {
        "start": {
          "line": 24,
          "column": 19
        },
        "end": {
          "line": 24,
          "column": 35
        }
      },
      "13": {
        "start": {
          "line": 25,
          "column": 22
        },
        "end": {
          "line": 25,
          "column": 76
        }
      },
      "14": {
        "start": {
          "line": 25,
          "column": 48
        },
        "end": {
          "line": 25,
          "column": 75
        }
      },
      "15": {
        "start": {
          "line": 26,
          "column": 2
        },
        "end": {
          "line": 60,
          "column": 11
        }
      },
      "16": {
        "start": {
          "line": 27,
          "column": 4
        },
        "end": {
          "line": 27,
          "column": 23
        }
      },
      "17": {
        "start": {
          "line": 28,
          "column": 4
        },
        "end": {
          "line": 28,
          "column": 38
        }
      },
      "18": {
        "start": {
          "line": 30,
          "column": 160
        },
        "end": {
          "line": 30,
          "column": 217
        }
      },
      "19": {
        "start": {
          "line": 62,
          "column": 0
        },
        "end": {
          "line": 64,
          "column": 3
        }
      },
      "20": {
        "start": {
          "line": 63,
          "column": 2
        },
        "end": {
          "line": 63,
          "column": 42
        }
      },
      "21": {
        "start": {
          "line": 65,
          "column": 0
        },
        "end": {
          "line": 65,
          "column": 15
        }
      },
      "22": {
        "start": {
          "line": 68,
          "column": 0
        },
        "end": {
          "line": 68,
          "column": 30
        }
      },
      "23": {
        "start": {
          "line": 69,
          "column": 0
        },
        "end": {
          "line": 85,
          "column": 1
        }
      },
      "24": {
        "start": {
          "line": 70,
          "column": 2
        },
        "end": {
          "line": 70,
          "column": 39
        }
      },
      "25": {
        "start": {
          "line": 71,
          "column": 2
        },
        "end": {
          "line": 71,
          "column": 39
        }
      },
      "26": {
        "start": {
          "line": 72,
          "column": 2
        },
        "end": {
          "line": 84,
          "column": 5
        }
      },
      "27": {
        "start": {
          "line": 76,
          "column": 4
        },
        "end": {
          "line": 76,
          "column": 160
        }
      },
      "28": {
        "start": {
          "line": 77,
          "column": 4
        },
        "end": {
          "line": 83,
          "column": 7
        }
      },
      "29": {
        "start": {
          "line": 78,
          "column": 6
        },
        "end": {
          "line": 79,
          "column": 15
        }
      },
      "30": {
        "start": {
          "line": 79,
          "column": 8
        },
        "end": {
          "line": 79,
          "column": 15
        }
      },
      "31": {
        "start": {
          "line": 80,
          "column": 32
        },
        "end": {
          "line": 80,
          "column": 115
        }
      },
      "32": {
        "start": {
          "line": 81,
          "column": 6
        },
        "end": {
          "line": 82,
          "column": 54
        }
      },
      "33": {
        "start": {
          "line": 82,
          "column": 8
        },
        "end": {
          "line": 82,
          "column": 54
        }
      }
    },
    "fnMap": {
      "0": {
        "name": "(anonymous_0)",
        "decl": {
          "start": {
            "line": 11,
            "column": 24
          },
          "end": {
            "line": 11,
            "column": 25
          }
        },
        "loc": {
          "start": {
            "line": 11,
            "column": 38
          },
          "end": {
            "line": 13,
            "column": 3
          }
        },
        "line": 11
      },
      "1": {
        "name": "(anonymous_1)",
        "decl": {
          "start": {
            "line": 21,
            "column": 18
          },
          "end": {
            "line": 21,
            "column": 19
          }
        },
        "loc": {
          "start": {
            "line": 21,
            "column": 24
          },
          "end": {
            "line": 61,
            "column": 1
          }
        },
        "line": 21
      },
      "2": {
        "name": "(anonymous_2)",
        "decl": {
          "start": {
            "line": 25,
            "column": 37
          },
          "end": {
            "line": 25,
            "column": 38
          }
        },
        "loc": {
          "start": {
            "line": 25,
            "column": 48
          },
          "end": {
            "line": 25,
            "column": 75
          }
        },
        "line": 25
      },
      "3": {
        "name": "(anonymous_3)",
        "decl": {
          "start": {
            "line": 26,
            "column": 52
          },
          "end": {
            "line": 26,
            "column": 53
          }
        },
        "loc": {
          "start": {
            "line": 26,
            "column": 59
          },
          "end": {
            "line": 29,
            "column": 3
          }
        },
        "line": 26
      },
      "4": {
        "name": "(anonymous_4)",
        "decl": {
          "start": {
            "line": 30,
            "column": 153
          },
          "end": {
            "line": 30,
            "column": 154
          }
        },
        "loc": {
          "start": {
            "line": 30,
            "column": 160
          },
          "end": {
            "line": 30,
            "column": 217
          }
        },
        "line": 30
      },
      "5": {
        "name": "(anonymous_5)",
        "decl": {
          "start": {
            "line": 62,
            "column": 53
          },
          "end": {
            "line": 62,
            "column": 54
          }
        },
        "loc": {
          "start": {
            "line": 62,
            "column": 64
          },
          "end": {
            "line": 64,
            "column": 1
          }
        },
        "line": 62
      },
      "6": {
        "name": "(anonymous_6)",
        "decl": {
          "start": {
            "line": 75,
            "column": 9
          },
          "end": {
            "line": 75,
            "column": 10
          }
        },
        "loc": {
          "start": {
            "line": 75,
            "column": 29
          },
          "end": {
            "line": 84,
            "column": 3
          }
        },
        "line": 75
      },
      "7": {
        "name": "(anonymous_7)",
        "decl": {
          "start": {
            "line": 77,
            "column": 27
          },
          "end": {
            "line": 77,
            "column": 28
          }
        },
        "loc": {
          "start": {
            "line": 77,
            "column": 44
          },
          "end": {
            "line": 83,
            "column": 5
          }
        },
        "line": 77
      }
    },
    "branchMap": {
      "0": {
        "loc": {
          "start": {
            "line": 5,
            "column": 0
          },
          "end": {
            "line": 15,
            "column": 1
          }
        },
        "type": "if",
        "locations": [
          {
            "start": {
              "line": 5,
              "column": 0
            },
            "end": {
              "line": 15,
              "column": 1
            }
          },
          {
            "start": {},
            "end": {}
          }
        ],
        "line": 5
      },
      "1": {
        "loc": {
          "start": {
            "line": 6,
            "column": 2
          },
          "end": {
            "line": 8,
            "column": 3
          }
        },
        "type": "if",
        "locations": [
          {
            "start": {
              "line": 6,
              "column": 2
            },
            "end": {
              "line": 8,
              "column": 3
            }
          },
          {
            "start": {},
            "end": {}
          }
        ],
        "line": 6
      },
      "2": {
        "loc": {
          "start": {
            "line": 69,
            "column": 0
          },
          "end": {
            "line": 85,
            "column": 1
          }
        },
        "type": "if",
        "locations": [
          {
            "start": {
              "line": 69,
              "column": 0
            },
            "end": {
              "line": 85,
              "column": 1
            }
          },
          {
            "start": {},
            "end": {}
          }
        ],
        "line": 69
      },
      "3": {
        "loc": {
          "start": {
            "line": 78,
            "column": 6
          },
          "end": {
            "line": 79,
            "column": 15
          }
        },
        "type": "if",
        "locations": [
          {
            "start": {
              "line": 78,
              "column": 6
            },
            "end": {
              "line": 79,
              "column": 15
            }
          },
          {
            "start": {},
            "end": {}
          }
        ],
        "line": 78
      },
      "4": {
        "loc": {
          "start": {
            "line": 81,
            "column": 6
          },
          "end": {
            "line": 82,
            "column": 54
          }
        },
        "type": "if",
        "locations": [
          {
            "start": {
              "line": 81,
              "column": 6
            },
            "end": {
              "line": 82,
              "column": 54
            }
          },
          {
            "start": {},
            "end": {}
          }
        ],
        "line": 81
      }
    },
    "s": {
      "0": 26,
      "1": 26,
      "2": 0,
      "3": 26,
      "4": 26,
      "5": 26,
      "6": 26,
      "7": 26,
      "8": 26,
      "9": 26,
      "10": 64,
      "11": 64,
      "12": 64,
      "13": 64,
      "14": 104,
      "15": 64,
      "16": 8,
      "17": 8,
      "18": 8,
      "19": 26,
      "20": 16,
      "21": 26,
      "22": 26,
      "23": 26,
      "24": 26,
      "25": 26,
      "26": 26,
      "27": 22,
      "28": 22,
      "29": 0,
      "30": 0,
      "31": 0,
      "32": 0,
      "33": 0
    },
    "f": {
      "0": 26,
      "1": 64,
      "2": 104,
      "3": 8,
      "4": 8,
      "5": 16,
      "6": 22,
      "7": 0
    },
    "b": {
      "0": [26, 0],
      "1": [0, 26],
      "2": [26, 0],
      "3": [0, 0],
      "4": [0, 0]
    },
    "inputSourceMap": {
      "version": 3,
      "mappings": "AAsBY;;;;;;;;;;;;;;;;AAtBZ,SAAgBA,cAAc;AAC9B,OAAOC,YAAY;AACnB,SAASC,YAAYC,wBAAwB;AAC7C,SAASC,gBAAgBC,sBAAsB;AAE/C,MAAMC,YAAYA,MAAM;AAAAC;AACtB,QAAMC,WAAWR,OAAyB,IAAI;AAE9C,QAAMS,WAAWL,eAAc;AAC/B,QAAMM,cAAcL,eAAgBM,WAAUA,MAAMC,UAAUF,WAAW;AAEzE,SACE,uBAAC,UACC,UAAWG,OAAM;AACfA,MAAEC,eAAc;AAChBL,aAASP,WAAWQ,WAAW,CAAC;AAAA,EAClC,GACA,WAAWT,OAAOc,QAElB,iCAAC,SAAI,WAAWd,OAAOe,WACrB,iCAAC,SAAI,WAAY,GAAEf,OAAOgB,eAAehB,OAAOiB,iBAC9C,iCAAC,SAAI,WAAWjB,OAAOkB,YACrB;AAAA,2BAAC,WACC,eAAY,gBACZ,KAAKX,UACL,MAAK,QACL,WAAWP,OAAOmB,OAClB,OAAOV,aACP,UAAWG,OAAMJ,SAASN,iBAAiBkB,eAAeR,EAAES,OAAOC,KAAK,CAAC,GACzE,aAAY,eAPd;AAAA;AAAA;AAAA;AAAA,WAOyB;AAAA,IAEzB,uBAAC,YACC,eAAY,iBACZ,MAAK,UACL,WAAY,GAAEtB,OAAOuB,OAAOvB,OAAOwB,cAEnC,iCAAC,OAAE,eAAW,MAAC,WAAU,mBAAzB;AAAA;AAAA;AAAA;AAAA,WAAwC,KAL1C;AAAA;AAAA;AAAA;AAAA,WAMA;AAAA,OAhBF;AAAA;AAAA;AAAA;AAAA,SAiBA,KAlBF;AAAA;AAAA;AAAA;AAAA,SAmBA,KApBF;AAAA;AAAA;AAAA;AAAA,SAqBA,KA5BF;AAAA;AAAA;AAAA;AAAA,SA6BA;AAEJ;AAAElB,GAtCID,WAAS;AAAA,UAGIF,gBACGC,cAAc;AAAA;AAAAqB,KAJ9BpB;AAwCN,eAAeA;AAAU;AAAAqB",
      "names": [
        "useRef",
        "styles",
        "fetchBooks",
        "homeBooksActions",
        "useAppDispatch",
        "useAppSelector",
        "SearchBar",
        "_s",
        "inputRef",
        "dispatch",
        "searchValue",
        "state",
        "homeBooks",
        "e",
        "preventDefault",
        "search",
        "container",
        "search_wrap",
        "search_wrap_1",
        "search_box",
        "input",
        "setSearchValue",
        "target",
        "value",
        "btn",
        "btn_common",
        "_c",
        "$RefreshReg$"
      ],
      "sources": [
        "D:/Frontend/Projects/React/RS School/experiment/ssr/src/components/SearchBar/SearchBar.tsx"
      ],
      "file": "D:/Frontend/Projects/React/RS School/experiment/ssr/src/components/SearchBar/SearchBar.tsx"
    },
    "_coverageSchema": "1a1c01bbd47fc00a2c39e90264f33305004495a9",
    "hash": "5a62546e3ea8756c6b5535b0f4b36a6b8c337fac"
  },
  "D:/Frontend/Projects/React/RS School/experiment/ssr/src/pages/Home/Modal.tsx": {
    "path": "D:/Frontend/Projects/React/RS School/experiment/ssr/src/pages/Home/Modal.tsx",
    "statementMap": {
      "0": {
        "start": {
          "line": 5,
          "column": 0
        },
        "end": {
          "line": 15,
          "column": 1
        }
      },
      "1": {
        "start": {
          "line": 6,
          "column": 2
        },
        "end": {
          "line": 8,
          "column": 3
        }
      },
      "2": {
        "start": {
          "line": 7,
          "column": 4
        },
        "end": {
          "line": 7,
          "column": 165
        }
      },
      "3": {
        "start": {
          "line": 9,
          "column": 2
        },
        "end": {
          "line": 9,
          "column": 39
        }
      },
      "4": {
        "start": {
          "line": 10,
          "column": 2
        },
        "end": {
          "line": 10,
          "column": 39
        }
      },
      "5": {
        "start": {
          "line": 11,
          "column": 2
        },
        "end": {
          "line": 13,
          "column": 4
        }
      },
      "6": {
        "start": {
          "line": 12,
          "column": 4
        },
        "end": {
          "line": 12,
          "column": 120
        }
      },
      "7": {
        "start": {
          "line": 14,
          "column": 2
        },
        "end": {
          "line": 14,
          "column": 75
        }
      },
      "8": {
        "start": {
          "line": 17,
          "column": 14
        },
        "end": {
          "line": 133,
          "column": 1
        }
      },
      "9": {
        "start": {
          "line": 32,
          "column": 2
        },
        "end": {
          "line": 132,
          "column": 11
        }
      },
      "10": {
        "start": {
          "line": 33,
          "column": 4
        },
        "end": {
          "line": 33,
          "column": 24
        }
      },
      "11": {
        "start": {
          "line": 35,
          "column": 4
        },
        "end": {
          "line": 35,
          "column": 24
        }
      },
      "12": {
        "start": {
          "line": 38,
          "column": 6
        },
        "end": {
          "line": 38,
          "column": 26
        }
      },
      "13": {
        "start": {
          "line": 134,
          "column": 0
        },
        "end": {
          "line": 134,
          "column": 11
        }
      },
      "14": {
        "start": {
          "line": 137,
          "column": 0
        },
        "end": {
          "line": 137,
          "column": 26
        }
      },
      "15": {
        "start": {
          "line": 138,
          "column": 0
        },
        "end": {
          "line": 154,
          "column": 1
        }
      },
      "16": {
        "start": {
          "line": 139,
          "column": 2
        },
        "end": {
          "line": 139,
          "column": 39
        }
      },
      "17": {
        "start": {
          "line": 140,
          "column": 2
        },
        "end": {
          "line": 140,
          "column": 39
        }
      },
      "18": {
        "start": {
          "line": 141,
          "column": 2
        },
        "end": {
          "line": 153,
          "column": 5
        }
      },
      "19": {
        "start": {
          "line": 145,
          "column": 4
        },
        "end": {
          "line": 145,
          "column": 146
        }
      },
      "20": {
        "start": {
          "line": 146,
          "column": 4
        },
        "end": {
          "line": 152,
          "column": 7
        }
      },
      "21": {
        "start": {
          "line": 147,
          "column": 6
        },
        "end": {
          "line": 148,
          "column": 15
        }
      },
      "22": {
        "start": {
          "line": 148,
          "column": 8
        },
        "end": {
          "line": 148,
          "column": 15
        }
      },
      "23": {
        "start": {
          "line": 149,
          "column": 32
        },
        "end": {
          "line": 149,
          "column": 115
        }
      },
      "24": {
        "start": {
          "line": 150,
          "column": 6
        },
        "end": {
          "line": 151,
          "column": 54
        }
      },
      "25": {
        "start": {
          "line": 151,
          "column": 8
        },
        "end": {
          "line": 151,
          "column": 54
        }
      }
    },
    "fnMap": {
      "0": {
        "name": "(anonymous_0)",
        "decl": {
          "start": {
            "line": 11,
            "column": 24
          },
          "end": {
            "line": 11,
            "column": 25
          }
        },
        "loc": {
          "start": {
            "line": 11,
            "column": 38
          },
          "end": {
            "line": 13,
            "column": 3
          }
        },
        "line": 11
      },
      "1": {
        "name": "(anonymous_1)",
        "decl": {
          "start": {
            "line": 17,
            "column": 14
          },
          "end": {
            "line": 17,
            "column": 15
          }
        },
        "loc": {
          "start": {
            "line": 31,
            "column": 6
          },
          "end": {
            "line": 133,
            "column": 1
          }
        },
        "line": 31
      },
      "2": {
        "name": "(anonymous_2)",
        "decl": {
          "start": {
            "line": 32,
            "column": 84
          },
          "end": {
            "line": 32,
            "column": 85
          }
        },
        "loc": {
          "start": {
            "line": 32,
            "column": 90
          },
          "end": {
            "line": 34,
            "column": 3
          }
        },
        "line": 32
      },
      "3": {
        "name": "(anonymous_3)",
        "decl": {
          "start": {
            "line": 34,
            "column": 115
          },
          "end": {
            "line": 34,
            "column": 116
          }
        },
        "loc": {
          "start": {
            "line": 34,
            "column": 122
          },
          "end": {
            "line": 36,
            "column": 3
          }
        },
        "line": 34
      },
      "4": {
        "name": "(anonymous_4)",
        "decl": {
          "start": {
            "line": 37,
            "column": 108
          },
          "end": {
            "line": 37,
            "column": 109
          }
        },
        "loc": {
          "start": {
            "line": 37,
            "column": 114
          },
          "end": {
            "line": 39,
            "column": 5
          }
        },
        "line": 37
      },
      "5": {
        "name": "(anonymous_5)",
        "decl": {
          "start": {
            "line": 144,
            "column": 9
          },
          "end": {
            "line": 144,
            "column": 10
          }
        },
        "loc": {
          "start": {
            "line": 144,
            "column": 29
          },
          "end": {
            "line": 153,
            "column": 3
          }
        },
        "line": 144
      },
      "6": {
        "name": "(anonymous_6)",
        "decl": {
          "start": {
            "line": 146,
            "column": 27
          },
          "end": {
            "line": 146,
            "column": 28
          }
        },
        "loc": {
          "start": {
            "line": 146,
            "column": 44
          },
          "end": {
            "line": 152,
            "column": 5
          }
[...]
          }
        },
        "loc": {
          "start": {
            "line": 48,
            "column": 62
          },
          "end": {
            "line": 50,
            "column": 1
          }
        },
        "line": 48
      },
      "5": {
        "name": "(anonymous_5)",
        "decl": {
          "start": {
            "line": 61,
            "column": 9
          },
          "end": {
            "line": 61,
            "column": 10
          }
        },
        "loc": {
          "start": {
            "line": 61,
            "column": 29
          },
          "end": {
            "line": 70,
            "column": 3
          }
        },
        "line": 61
      },
      "6": {
        "name": "(anonymous_6)",
        "decl": {
          "start": {
            "line": 63,
            "column": 27
          },
          "end": {
            "line": 63,
            "column": 28
          }
        },
        "loc": {
          "start": {
            "line": 63,
            "column": 44
          },
          "end": {
            "line": 69,
            "column": 5
          }
        },
        "line": 63
      }
    },
    "branchMap": {
      "0": {
        "loc": {
          "start": {
            "line": 5,
            "column": 0
          },
          "end": {
            "line": 15,
            "column": 1
          }
        },
        "type": "if",
        "locations": [
          {
            "start": {
              "line": 5,
              "column": 0
            },
            "end": {
              "line": 15,
              "column": 1
            }
          },
          {
            "start": {},
            "end": {}
          }
        ],
        "line": 5
      },
      "1": {
        "loc": {
          "start": {
            "line": 6,
            "column": 2
          },
          "end": {
            "line": 8,
            "column": 3
          }
        },
        "type": "if",
        "locations": [
          {
            "start": {
              "line": 6,
              "column": 2
            },
            "end": {
              "line": 8,
              "column": 3
            }
          },
          {
            "start": {},
            "end": {}
          }
        ],
        "line": 6
      },
      "2": {
        "loc": {
          "start": {
            "line": 55,
            "column": 0
          },
          "end": {
            "line": 71,
            "column": 1
          }
        },
        "type": "if",
        "locations": [
          {
            "start": {
              "line": 55,
              "column": 0
            },
            "end": {
              "line": 71,
              "column": 1
            }
          },
          {
            "start": {},
            "end": {}
          }
        ],
        "line": 55
      },
      "3": {
        "loc": {
          "start": {
            "line": 64,
            "column": 6
          },
          "end": {
            "line": 65,
            "column": 15
          }
        },
        "type": "if",
        "locations": [
          {
            "start": {
              "line": 64,
              "column": 6
            },
            "end": {
              "line": 65,
              "column": 15
            }
          },
          {
            "start": {},
            "end": {}
          }
        ],
        "line": 64
      },
      "4": {
        "loc": {
          "start": {
            "line": 67,
            "column": 6
          },
          "end": {
            "line": 68,
            "column": 54
          }
        },
        "type": "if",
        "locations": [
          {
            "start": {
              "line": 67,
              "column": 6
            },
            "end": {
              "line": 68,
              "column": 54
            }
          },
          {
            "start": {},
            "end": {}
          }
        ],
        "line": 67
      }
    },
    "s": {
      "0": 26,
      "1": 26,
      "2": 0,
      "3": 26,
      "4": 26,
      "5": 26,
      "6": 26,
      "7": 26,
      "8": 26,
      "9": 26,
      "10": 9,
      "11": 9,
      "12": 12,
      "13": 9,
      "14": 3,
      "15": 26,
      "16": 6,
      "17": 26,
      "18": 26,
      "19": 26,
      "20": 26,
      "21": 26,
      "22": 26,
      "23": 22,
      "24": 22,
      "25": 0,
      "26": 0,
      "27": 0,
      "28": 0,
      "29": 0
    },
    "f": {
      "0": 26,
      "1": 9,
      "2": 12,
      "3": 3,
      "4": 6,
      "5": 22,
      "6": 0
    },
    "b": {
      "0": [26, 0],
      "1": [0, 26],
      "2": [26, 0],
      "3": [0, 0],
      "4": [0, 0]
    },
    "inputSourceMap": {
      "version": 3,
      "mappings": "AAYM;;;;;;;;;;;;;;;;AAXN,SAASA,UAAU;AACnB,OAAOC,cAAc;AACrB,OAAOC,iBAAiB;AACxB,OAAOC,YAAY;AACnB,SAASC,sBAAsB;AAE/B,MAAMC,UAAoBA,MAAM;AAAAC;AAC9B,QAAMC,YAAYH,eAAgBI,WAAUA,MAAMC,UAAUA,SAAS;AAErE,SACE,uBAAC,SAAI,WAAU,aACb;AAAA,2BAAC,iBAAD;AAAA;AAAA;AAAA;AAAA,WAAY;AAAA,IACZ,uBAAC,QAAG,WAAWN,OAAOO,OAAO,eAAY,SACtCH,oBAAUI,IAAKC,UAAS;AACvB,aACE,uBAAC,YAEC,OAAOA,KAAKC,OACZ,QAAQD,KAAKE,QACb,QAAQF,KAAKG,QACb,OAAOH,KAAKI,OACZ,WAAWJ,KAAKK,WAChB,WAAWL,KAAKM,WAChB,OAAON,KAAKO,OACZ,UAAUP,KAAKQ,YARVpB,GAAE,GADT;AAAA;AAAA;AAAA;AAAA,aAS0B;AAAA,IAG9B,CAAC,KAfH;AAAA;AAAA;AAAA;AAAA,WAgBA;AAAA,OAlBF;AAAA;AAAA;AAAA;AAAA,SAmBA;AAEJ;AAAEM,GAzBID,SAAiB;AAAA,UACHD,cAAc;AAAA;AAAAiB,KAD5BhB;AA2BN,eAAeA;AAAQ;AAAAiB",
      "names": [
        "v4",
        "FormCard",
        "AddBookForm",
        "styles",
        "useAppSelector",
        "AddBook",
        "_s",
        "formCards",
        "state",
        "formBooks",
        "cards",
        "map",
        "item",
        "title",
        "author",
        "genres",
        "cover",
        "published",
        "pageCount",
        "stock",
        "bookType",
        "_c",
        "$RefreshReg$"
      ],
      "sources": [
        "D:/Frontend/Projects/React/RS School/experiment/ssr/src/pages/AddBook/AddBook.tsx"
      ],
      "file": "D:/Frontend/Projects/React/RS School/experiment/ssr/src/pages/AddBook/AddBook.tsx"
    },
    "_coverageSchema": "1a1c01bbd47fc00a2c39e90264f33305004495a9",
    "hash": "a0aedf0368cd32eeabe33c45cffca7a1bca710f0"
  },
  "D:/Frontend/Projects/React/RS School/experiment/ssr/src/App.tsx": {
    "path": "D:/Frontend/Projects/React/RS School/experiment/ssr/src/App.tsx",
    "statementMap": {
      "0": {
        "start": {
          "line": 5,
          "column": 0
        },
        "end": {
          "line": 15,
          "column": 1
        }
      },
      "1": {
        "start": {
          "line": 6,
          "column": 2
        },
        "end": {
          "line": 8,
          "column": 3
        }
      },
      "2": {
        "start": {
          "line": 7,
          "column": 4
        },
        "end": {
          "line": 7,
          "column": 165
        }
      },
      "3": {
        "start": {
          "line": 9,
          "column": 2
        },
        "end": {
          "line": 9,
          "column": 39
        }
      },
      "4": {
        "start": {
          "line": 10,
          "column": 2
        },
        "end": {
          "line": 10,
          "column": 39
        }
      },
      "5": {
        "start": {
          "line": 11,
          "column": 2
        },
        "end": {
          "line": 13,
          "column": 4
        }
      },
      "6": {
        "start": {
          "line": 12,
          "column": 4
        },
        "end": {
          "line": 12,
          "column": 107
        }
      },
      "7": {
        "start": {
          "line": 14,
          "column": 2
        },
        "end": {
          "line": 14,
          "column": 75
        }
      },
      "8": {
        "start": {
          "line": 23,
          "column": 2
        },
        "end": {
          "line": 75,
          "column": 11
        }
      },
      "9": {
        "start": {
          "line": 77,
          "column": 0
        },
        "end": {
          "line": 77,
          "column": 9
        }
      },
      "10": {
        "start": {
          "line": 79,
          "column": 2
        },
        "end": {
          "line": 87,
          "column": 11
        }
      },
      "11": {
        "start": {
          "line": 89,
          "column": 0
        },
        "end": {
          "line": 89,
          "column": 17
        }
      },
      "12": {
        "start": {
          "line": 91,
          "column": 0
        },
        "end": {
          "line": 91,
          "column": 24
        }
      },
      "13": {
        "start": {
          "line": 92,
          "column": 0
        },
        "end": {
          "line": 92,
          "column": 32
        }
      },
      "14": {
        "start": {
          "line": 93,
          "column": 0
        },
        "end": {
          "line": 109,
          "column": 1
        }
      },
      "15": {
        "start": {
          "line": 94,
          "column": 2
        },
        "end": {
          "line": 94,
          "column": 39
        }
      },
      "16": {
        "start": {
          "line": 95,
          "column": 2
        },
        "end": {
          "line": 95,
          "column": 39
        }
      },
      "17": {
        "start": {
          "line": 96,
          "column": 2
        },
        "end": {
          "line": 108,
          "column": 5
        }
      },
      "18": {
        "start": {
          "line": 100,
          "column": 4
        },
        "end": {
          "line": 100,
          "column": 133
        }
      },
      "19": {
        "start": {
          "line": 101,
          "column": 4
        },
        "end": {
          "line": 107,
          "column": 7
        }
      },
      "20": {
        "start": {
          "line": 102,
          "column": 6
        },
        "end": {
          "line": 103,
          "column": 15
        }
      },
      "21": {
        "start": {
          "line": 103,
          "column": 8
        },
        "end": {
          "line": 103,
          "column": 15
        }
      },
      "22": {
        "start": {
          "line": 104,
          "column": 32
        },
        "end": {
          "line": 104,
          "column": 115
        }
      },
      "23": {
        "start": {
          "line": 105,
          "column": 6
        },
        "end": {
          "line": 106,
          "column": 54
        }
      },
      "24": {
        "start": {
          "line": 106,
          "column": 8
        },
        "end": {
          "line": 106,
          "column": 54
        }
      }
    },
    "fnMap": {
      "0": {
        "name": "(anonymous_0)",
        "decl": {
          "start": {
            "line": 11,
            "column": 24
          },
          "end": {
            "line": 11,
            "column": 25
          }
        },
        "loc": {
          "start": {
            "line": 11,
            "column": 38
          },
          "end": {
            "line": 13,
            "column": 3
          }
        },
        "line": 11
      },
      "1": {
        "name": "App",
        "decl": {
          "start": {
            "line": 22,
            "column": 16
          },
          "end": {
            "line": 22,
            "column": 19
          }
        },
        "loc": {
          "start": {
            "line": 22,
            "column": 22
          },
          "end": {
            "line": 76,
            "column": 1
          }
        },
        "line": 22
      },
      "2": {
        "name": "WrappedApp",
        "decl": {
          "start": {
            "line": 78,
            "column": 16
          },
          "end": {
            "line": 78,
            "column": 26
          }
        },
        "loc": {
          "start": {
            "line": 78,
            "column": 29
          },
          "end": {
            "line": 88,
            "column": 1
          }
        },
        "line": 78
      },
      "3": {
        "name": "(anonymous_3)",
        "decl": {
          "start": {
            "line": 99,
            "column": 9
          },
          "end": {
            "line": 99,
            "column": 10
          }
        },
        "loc": {
          "start": {
            "line": 99,
            "column": 29
          },
          "end": {
            "line": 108,
            "column": 3
          }
        },
        "line": 99
      },
      "4": {
        "name": "(anonymous_4)",
        "decl": {
          "start": {
            "line": 101,
            "column": 27
          },
          "end": {
            "line": 101,
            "column": 28
          }
        },
        "loc": {
          "start": {
            "line": 101,
            "column": 44
          },
          "end": {
            "line": 107,
            "column": 5
          }
        },
        "line": 101
      }
    },
    "branchMap": {
      "0": {
        "loc": {
          "start": {
            "line": 5,
            "column": 0
          },
          "end": {
            "line": 15,
            "column": 1
          }
        },
        "type": "if",
        "locations": [
          {
            "start": {
              "line": 5,
              "column": 0
            },
            "end": {
              "line": 15,
              "column": 1
            }
          },
          {
            "start": {},
            "end": {}
          }
        ],
        "line": 5
      },
      "1": {
        "loc": {
          "start": {
            "line": 6,
            "column": 2
          },
          "end": {
            "line": 8,
            "column": 3
          }
        },
        "type": "if",
        "locations": [
          {
            "start": {
              "line": 6,
              "column": 2
            },
            "end": {
              "line": 8,
              "column": 3
            }
          },
          {
            "start": {},
            "end": {}
          }
        ],
        "line": 6
      },
      "2": {
        "loc": {
          "start": {
            "line": 93,
            "column": 0
          },
          "end": {
            "line": 109,
            "column": 1
          }
        },
        "type": "if",
        "locations": [
          {
            "start": {
              "line": 93,
              "column": 0
            },
            "end": {
              "line": 109,
              "column": 1
            }
          },
          {
            "start": {},
            "end": {}
          }
        ],
        "line": 93
      },
      "3": {
        "loc": {
          "start": {
            "line": 102,
            "column": 6
          },
          "end": {
            "line": 103,
            "column": 15
          }
        },
        "type": "if",
        "locations": [
          {
            "start": {
              "line": 102,
              "column": 6
            },
            "end": {
              "line": 103,
              "column": 15
            }
          },
          {
            "start": {},
            "end": {}
          }
        ],
        "line": 102
      },
      "4": {
        "loc": {
          "start": {
            "line": 105,
            "column": 6
          },
          "end": {
            "line": 106,
            "column": 54
          }
        },
        "type": "if",
        "locations": [
          {
            "start": {
              "line": 105,
              "column": 6
            },
            "end": {
              "line": 106,
              "column": 54
            }
          },
          {
            "start": {},
            "end": {}
          }
        ],
        "line": 105
      }
    },
    "s": {
      "0": 26,
      "1": 26,
      "2": 0,
      "3": 26,
      "4": 26,
      "5": 26,
      "6": 52,
      "7": 26,
      "8": 26,
      "9": 26,
      "10": 0,
      "11": 26,
      "12": 26,
      "13": 26,
      "14": 26,
      "15": 26,
      "16": 26,
      "17": 26,
      "18": 22,
      "19": 22,
      "20": 0,
      "21": 0,
      "22": 0,
      "23": 0,
      "24": 0
    },
    "f": {
      "0": 52,
      "1": 26,
      "2": 0,
      "3": 22,
      "4": 0
    },
    "b": {
      "0": [26, 0],
      "1": [0, 26],
      "2": [26, 0],
      "3": [0, 0],
      "4": [0, 0]
    },
    "inputSourceMap": {
      "version": 3,
      "mappings": "AAYI,mBACE,cADF;AAZJ,OAAOA,oBAAkB;AAAA;AAAA;AAAA;AAAA;AAAA;AAAA;AAAA;AAAA;AAAA;AAAA;AAAA;AAAA;AAAA;AACzB,SAASC,eAAeC,OAAOC,cAAc;AAC7C,OAAOC,WAAW;AAClB,OAAOC,YAAY;AACnB,OAAOC,UAAU;AACjB,OAAOC,cAAc;AACrB,OAAOC,aAAa;AAIb,gBAASC,MAAM;AACpB,SACE,mCACE;AAAA,2BAAC,YAAD;AAAA;AAAA;AAAA;AAAA,WAAO;AAAA,IACP,uBAAC,UACC;AAAA,6BAAC,SAAM,MAAK,KAAI,SAAS,uBAAC,UAAD;AAAA;AAAA;AAAA;AAAA,aAAK,KAA9B;AAAA;AAAA;AAAA;AAAA,aAAkC;AAAA,MAClC,uBAAC,SAAM,MAAK,KAAI,SAAS,uBAAC,cAAD;AAAA;AAAA;AAAA;AAAA,aAAS,KAAlC;AAAA;AAAA;AAAA;AAAA,aAAsC;AAAA,MACtC,uBAAC,SAAM,MAAK,aAAY,SAAS,uBAAC,aAAD;AAAA;AAAA;AAAA;AAAA,aAAQ,KAAzC;AAAA;AAAA;AAAA;AAAA,aAA6C;AAAA,MAC7C,uBAAC,SAAM,MAAK,UAAS,SAAS,uBAAC,WAAD;AAAA;AAAA;AAAA;AAAA,aAAM,KAApC;AAAA;AAAA;AAAA;AAAA,aAAwC;AAAA,SAJ1C;AAAA;AAAA;AAAA;AAAA,WAKA;AAAA,OAPF;AAAA;AAAA;AAAA;AAAA,SAQA;AAEJ;AAACC,KAZeD;AAcT,gBAASE,aAAa;AAC3B,SACE,uBAAC,iBACC,iCAAC,SAAD;AAAA;AAAA;AAAA;AAAA,SAAI,KADN;AAAA;AAAA;AAAA;AAAA,SAEA;AAEJ;AAACC,MANeD;AAAU;AAAAE;AAAAA",
      "names": [
        "React",
        "BrowserRouter",
        "Route",
        "Routes",
        "About",
        "Header",
        "Home",
        "NotFound",
        "AddBook",
        "App",
        "_c",
        "WrappedApp",
        "_c2",
        "$RefreshReg$"
      ],
      "sources": ["D:/Frontend/Projects/React/RS School/experiment/ssr/src/App.tsx"],
      "file": "D:/Frontend/Projects/React/RS School/experiment/ssr/src/App.tsx"
    },
    "_coverageSchema": "1a1c01bbd47fc00a2c39e90264f33305004495a9",
    "hash": "a94a76d5a0c93e6a4923bb9f1ebe33dbd89f5cb6"
  },
  "D:/Frontend/Projects/React/RS School/experiment/ssr/src/ClientApp.tsx": {
    "path": "D:/Frontend/Projects/React/RS School/experiment/ssr/src/ClientApp.tsx",
    "statementMap": {
      "0": {
        "start": {
          "line": 9,
          "column": 14
        },
        "end": {
          "line": 15,
          "column": 2
        }
      },
      "1": {
        "start": {
          "line": 16,
          "column": 0
        },
        "end": {
          "line": 16,
          "column": 34
        }
      },
      "2": {
        "start": {
          "line": 17,
          "column": 0
        },
        "end": {
          "line": 29,
          "column": 10
        }
      }
    },
    "fnMap": {},
    "branchMap": {},
    "s": {
      "0": 26,
      "1": 26,
      "2": 26
    },
    "f": {},
    "b": {},
    "inputSourceMap": {
      "version": 3,
      "mappings": "AAoBM;AAnBN,SAASA,mBAAmB;AAC5B,SAASC,qBAAqB;AAC9B,SAASC,WAAW;AACpB,SAASC,gBAAgB;AACzB,SAASC,sBAAsB;AAC/B,OAAOC,oBAAoB;AAC3B,OAAOC,oBAAoB;AAE3B,MAAMC,QAAQH,eAAe;AAAA,EAC3BI,SAAS;AAAA,IAAEC,WAAWJ;AAAAA,IAAgBK,WAAWJ;AAAAA,EAAe;AAAA,EAChEK,gBAAgBC,OAAOC;AACzB,CAAC;AAED,OAAOD,OAAOC;AAEdb,YACEc,SAASC,eAAe,MAAM,GAC9B,uBAAC,YAAS,OACR,iCAAC,iBACC,iCAAC,SAAD;AAAA;AAAA;AAAA;AAAA,OAAI,KADN;AAAA;AAAA;AAAA;AAAA,OAEA,KAHF;AAAA;AAAA;AAAA;AAAA,OAIA,CAAW",
      "names": [
        "hydrateRoot",
        "BrowserRouter",
        "App",
        "Provider",
        "configureStore",
        "homeBooksSlice",
        "formBooksSlice",
        "store",
        "reducer",
        "homeBooks",
        "formBooks",
        "preloadedState",
        "window",
        "__PRELOADED_STATE__",
        "document",
        "getElementById"
      ],
      "sources": ["D:/Frontend/Projects/React/RS School/experiment/ssr/src/ClientApp.tsx"],
      "file": "D:/Frontend/Projects/React/RS School/experiment/ssr/src/ClientApp.tsx"
    },
    "_coverageSchema": "1a1c01bbd47fc00a2c39e90264f33305004495a9",
    "hash": "fee7841bf9ca45438e9cfdad5879ae525ac2f3a8"
  }
}
