{
  "D:/Frontend/Projects/React/RS School/experiment/react-hooks/src/App.tsx": {
    "path": "D:/Frontend/Projects/React/RS School/experiment/react-hooks/src/App.tsx",
    "statementMap": {
      "0": { "start": { "line": 10, "column": 2 }, "end": { "line": 19, "column": null } },
      "1": { "start": { "line": 24, "column": 2 }, "end": { "line": 27, "column": null } }
    },
    "fnMap": {
      "0": {
        "name": "App",
        "decl": { "start": { "line": 9, "column": 16 }, "end": { "line": 9, "column": 22 } },
        "loc": { "start": { "line": 9, "column": 22 }, "end": { "line": 21, "column": null } }
      },
      "1": {
        "name": "WrappedApp",
        "decl": { "start": { "line": 23, "column": 16 }, "end": { "line": 23, "column": 29 } },
        "loc": { "start": { "line": 23, "column": 29 }, "end": { "line": 29, "column": null } }
      }
    },
    "branchMap": {},
    "s": { "0": 4, "1": 1 },
    "f": { "0": 4, "1": 1 },
    "b": {}
  },
  "D:/Frontend/Projects/React/RS School/experiment/react-hooks/src/components/AddBookForm/AddBookForm.tsx": {
    "path": "D:/Frontend/Projects/React/RS School/experiment/react-hooks/src/components/AddBookForm/AddBookForm.tsx",
    "statementMap": {
      "0": { "start": { "line": 22, "column": 37 }, "end": { "line": 191, "column": null } },
      "1": { "start": { "line": 28, "column": 6 }, "end": { "line": 28, "column": null } },
      "2": { "start": { "line": 30, "column": 26 }, "end": { "line": 34, "column": null } },
      "3": { "start": { "line": 31, "column": 21 }, "end": { "line": 31, "column": null } },
      "4": { "start": { "line": 32, "column": 4 }, "end": { "line": 32, "column": null } },
      "5": { "start": { "line": 33, "column": 4 }, "end": { "line": 33, "column": null } },
      "6": { "start": { "line": 36, "column": 16 }, "end": { "line": 36, "column": null } },
      "7": { "start": { "line": 37, "column": 17 }, "end": { "line": 37, "column": null } },
      "8": { "start": { "line": 39, "column": 2 }, "end": { "line": 189, "column": null } },
      "9": { "start": { "line": 48, "column": 74 }, "end": { "line": 48, "column": 94 } },
      "10": { "start": { "line": 60, "column": 58 }, "end": { "line": 60, "column": 78 } },
      "11": { "start": { "line": 92, "column": 10 }, "end": { "line": 100, "column": null } },
      "12": { "start": { "line": 138, "column": 37 }, "end": { "line": 138, "column": null } },
      "13": { "start": { "line": 139, "column": 16 }, "end": { "line": 139, "column": null } },
      "14": { "start": { "line": 175, "column": 18 }, "end": { "line": 175, "column": null } }
    },
    "fnMap": {
      "0": {
        "name": "(anonymous_0)",
        "decl": { "start": { "line": 22, "column": 37 }, "end": { "line": 22, "column": 38 } },
        "loc": { "start": { "line": 22, "column": 55 }, "end": { "line": 191, "column": null } }
      },
      "1": {
        "name": "(anonymous_1)",
        "decl": { "start": { "line": 30, "column": 26 }, "end": { "line": 30, "column": 27 } },
        "loc": { "start": { "line": 30, "column": 46 }, "end": { "line": 34, "column": null } }
      },
      "2": {
        "name": "(anonymous_2)",
        "decl": { "start": { "line": 48, "column": 63 }, "end": { "line": 48, "column": 64 } },
        "loc": { "start": { "line": 48, "column": 74 }, "end": { "line": 48, "column": 94 } }
      },
      "3": {
        "name": "(anonymous_3)",
        "decl": { "start": { "line": 60, "column": 47 }, "end": { "line": 60, "column": 48 } },
        "loc": { "start": { "line": 60, "column": 58 }, "end": { "line": 60, "column": 78 } }
      },
      "4": {
        "name": "(anonymous_4)",
        "decl": { "start": { "line": 91, "column": 20 }, "end": { "line": 91, "column": 21 } },
        "loc": { "start": { "line": 92, "column": 10 }, "end": { "line": 100, "column": null } }
      },
      "5": {
        "name": "(anonymous_5)",
        "decl": { "start": { "line": 137, "column": 24 }, "end": { "line": 137, "column": 25 } },
        "loc": { "start": { "line": 137, "column": 35 }, "end": { "line": 140, "column": null } }
      },
      "6": {
        "name": "(anonymous_6)",
        "decl": { "start": { "line": 174, "column": 16 }, "end": { "line": 174, "column": 21 } },
        "loc": { "start": { "line": 174, "column": 39 }, "end": { "line": 176, "column": null } }
      }
    },
    "branchMap": {
      "0": {
        "loc": { "start": { "line": 50, "column": 13 }, "end": { "line": 50, "column": null } },
        "type": "binary-expr",
        "locations": [
          { "start": { "line": 50, "column": 13 }, "end": { "line": 50, "column": 29 } },
          { "start": { "line": 50, "column": 29 }, "end": { "line": 50, "column": null } }
        ]
      },
      "1": {
        "loc": { "start": { "line": 63, "column": 13 }, "end": { "line": 63, "column": null } },
        "type": "binary-expr",
        "locations": [
          { "start": { "line": 63, "column": 13 }, "end": { "line": 63, "column": 30 } },
          { "start": { "line": 63, "column": 30 }, "end": { "line": 63, "column": null } }
        ]
      },
      "2": {
        "loc": { "start": { "line": 84, "column": 13 }, "end": { "line": 84, "column": null } },
        "type": "binary-expr",
        "locations": [
          { "start": { "line": 84, "column": 13 }, "end": { "line": 84, "column": 32 } },
          { "start": { "line": 84, "column": 32 }, "end": { "line": 84, "column": null } }
        ]
      },
      "3": {
        "loc": { "start": { "line": 103, "column": 11 }, "end": { "line": 103, "column": null } },
        "type": "binary-expr",
        "locations": [
          { "start": { "line": 103, "column": 11 }, "end": { "line": 103, "column": 28 } },
          { "start": { "line": 103, "column": 28 }, "end": { "line": 103, "column": null } }
        ]
      },
      "4": {
        "loc": { "start": { "line": 125, "column": 11 }, "end": { "line": 125, "column": null } },
        "type": "binary-expr",
        "locations": [
          { "start": { "line": 125, "column": 11 }, "end": { "line": 125, "column": 27 } },
          { "start": { "line": 125, "column": 27 }, "end": { "line": 125, "column": null } }
        ]
      },
      "5": {
        "loc": { "start": { "line": 139, "column": 23 }, "end": { "line": 139, "column": null } },
        "type": "binary-expr",
        "locations": [
          { "start": { "line": 139, "column": 23 }, "end": { "line": 139, "column": 58 } },
          { "start": { "line": 139, "column": 58 }, "end": { "line": 139, "column": null } }
        ]
      },
      "6": {
        "loc": { "start": { "line": 144, "column": 13 }, "end": { "line": 144, "column": null } },
        "type": "binary-expr",
        "locations": [
          { "start": { "line": 144, "column": 13 }, "end": { "line": 144, "column": 33 } },
          { "start": { "line": 144, "column": 33 }, "end": { "line": 144, "column": null } }
        ]
      },
      "7": {
        "loc": { "start": { "line": 157, "column": 13 }, "end": { "line": 157, "column": null } },
        "type": "binary-expr",
        "locations": [
          { "start": { "line": 157, "column": 13 }, "end": { "line": 157, "column": 33 } },
          { "start": { "line": 157, "column": 33 }, "end": { "line": 157, "column": 73 } },
          { "start": { "line": 157, "column": 73 }, "end": { "line": 157, "column": null } }
        ]
      },
      "8": {
        "loc": { "start": { "line": 158, "column": 13 }, "end": { "line": 160, "column": null } },
        "type": "binary-expr",
        "locations": [
          { "start": { "line": 158, "column": 13 }, "end": { "line": 158, "column": null } },
          { "start": { "line": 159, "column": 14 }, "end": { "line": 159, "column": null } },
          { "start": { "line": 160, "column": 14 }, "end": { "line": 160, "column": null } }
        ]
      },
      "9": {
        "loc": { "start": { "line": 181, "column": 13 }, "end": { "line": 181, "column": null } },
        "type": "binary-expr",
        "locations": [
          { "start": { "line": 181, "column": 13 }, "end": { "line": 181, "column": 29 } },
          { "start": { "line": 181, "column": 29 }, "end": { "line": 181, "column": null } }
        ]
      },
      "10": {
        "loc": { "start": { "line": 188, "column": 7 }, "end": { "line": 188, "column": null } },
        "type": "binary-expr",
        "locations": [
          { "start": { "line": 188, "column": 7 }, "end": { "line": 188, "column": 29 } },
          { "start": { "line": 188, "column": 29 }, "end": { "line": 188, "column": null } }
        ]
      }
    },
    "s": {
      "0": 3,
      "1": 9,
      "2": 9,
      "3": 2,
      "4": 2,
      "5": 2,
      "6": 9,
      "7": 9,
      "8": 9,
      "9": 3,
      "10": 3,
      "11": 36,
      "12": 2,
      "13": 2,
      "14": 2
    },
    "f": { "0": 9, "1": 2, "2": 3, "3": 3, "4": 36, "5": 2, "6": 2 },
    "b": {
      "0": [9, 1],
      "1": [9, 1],
      "2": [9, 1],
      "3": [9, 1],
      "4": [9, 1],
      "5": [2, 0],
      "6": [9, 1],
      "7": [9, 1, 1],
      "8": [9, 1, 0],
      "9": [9, 1],
      "10": [9, 2]
    }
  },
  "D:/Frontend/Projects/React/RS School/experiment/react-hooks/src/components/Card/Card.tsx": {
    "path": "D:/Frontend/Projects/React/RS School/experiment/react-hooks/src/components/Card/Card.tsx",
    "statementMap": {
      "0": { "start": { "line": 8, "column": 2 }, "end": { "line": 33, "column": null } },
      "1": { "start": { "line": 23, "column": 12 }, "end": { "line": 25, "column": null } }
    },
    "fnMap": {
      "0": {
        "name": "Card",
        "decl": { "start": { "line": 7, "column": 9 }, "end": { "line": 7, "column": 14 } },
        "loc": { "start": { "line": 7, "column": 97 }, "end": { "line": 35, "column": null } }
      },
      "1": {
        "name": "(anonymous_1)",
        "decl": { "start": { "line": 22, "column": 23 }, "end": { "line": 22, "column": 24 } },
        "loc": { "start": { "line": 23, "column": 12 }, "end": { "line": 25, "column": null } }
      }
    },
    "branchMap": {
      "0": {
        "loc": { "start": { "line": 31, "column": 63 }, "end": { "line": 31, "column": 85 } },
        "type": "cond-expr",
        "locations": [
          { "start": { "line": 31, "column": 71 }, "end": { "line": 31, "column": 79 } },
          { "start": { "line": 31, "column": 79 }, "end": { "line": 31, "column": 85 } }
        ]
      }
    },
    "s": { "0": 25, "1": 25 },
    "f": { "0": 25, "1": 25 },
    "b": { "0": [25, 0] }
  },
  "D:/Frontend/Projects/React/RS School/experiment/react-hooks/src/components/Card/CardDetail.tsx": {
    "path": "D:/Frontend/Projects/React/RS School/experiment/react-hooks/src/components/Card/CardDetail.tsx",
    "statementMap": {
      "0": { "start": { "line": 10, "column": 19 }, "end": { "line": 16, "column": null } },
      "1": { "start": { "line": 11, "column": 2 }, "end": { "line": 14, "column": null } }
    },
    "fnMap": {
      "0": {
        "name": "(anonymous_0)",
        "decl": { "start": { "line": 10, "column": 19 }, "end": { "line": 10, "column": 20 } },
        "loc": { "start": { "line": 10, "column": 55 }, "end": { "line": 16, "column": null } }
      }
    },
    "branchMap": {},
    "s": { "0": 3, "1": 100 },
    "f": { "0": 100 },
    "b": {}
  },
  "D:/Frontend/Projects/React/RS School/experiment/react-hooks/src/components/Header/Header.tsx": {
    "path": "D:/Frontend/Projects/React/RS School/experiment/react-hooks/src/components/Header/Header.tsx",
    "statementMap": {
      "0": { "start": { "line": 7, "column": 2 }, "end": { "line": 17, "column": null } }
    },
    "fnMap": {
      "0": {
        "name": "Header",
        "decl": { "start": { "line": 6, "column": 9 }, "end": { "line": 6, "column": 18 } },
        "loc": { "start": { "line": 6, "column": 18 }, "end": { "line": 19, "column": null } }
      }
    },
    "branchMap": {},
    "s": { "0": 4 },
    "f": { "0": 4 },
    "b": {}
  },
  "D:/Frontend/Projects/React/RS School/experiment/react-hooks/src/components/Header/NavBar.tsx": {
    "path": "D:/Frontend/Projects/React/RS School/experiment/react-hooks/src/components/Header/NavBar.tsx",
    "statementMap": {
      "0": { "start": { "line": 6, "column": 2 }, "end": { "line": 40, "column": null } },
      "1": { "start": { "line": 13, "column": 14 }, "end": { "line": 13, "column": null } },
      "2": { "start": { "line": 23, "column": 14 }, "end": { "line": 23, "column": null } },
      "3": { "start": { "line": 33, "column": 14 }, "end": { "line": 33, "column": null } }
    },
    "fnMap": {
      "0": {
        "name": "Navbar",
        "decl": { "start": { "line": 5, "column": 9 }, "end": { "line": 5, "column": 18 } },
        "loc": { "start": { "line": 5, "column": 18 }, "end": { "line": 42, "column": null } }
      },
      "1": {
        "name": "(anonymous_1)",
        "decl": { "start": { "line": 12, "column": 23 }, "end": { "line": 12, "column": 24 } },
        "loc": { "start": { "line": 12, "column": 41 }, "end": { "line": 14, "column": null } }
      },
      "2": {
        "name": "(anonymous_2)",
        "decl": { "start": { "line": 22, "column": 23 }, "end": { "line": 22, "column": 24 } },
        "loc": { "start": { "line": 22, "column": 41 }, "end": { "line": 24, "column": null } }
      },
      "3": {
        "name": "(anonymous_3)",
        "decl": { "start": { "line": 32, "column": 23 }, "end": { "line": 32, "column": 24 } },
        "loc": { "start": { "line": 32, "column": 41 }, "end": { "line": 34, "column": null } }
      }
    },
    "branchMap": {
      "0": {
        "loc": { "start": { "line": 13, "column": 21 }, "end": { "line": 13, "column": null } },
        "type": "cond-expr",
        "locations": [
          { "start": { "line": 13, "column": 32 }, "end": { "line": 13, "column": 43 } },
          { "start": { "line": 13, "column": 43 }, "end": { "line": 13, "column": null } }
        ]
      },
      "1": {
        "loc": { "start": { "line": 23, "column": 21 }, "end": { "line": 23, "column": null } },
        "type": "cond-expr",
        "locations": [
          { "start": { "line": 23, "column": 32 }, "end": { "line": 23, "column": 43 } },
          { "start": { "line": 23, "column": 43 }, "end": { "line": 23, "column": null } }
        ]
      },
      "2": {
        "loc": { "start": { "line": 33, "column": 21 }, "end": { "line": 33, "column": null } },
        "type": "cond-expr",
        "locations": [
          { "start": { "line": 33, "column": 32 }, "end": { "line": 33, "column": 43 } },
          { "start": { "line": 33, "column": 43 }, "end": { "line": 33, "column": null } }
        ]
      }
    },
    "s": { "0": 4, "1": 5, "2": 5, "3": 5 },
    "f": { "0": 4, "1": 5, "2": 5, "3": 5 },
    "b": { "0": [2, 3], "1": [1, 4], "2": [1, 4] }
  },
  "D:/Frontend/Projects/React/RS School/experiment/react-hooks/src/components/SearchBar/SearchBar.tsx": {
    "path": "D:/Frontend/Projects/React/RS School/experiment/react-hooks/src/components/SearchBar/SearchBar.tsx",
    "statementMap": {
      "0": { "start": { "line": 4, "column": 18 }, "end": { "line": 42, "column": null } },
      "1": { "start": { "line": 5, "column": 40 }, "end": { "line": 5, "column": null } },
      "2": { "start": { "line": 6, "column": 19 }, "end": { "line": 6, "column": null } },
      "3": { "start": { "line": 8, "column": 29 }, "end": { "line": 12, "column": null } },
      "4": { "start": { "line": 9, "column": 18 }, "end": { "line": 9, "column": null } },
      "5": { "start": { "line": 10, "column": 4 }, "end": { "line": 10, "column": null } },
      "6": { "start": { "line": 11, "column": 4 }, "end": { "line": 11, "column": null } },
      "7": { "start": { "line": 14, "column": 2 }, "end": { "line": 19, "column": null } },
      "8": { "start": { "line": 15, "column": 23 }, "end": { "line": 15, "column": null } },
      "9": { "start": { "line": 16, "column": 4 }, "end": { "line": 18, "column": null } },
      "10": { "start": { "line": 17, "column": 6 }, "end": { "line": 17, "column": null } },
      "11": { "start": { "line": 21, "column": 2 }, "end": { "line": 40, "column": null } }
    },
    "fnMap": {
      "0": {
        "name": "(anonymous_0)",
        "decl": { "start": { "line": 4, "column": 18 }, "end": { "line": 4, "column": 24 } },
        "loc": { "start": { "line": 4, "column": 24 }, "end": { "line": 42, "column": null } }
      },
      "1": {
        "name": "(anonymous_1)",
        "decl": { "start": { "line": 8, "column": 29 }, "end": { "line": 8, "column": 30 } },
        "loc": { "start": { "line": 8, "column": 77 }, "end": { "line": 12, "column": null } }
      },
      "2": {
        "name": "(anonymous_2)",
        "decl": { "start": { "line": 14, "column": 12 }, "end": { "line": 14, "column": 18 } },
        "loc": { "start": { "line": 14, "column": 18 }, "end": { "line": 19, "column": 5 } }
      }
    },
    "branchMap": {
      "0": {
        "loc": { "start": { "line": 10, "column": 40 }, "end": { "line": 10, "column": 69 } },
        "type": "binary-expr",
        "locations": [
          { "start": { "line": 10, "column": 40 }, "end": { "line": 10, "column": 67 } },
          { "start": { "line": 10, "column": 67 }, "end": { "line": 10, "column": 69 } }
        ]
      },
      "1": {
        "loc": { "start": { "line": 16, "column": 4 }, "end": { "line": 18, "column": null } },
        "type": "if",
        "locations": [
          { "start": { "line": 16, "column": 4 }, "end": { "line": 18, "column": null } },
          { "start": { "line": 16, "column": 4 }, "end": { "line": 18, "column": null } }
        ]
      }
    },
    "s": {
      "0": 3,
      "1": 6,
      "2": 6,
      "3": 6,
      "4": 1,
      "5": 1,
      "6": 1,
      "7": 6,
      "8": 5,
      "9": 5,
      "10": 0,
      "11": 6
    },
    "f": { "0": 6, "1": 1, "2": 5 },
    "b": { "0": [1, 0], "1": [0, 5] }
  },
  "D:/Frontend/Projects/React/RS School/experiment/react-hooks/src/data/BooksData.ts": {
    "path": "D:/Frontend/Projects/React/RS School/experiment/react-hooks/src/data/BooksData.ts",
    "statementMap": {
      "0": { "start": { "line": 1, "column": 18 }, "end": { "line": 82, "column": null } }
    },
    "fnMap": {},
    "branchMap": {},
    "s": { "0": 2 },
    "f": {},
    "b": {}
  },
  "D:/Frontend/Projects/React/RS School/experiment/react-hooks/src/pages/About/About.tsx": {
    "path": "D:/Frontend/Projects/React/RS School/experiment/react-hooks/src/pages/About/About.tsx",
    "statementMap": {
      "0": { "start": { "line": 5, "column": 2 }, "end": { "line": 18, "column": null } }
    },
    "fnMap": {
      "0": {
        "name": "About",
        "decl": { "start": { "line": 4, "column": 9 }, "end": { "line": 4, "column": 17 } },
        "loc": { "start": { "line": 4, "column": 17 }, "end": { "line": 20, "column": null } }
      }
    },
    "branchMap": {},
    "s": { "0": 2 },
    "f": { "0": 2 },
    "b": {}
  },
  "D:/Frontend/Projects/React/RS School/experiment/react-hooks/src/pages/AddBook/AddBook.tsx": {
    "path": "D:/Frontend/Projects/React/RS School/experiment/react-hooks/src/pages/AddBook/AddBook.tsx",
    "statementMap": {
      "0": { "start": { "line": 8, "column": 26 }, "end": { "line": 37, "column": null } },
      "1": { "start": { "line": 9, "column": 28 }, "end": { "line": 9, "column": null } },
      "2": { "start": { "line": 11, "column": 23 }, "end": { "line": 13, "column": null } },
      "3": { "start": { "line": 12, "column": 4 }, "end": { "line": 12, "column": null } },
      "4": { "start": { "line": 12, "column": 28 }, "end": { "line": 12, "column": 52 } },
      "5": { "start": { "line": 15, "column": 2 }, "end": { "line": 35, "column": null } },
      "6": { "start": { "line": 20, "column": 10 }, "end": { "line": 31, "column": null } }
    },
    "fnMap": {
      "0": {
        "name": "(anonymous_0)",
        "decl": { "start": { "line": 8, "column": 26 }, "end": { "line": 8, "column": 32 } },
        "loc": { "start": { "line": 8, "column": 32 }, "end": { "line": 37, "column": null } }
      },
      "1": {
        "name": "(anonymous_1)",
        "decl": { "start": { "line": 11, "column": 23 }, "end": { "line": 11, "column": 24 } },
        "loc": { "start": { "line": 11, "column": 47 }, "end": { "line": 13, "column": null } }
      },
      "2": {
        "name": "(anonymous_2)",
        "decl": { "start": { "line": 12, "column": 13 }, "end": { "line": 12, "column": 14 } },
        "loc": { "start": { "line": 12, "column": 28 }, "end": { "line": 12, "column": 52 } }
      },
      "3": {
        "name": "(anonymous_3)",
        "decl": { "start": { "line": 19, "column": 19 }, "end": { "line": 19, "column": 20 } },
        "loc": { "start": { "line": 19, "column": 29 }, "end": { "line": 33, "column": 9 } }
      }
    },
    "branchMap": {},
    "s": { "0": 2, "1": 4, "2": 4, "3": 1, "4": 1, "5": 4, "6": 1 },
    "f": { "0": 4, "1": 1, "2": 1, "3": 1 },
    "b": {}
  },
  "D:/Frontend/Projects/React/RS School/experiment/react-hooks/src/pages/Home/Home.tsx": {
    "path": "D:/Frontend/Projects/React/RS School/experiment/react-hooks/src/pages/Home/Home.tsx",
    "statementMap": {
      "0": { "start": { "line": 8, "column": 2 }, "end": { "line": 28, "column": null } },
      "1": { "start": { "line": 14, "column": 12 }, "end": { "line": 24, "column": null } }
    },
    "fnMap": {
      "0": {
        "name": "Home",
        "decl": { "start": { "line": 7, "column": 9 }, "end": { "line": 7, "column": 16 } },
        "loc": { "start": { "line": 7, "column": 16 }, "end": { "line": 30, "column": null } }
      },
      "1": {
        "name": "(anonymous_1)",
        "decl": { "start": { "line": 13, "column": 25 }, "end": { "line": 13, "column": 26 } },
        "loc": { "start": { "line": 14, "column": 12 }, "end": { "line": 24, "column": null } }
      }
    },
    "branchMap": {},
    "s": { "0": 3, "1": 24 },
    "f": { "0": 3, "1": 24 },
    "b": {}
  },
  "D:/Frontend/Projects/React/RS School/experiment/react-hooks/src/pages/NotFound/NotFound.tsx": {
    "path": "D:/Frontend/Projects/React/RS School/experiment/react-hooks/src/pages/NotFound/NotFound.tsx",
    "statementMap": {
      "0": { "start": { "line": 7, "column": 2 }, "end": { "line": 15, "column": null } }
    },
    "fnMap": {
      "0": {
        "name": "NotFound",
        "decl": { "start": { "line": 6, "column": 9 }, "end": { "line": 6, "column": 20 } },
        "loc": { "start": { "line": 6, "column": 20 }, "end": { "line": 17, "column": null } }
      }
    },
    "branchMap": {},
    "s": { "0": 1 },
    "f": { "0": 1 },
    "b": {}
  }
}
