{"D:/Frontend/Projects/React/RS School/experiment/react-forms/src/App.tsx": {"path":"D:/Frontend/Projects/React/RS School/experiment/react-forms/src/App.tsx","statementMap":{"0":{"start":{"line":10,"column":2},"end":{"line":19,"column":null}},"1":{"start":{"line":24,"column":2},"end":{"line":27,"column":null}}},"fnMap":{"0":{"name":"App","decl":{"start":{"line":9,"column":16},"end":{"line":9,"column":22}},"loc":{"start":{"line":9,"column":22},"end":{"line":21,"column":null}}},"1":{"name":"WrappedApp","decl":{"start":{"line":23,"column":16},"end":{"line":23,"column":29}},"loc":{"start":{"line":23,"column":29},"end":{"line":29,"column":null}}}},"branchMap":{},"s":{"0":3,"1":1},"f":{"0":3,"1":1},"b":{}}
,"D:/Frontend/Projects/React/RS School/experiment/react-forms/src/components/AddBookForm/AddBookForm.tsx": {"path":"D:/Frontend/Projects/React/RS School/experiment/react-forms/src/components/AddBookForm/AddBookForm.tsx","statementMap":{"0":{"start":{"line":40,"column":21},"end":{"line":40,"column":null}},"1":{"start":{"line":42,"column":22},"end":{"line":42,"column":null}},"2":{"start":{"line":44,"column":21},"end":{"line":44,"column":null}},"3":{"start":{"line":46,"column":21},"end":{"line":46,"column":null}},"4":{"start":{"line":48,"column":24},"end":{"line":48,"column":null}},"5":{"start":{"line":50,"column":25},"end":{"line":50,"column":null}},"6":{"start":{"line":52,"column":21},"end":{"line":52,"column":null}},"7":{"start":{"line":54,"column":21},"end":{"line":54,"column":null}},"8":{"start":{"line":56,"column":23},"end":{"line":56,"column":null}},"9":{"start":{"line":58,"column":26},"end":{"line":58,"column":null}},"10":{"start":{"line":60,"column":23},"end":{"line":60,"column":null}},"11":{"start":{"line":62,"column":21},"end":{"line":62,"column":null}},"12":{"start":{"line":64,"column":26},"end":{"line":64,"column":null}},"13":{"start":{"line":67,"column":4},"end":{"line":67,"column":null}},"14":{"start":{"line":69,"column":4},"end":{"line":83,"column":null}},"15":{"start":{"line":95,"column":17},"end":{"line":218,"column":null}},"16":{"start":{"line":96,"column":4},"end":{"line":96,"column":null}},"17":{"start":{"line":100,"column":23},"end":{"line":100,"column":null}},"18":{"start":{"line":101,"column":32},"end":{"line":101,"column":null}},"19":{"start":{"line":102,"column":18},"end":{"line":102,"column":null}},"20":{"start":{"line":103,"column":22},"end":{"line":103,"column":null}},"21":{"start":{"line":104,"column":18},"end":{"line":104,"column":null}},"22":{"start":{"line":105,"column":18},"end":{"line":105,"column":null}},"23":{"start":{"line":107,"column":21},"end":{"line":107,"column":null}},"24":{"start":{"line":108,"column":19},"end":{"line":108,"column":null}},"25":{"start":{"line":109,"column":18},"end":{"line":109,"column":null}},"26":{"start":{"line":110,"column":20},"end":{"line":110,"column":null}},"27":{"start":{"line":111,"column":23},"end":{"line":111,"column":null}},"28":{"start":{"line":112,"column":20},"end":{"line":112,"column":null}},"29":{"start":{"line":113,"column":18},"end":{"line":113,"column":null}},"30":{"start":{"line":116,"column":26},"end":{"line":121,"column":null}},"31":{"start":{"line":121,"column":23},"end":{"line":121,"column":35}},"32":{"start":{"line":122,"column":4},"end":{"line":122,"column":null}},"33":{"start":{"line":123,"column":19},"end":{"line":123,"column":null}},"34":{"start":{"line":123,"column":47},"end":{"line":123,"column":56}},"35":{"start":{"line":126,"column":4},"end":{"line":126,"column":null}},"36":{"start":{"line":127,"column":4},"end":{"line":127,"column":null}},"37":{"start":{"line":128,"column":4},"end":{"line":128,"column":null}},"38":{"start":{"line":129,"column":4},"end":{"line":129,"column":null}},"39":{"start":{"line":130,"column":4},"end":{"line":130,"column":null}},"40":{"start":{"line":131,"column":4},"end":{"line":131,"column":null}},"41":{"start":{"line":132,"column":4},"end":{"line":132,"column":null}},"42":{"start":{"line":133,"column":4},"end":{"line":133,"column":null}},"43":{"start":{"line":134,"column":4},"end":{"line":141,"column":null}},"44":{"start":{"line":136,"column":6},"end":{"line":136,"column":null}},"45":{"start":{"line":138,"column":6},"end":{"line":138,"column":null}},"46":{"start":{"line":140,"column":6},"end":{"line":140,"column":null}},"47":{"start":{"line":142,"column":4},"end":{"line":149,"column":null}},"48":{"start":{"line":144,"column":6},"end":{"line":144,"column":null}},"49":{"start":{"line":146,"column":6},"end":{"line":146,"column":null}},"50":{"start":{"line":147,"column":4},"end":{"line":149,"column":null}},"51":{"start":{"line":147,"column":49},"end":{"line":147,"column":82}},"52":{"start":{"line":148,"column":6},"end":{"line":148,"column":null}},"53":{"start":{"line":151,"column":4},"end":{"line":154,"column":null}},"54":{"start":{"line":152,"column":6},"end":{"line":152,"column":null}},"55":{"start":{"line":153,"column":6},"end":{"line":153,"column":null}},"56":{"start":{"line":156,"column":4},"end":{"line":159,"column":null}},"57":{"start":{"line":157,"column":6},"end":{"line":157,"column":null}},"58":{"start":{"line":158,"column":6},"end":{"line":158,"column":null}},"59":{"start":{"line":161,"column":4},"end":{"line":164,"column":null}},"60":{"start":{"line":162,"column":6},"end":{"line":162,"column":null}},"61":{"start":{"line":163,"column":6},"end":{"line":163,"column":null}},"62":{"start":{"line":166,"column":4},"end":{"line":169,"column":null}},"63":{"start":{"line":167,"column":6},"end":{"line":167,"column":null}},"64":{"start":{"line":168,"column":6},"end":{"line":168,"column":null}},"65":{"start":{"line":171,"column":4},"end":{"line":174,"column":null}},"66":{"start":{"line":172,"column":6},"end":{"line":172,"column":null}},"67":{"start":{"line":173,"column":6},"end":{"line":173,"column":null}},"68":{"start":{"line":176,"column":4},"end":{"line":179,"column":null}},"69":{"start":{"line":177,"column":6},"end":{"line":177,"column":null}},"70":{"start":{"line":178,"column":6},"end":{"line":178,"column":null}},"71":{"start":{"line":181,"column":4},"end":{"line":181,"column":null}},"72":{"start":{"line":181,"column":22},"end":{"line":181,"column":null}},"73":{"start":{"line":182,"column":4},"end":{"line":182,"column":null}},"74":{"start":{"line":183,"column":4},"end":{"line":183,"column":null}},"75":{"start":{"line":184,"column":31},"end":{"line":201,"column":null}},"76":{"start":{"line":202,"column":25},"end":{"line":202,"column":null}},"77":{"start":{"line":203,"column":4},"end":{"line":203,"column":null}},"78":{"start":{"line":204,"column":4},"end":{"line":204,"column":null}},"79":{"start":{"line":205,"column":4},"end":{"line":205,"column":null}},"80":{"start":{"line":206,"column":4},"end":{"line":206,"column":null}},"81":{"start":{"line":207,"column":4},"end":{"line":207,"column":null}},"82":{"start":{"line":208,"column":4},"end":{"line":208,"column":null}},"83":{"start":{"line":209,"column":4},"end":{"line":209,"column":null}},"84":{"start":{"line":210,"column":4},"end":{"line":210,"column":null}},"85":{"start":{"line":211,"column":4},"end":{"line":211,"column":null}},"86":{"start":{"line":212,"column":4},"end":{"line":212,"column":null}},"87":{"start":{"line":213,"column":4},"end":{"line":213,"column":null}},"88":{"start":{"line":214,"column":4},"end":{"line":214,"column":null}},"89":{"start":{"line":215,"column":4},"end":{"line":215,"column":null}},"90":{"start":{"line":216,"column":4},"end":{"line":216,"column":null}},"91":{"start":{"line":217,"column":4},"end":{"line":217,"column":null}},"92":{"start":{"line":220,"column":22},"end":{"line":231,"column":null}},"93":{"start":{"line":221,"column":17},"end":{"line":221,"column":null}},"94":{"start":{"line":222,"column":4},"end":{"line":230,"column":null}},"95":{"start":{"line":223,"column":21},"end":{"line":223,"column":null}},"96":{"start":{"line":224,"column":6},"end":{"line":226,"column":null}},"97":{"start":{"line":225,"column":8},"end":{"line":225,"column":null}},"98":{"start":{"line":227,"column":6},"end":{"line":227,"column":null}},"99":{"start":{"line":229,"column":6},"end":{"line":229,"column":null}},"100":{"start":{"line":272,"column":32},"end":{"line":272,"column":null}},"101":{"start":{"line":273,"column":27},"end":{"line":273,"column":null}},"102":{"start":{"line":274,"column":28},"end":{"line":274,"column":null}},"103":{"start":{"line":275,"column":27},"end":{"line":275,"column":null}},"104":{"start":{"line":276,"column":30},"end":{"line":276,"column":null}},"105":{"start":{"line":277,"column":28},"end":{"line":277,"column":null}},"106":{"start":{"line":278,"column":34},"end":{"line":278,"column":null}},"107":{"start":{"line":279,"column":30},"end":{"line":279,"column":null}},"108":{"start":{"line":280,"column":31},"end":{"line":280,"column":null}},"109":{"start":{"line":281,"column":27},"end":{"line":281,"column":null}},"110":{"start":{"line":282,"column":4},"end":{"line":463,"column":null}},"111":{"start":{"line":403,"column":29},"end":{"line":403,"column":null}},"112":{"start":{"line":408,"column":14},"end":{"line":408,"column":null}},"113":{"start":{"line":418,"column":29},"end":{"line":418,"column":null}},"114":{"start":{"line":420,"column":14},"end":{"line":420,"column":null}}},"fnMap":{"0":{"name":"(anonymous_0)","decl":{"start":{"line":66,"column":2},"end":{"line":66,"column":14}},"loc":{"start":{"line":66,"column":28},"end":{"line":89,"column":null}}},"1":{"name":"(anonymous_1)","decl":{"start":{"line":95,"column":17},"end":{"line":95,"column":18}},"loc":{"start":{"line":95,"column":62},"end":{"line":218,"column":null}}},"2":{"name":"(anonymous_2)","decl":{"start":{"line":121,"column":13},"end":{"line":121,"column":14}},"loc":{"start":{"line":121,"column":23},"end":{"line":121,"column":35}}},"3":{"name":"(anonymous_3)","decl":{"start":{"line":123,"column":37},"end":{"line":123,"column":38}},"loc":{"start":{"line":123,"column":47},"end":{"line":123,"column":56}}},"4":{"name":"(anonymous_4)","decl":{"start":{"line":147,"column":39},"end":{"line":147,"column":40}},"loc":{"start":{"line":147,"column":49},"end":{"line":147,"column":82}}},"5":{"name":"(anonymous_5)","decl":{"start":{"line":220,"column":22},"end":{"line":220,"column":23}},"loc":{"start":{"line":220,"column":70},"end":{"line":231,"column":null}}},"6":{"name":"(anonymous_6)","decl":{"start":{"line":224,"column":25},"end":{"line":224,"column":31}},"loc":{"start":{"line":224,"column":31},"end":{"line":226,"column":null}}},"7":{"name":"(anonymous_7)","decl":{"start":{"line":271,"column":2},"end":{"line":271,"column":11}},"loc":{"start":{"line":271,"column":11},"end":{"line":465,"column":null}}},"8":{"name":"(anonymous_8)","decl":{"start":{"line":403,"column":22},"end":{"line":403,"column":23}},"loc":{"start":{"line":403,"column":29},"end":{"line":403,"column":null}}},"9":{"name":"(anonymous_9)","decl":{"start":{"line":407,"column":21},"end":{"line":407,"column":27}},"loc":{"start":{"line":407,"column":27},"end":{"line":409,"column":null}}},"10":{"name":"(anonymous_10)","decl":{"start":{"line":418,"column":22},"end":{"line":418,"column":23}},"loc":{"start":{"line":418,"column":29},"end":{"line":418,"column":null}}},"11":{"name":"(anonymous_11)","decl":{"start":{"line":419,"column":21},"end":{"line":419,"column":27}},"loc":{"start":{"line":419,"column":27},"end":{"line":421,"column":null}}}},"branchMap":{"0":{"loc":{"start":{"line":102,"column":18},"end":{"line":102,"column":null}},"type":"binary-expr","locations":[{"start":{"line":102,"column":18},"end":{"line":102,"column":50}},{"start":{"line":102,"column":50},"end":{"line":102,"column":null}}]},"1":{"loc":{"start":{"line":103,"column":22},"end":{"line":103,"column":null}},"type":"binary-expr","locations":[{"start":{"line":103,"column":22},"end":{"line":103,"column":58}},{"start":{"line":103,"column":58},"end":{"line":103,"column":null}}]},"2":{"loc":{"start":{"line":104,"column":18},"end":{"line":104,"column":null}},"type":"binary-expr","locations":[{"start":{"line":104,"column":18},"end":{"line":104,"column":50}},{"start":{"line":104,"column":50},"end":{"line":104,"column":null}}]},"3":{"loc":{"start":{"line":105,"column":18},"end":{"line":105,"column":null}},"type":"binary-expr","locations":[{"start":{"line":105,"column":18},"end":{"line":105,"column":52}},{"start":{"line":105,"column":52},"end":{"line":105,"column":null}}]},"4":{"loc":{"start":{"line":107,"column":21},"end":{"line":107,"column":null}},"type":"binary-expr","locations":[{"start":{"line":107,"column":21},"end":{"line":107,"column":56}},{"start":{"line":107,"column":56},"end":{"line":107,"column":null}}]},"5":{"loc":{"start":{"line":108,"column":19},"end":{"line":108,"column":null}},"type":"binary-expr","locations":[{"start":{"line":108,"column":19},"end":{"line":108,"column":52}},{"start":{"line":108,"column":52},"end":{"line":108,"column":null}}]},"6":{"loc":{"start":{"line":109,"column":18},"end":{"line":109,"column":null}},"type":"binary-expr","locations":[{"start":{"line":109,"column":18},"end":{"line":109,"column":50}},{"start":{"line":109,"column":50},"end":{"line":109,"column":null}}]},"7":{"loc":{"start":{"line":112,"column":20},"end":{"line":112,"column":null}},"type":"binary-expr","locations":[{"start":{"line":112,"column":20},"end":{"line":112,"column":56}},{"start":{"line":112,"column":56},"end":{"line":112,"column":null}}]},"8":{"loc":{"start":{"line":113,"column":18},"end":{"line":113,"column":null}},"type":"binary-expr","locations":[{"start":{"line":113,"column":18},"end":{"line":113,"column":52}},{"start":{"line":113,"column":52},"end":{"line":113,"column":null}}]},"9":{"loc":{"start":{"line":134,"column":4},"end":{"line":141,"column":null}},"type":"if","locations":[{"start":{"line":134,"column":4},"end":{"line":141,"column":null}},{"start":{"line":134,"column":4},"end":{"line":141,"column":null}}]},"10":{"loc":{"start":{"line":142,"column":4},"end":{"line":149,"column":null}},"type":"if","locations":[{"start":{"line":142,"column":4},"end":{"line":149,"column":null}},{"start":{"line":147,"column":4},"end":{"line":149,"column":null}}]},"11":{"loc":{"start":{"line":147,"column":4},"end":{"line":149,"column":null}},"type":"if","locations":[{"start":{"line":147,"column":4},"end":{"line":149,"column":null}},{"start":{"line":147,"column":4},"end":{"line":149,"column":null}}]},"12":{"loc":{"start":{"line":151,"column":4},"end":{"line":154,"column":null}},"type":"if","locations":[{"start":{"line":151,"column":4},"end":{"line":154,"column":null}},{"start":{"line":151,"column":4},"end":{"line":154,"column":null}}]},"13":{"loc":{"start":{"line":156,"column":4},"end":{"line":159,"column":null}},"type":"if","locations":[{"start":{"line":156,"column":4},"end":{"line":159,"column":null}},{"start":{"line":156,"column":4},"end":{"line":159,"column":null}}]},"14":{"loc":{"start":{"line":161,"column":4},"end":{"line":164,"column":null}},"type":"if","locations":[{"start":{"line":161,"column":4},"end":{"line":164,"column":null}},{"start":{"line":161,"column":4},"end":{"line":164,"column":null}}]},"15":{"loc":{"start":{"line":166,"column":4},"end":{"line":169,"column":null}},"type":"if","locations":[{"start":{"line":166,"column":4},"end":{"line":169,"column":null}},{"start":{"line":166,"column":4},"end":{"line":169,"column":null}}]},"16":{"loc":{"start":{"line":171,"column":4},"end":{"line":174,"column":null}},"type":"if","locations":[{"start":{"line":171,"column":4},"end":{"line":174,"column":null}},{"start":{"line":171,"column":4},"end":{"line":174,"column":null}}]},"17":{"loc":{"start":{"line":176,"column":4},"end":{"line":179,"column":null}},"type":"if","locations":[{"start":{"line":176,"column":4},"end":{"line":179,"column":null}},{"start":{"line":176,"column":4},"end":{"line":179,"column":null}}]},"18":{"loc":{"start":{"line":181,"column":4},"end":{"line":181,"column":null}},"type":"if","locations":[{"start":{"line":181,"column":4},"end":{"line":181,"column":null}},{"start":{"line":181,"column":4},"end":{"line":181,"column":null}}]},"19":{"loc":{"start":{"line":222,"column":4},"end":{"line":230,"column":null}},"type":"if","locations":[{"start":{"line":222,"column":4},"end":{"line":230,"column":null}},{"start":{"line":228,"column":11},"end":{"line":230,"column":null}}]},"20":{"loc":{"start":{"line":289,"column":13},"end":{"line":289,"column":null}},"type":"binary-expr","locations":[{"start":{"line":289,"column":13},"end":{"line":289,"column":34}},{"start":{"line":289,"column":34},"end":{"line":289,"column":null}}]},"21":{"loc":{"start":{"line":296,"column":13},"end":{"line":296,"column":null}},"type":"binary-expr","locations":[{"start":{"line":296,"column":13},"end":{"line":296,"column":35}},{"start":{"line":296,"column":35},"end":{"line":296,"column":null}}]},"22":{"loc":{"start":{"line":311,"column":15},"end":{"line":311,"column":null}},"type":"binary-expr","locations":[{"start":{"line":311,"column":15},"end":{"line":311,"column":39}},{"start":{"line":311,"column":39},"end":{"line":311,"column":null}}]},"23":{"loc":{"start":{"line":385,"column":11},"end":{"line":385,"column":null}},"type":"binary-expr","locations":[{"start":{"line":385,"column":11},"end":{"line":385,"column":33}},{"start":{"line":385,"column":33},"end":{"line":385,"column":null}}]},"24":{"loc":{"start":{"line":428,"column":11},"end":{"line":428,"column":null}},"type":"binary-expr","locations":[{"start":{"line":428,"column":11},"end":{"line":428,"column":35}},{"start":{"line":428,"column":35},"end":{"line":428,"column":null}}]},"25":{"loc":{"start":{"line":434,"column":13},"end":{"line":434,"column":null}},"type":"binary-expr","locations":[{"start":{"line":434,"column":13},"end":{"line":434,"column":38}},{"start":{"line":434,"column":38},"end":{"line":434,"column":null}}]},"26":{"loc":{"start":{"line":441,"column":13},"end":{"line":441,"column":null}},"type":"binary-expr","locations":[{"start":{"line":441,"column":13},"end":{"line":441,"column":34}},{"start":{"line":441,"column":34},"end":{"line":441,"column":null}}]},"27":{"loc":{"start":{"line":454,"column":13},"end":{"line":454,"column":null}},"type":"binary-expr","locations":[{"start":{"line":454,"column":13},"end":{"line":454,"column":34}},{"start":{"line":454,"column":34},"end":{"line":454,"column":null}}]},"28":{"loc":{"start":{"line":455,"column":13},"end":{"line":458,"column":null}},"type":"binary-expr","locations":[{"start":{"line":455,"column":13},"end":{"line":455,"column":null}},{"start":{"line":456,"column":14},"end":{"line":458,"column":null}}]}},"s":{"0":0,"1":0,"2":0,"3":0,"4":0,"5":0,"6":0,"7":0,"8":0,"9":0,"10":0,"11":0,"12":0,"13":0,"14":0,"15":0,"16":0,"17":0,"18":0,"19":0,"20":0,"21":0,"22":0,"23":0,"24":0,"25":0,"26":0,"27":0,"28":0,"29":0,"30":0,"31":0,"32":0,"33":0,"34":0,"35":0,"36":0,"37":0,"38":0,"39":0,"40":0,"41":0,"42":0,"43":0,"44":0,"45":0,"46":0,"47":0,"48":0,"49":0,"50":0,"51":0,"52":0,"53":0,"54":0,"55":0,"56":0,"57":0,"58":0,"59":0,"60":0,"61":0,"62":0,"63":0,"64":0,"65":0,"66":0,"67":0,"68":0,"69":0,"70":0,"71":0,"72":0,"73":0,"74":0,"75":0,"76":0,"77":0,"78":0,"79":0,"80":0,"81":0,"82":0,"83":0,"84":0,"85":0,"86":0,"87":0,"88":0,"89":0,"90":0,"91":0,"92":0,"93":0,"94":0,"95":0,"96":0,"97":0,"98":0,"99":0,"100":0,"101":0,"102":0,"103":0,"104":0,"105":0,"106":0,"107":0,"108":0,"109":0,"110":0,"111":0,"112":0,"113":0,"114":0},"f":{"0":0,"1":0,"2":0,"3":0,"4":0,"5":0,"6":0,"7":0,"8":0,"9":0,"10":0,"11":0},"b":{"0":[0,0],"1":[0,0],"2":[0,0],"3":[0,0],"4":[0,0],"5":[0,0],"6":[0,0],"7":[0,0],"8":[0,0],"9":[0,0],"10":[0,0],"11":[0,0],"12":[0,0],"13":[0,0],"14":[0,0],"15":[0,0],"16":[0,0],"17":[0,0],"18":[0,0],"19":[0,0],"20":[0,0],"21":[0,0],"22":[0,0],"23":[0,0],"24":[0,0],"25":[0,0],"26":[0,0],"27":[0,0],"28":[0,0]}}
,"D:/Frontend/Projects/React/RS School/experiment/react-forms/src/components/Card/Card.tsx": {"path":"D:/Frontend/Projects/React/RS School/experiment/react-forms/src/components/Card/Card.tsx","statementMap":{"0":{"start":{"line":15,"column":2},"end":{"line":44,"column":null}},"1":{"start":{"line":28,"column":12},"end":{"line":28,"column":null}}},"fnMap":{"0":{"name":"Card","decl":{"start":{"line":14,"column":9},"end":{"line":14,"column":14}},"loc":{"start":{"line":14,"column":93},"end":{"line":46,"column":null}}},"1":{"name":"(anonymous_1)","decl":{"start":{"line":27,"column":23},"end":{"line":27,"column":24}},"loc":{"start":{"line":28,"column":12},"end":{"line":28,"column":null}}}},"branchMap":{"0":{"loc":{"start":{"line":41,"column":40},"end":{"line":41,"column":61}},"type":"cond-expr","locations":[{"start":{"line":41,"column":48},"end":{"line":41,"column":56}},{"start":{"line":41,"column":56},"end":{"line":41,"column":61}}]}},"s":{"0":16,"1":0},"f":{"0":16,"1":0},"b":{"0":[0,16]}}
,"D:/Frontend/Projects/React/RS School/experiment/react-forms/src/components/Header/Header.tsx": {"path":"D:/Frontend/Projects/React/RS School/experiment/react-forms/src/components/Header/Header.tsx","statementMap":{"0":{"start":{"line":7,"column":2},"end":{"line":17,"column":null}}},"fnMap":{"0":{"name":"Header","decl":{"start":{"line":6,"column":9},"end":{"line":6,"column":18}},"loc":{"start":{"line":6,"column":18},"end":{"line":19,"column":null}}}},"branchMap":{},"s":{"0":3},"f":{"0":3},"b":{}}
,"D:/Frontend/Projects/React/RS School/experiment/react-forms/src/components/Header/NavBar.tsx": {"path":"D:/Frontend/Projects/React/RS School/experiment/react-forms/src/components/Header/NavBar.tsx","statementMap":{"0":{"start":{"line":6,"column":2},"end":{"line":40,"column":null}},"1":{"start":{"line":13,"column":14},"end":{"line":13,"column":null}},"2":{"start":{"line":23,"column":14},"end":{"line":23,"column":null}},"3":{"start":{"line":33,"column":14},"end":{"line":33,"column":null}}},"fnMap":{"0":{"name":"Navbar","decl":{"start":{"line":5,"column":9},"end":{"line":5,"column":18}},"loc":{"start":{"line":5,"column":18},"end":{"line":42,"column":null}}},"1":{"name":"(anonymous_1)","decl":{"start":{"line":12,"column":23},"end":{"line":12,"column":24}},"loc":{"start":{"line":12,"column":41},"end":{"line":14,"column":null}}},"2":{"name":"(anonymous_2)","decl":{"start":{"line":22,"column":23},"end":{"line":22,"column":24}},"loc":{"start":{"line":22,"column":41},"end":{"line":24,"column":null}}},"3":{"name":"(anonymous_3)","decl":{"start":{"line":32,"column":23},"end":{"line":32,"column":24}},"loc":{"start":{"line":32,"column":41},"end":{"line":34,"column":null}}}},"branchMap":{"0":{"loc":{"start":{"line":13,"column":21},"end":{"line":13,"column":null}},"type":"cond-expr","locations":[{"start":{"line":13,"column":32},"end":{"line":13,"column":43}},{"start":{"line":13,"column":43},"end":{"line":13,"column":null}}]},"1":{"loc":{"start":{"line":23,"column":21},"end":{"line":23,"column":null}},"type":"cond-expr","locations":[{"start":{"line":23,"column":32},"end":{"line":23,"column":43}},{"start":{"line":23,"column":43},"end":{"line":23,"column":null}}]},"2":{"loc":{"start":{"line":33,"column":21},"end":{"line":33,"column":null}},"type":"cond-expr","locations":[{"start":{"line":33,"column":32},"end":{"line":33,"column":43}},{"start":{"line":33,"column":43},"end":{"line":33,"column":null}}]}},"s":{"0":3,"1":3,"2":3,"3":3},"f":{"0":3,"1":3,"2":3,"3":3},"b":{"0":[1,2],"1":[0,3],"2":[1,2]}}
,"D:/Frontend/Projects/React/RS School/experiment/react-forms/src/components/SearchBar/SearchBar.tsx": {"path":"D:/Frontend/Projects/React/RS School/experiment/react-forms/src/components/SearchBar/SearchBar.tsx","statementMap":{"0":{"start":{"line":10,"column":4},"end":{"line":10,"column":null}},"1":{"start":{"line":12,"column":4},"end":{"line":14,"column":null}},"2":{"start":{"line":18,"column":23},"end":{"line":18,"column":null}},"3":{"start":{"line":19,"column":4},"end":{"line":21,"column":null}},"4":{"start":{"line":20,"column":6},"end":{"line":20,"column":null}},"5":{"start":{"line":25,"column":28},"end":{"line":25,"column":null}},"6":{"start":{"line":26,"column":4},"end":{"line":28,"column":null}},"7":{"start":{"line":27,"column":6},"end":{"line":27,"column":null}},"8":{"start":{"line":32,"column":28},"end":{"line":32,"column":null}},"9":{"start":{"line":34,"column":4},"end":{"line":54,"column":null}},"10":{"start":{"line":44,"column":18},"end":{"line":44,"column":null}},"11":{"start":{"line":44,"column":39},"end":{"line":44,"column":71}}},"fnMap":{"0":{"name":"(anonymous_0)","decl":{"start":{"line":9,"column":2},"end":{"line":9,"column":14}},"loc":{"start":{"line":9,"column":26},"end":{"line":15,"column":null}}},"1":{"name":"(anonymous_1)","decl":{"start":{"line":17,"column":2},"end":{"line":17,"column":22}},"loc":{"start":{"line":17,"column":22},"end":{"line":22,"column":null}}},"2":{"name":"(anonymous_2)","decl":{"start":{"line":24,"column":2},"end":{"line":24,"column":25}},"loc":{"start":{"line":24,"column":25},"end":{"line":29,"column":null}}},"3":{"name":"(anonymous_3)","decl":{"start":{"line":31,"column":2},"end":{"line":31,"column":11}},"loc":{"start":{"line":31,"column":11},"end":{"line":56,"column":null}}},"4":{"name":"(anonymous_4)","decl":{"start":{"line":43,"column":26},"end":{"line":43,"column":27}},"loc":{"start":{"line":43,"column":33},"end":{"line":45,"column":null}}},"5":{"name":"(anonymous_5)","decl":{"start":{"line":44,"column":32},"end":{"line":44,"column":39}},"loc":{"start":{"line":44,"column":39},"end":{"line":44,"column":71}}}},"branchMap":{"0":{"loc":{"start":{"line":9,"column":14},"end":{"line":9,"column":26}},"type":"default-arg","locations":[{"start":{"line":9,"column":22},"end":{"line":9,"column":26}}]},"1":{"loc":{"start":{"line":13,"column":19},"end":{"line":13,"column":null}},"type":"binary-expr","locations":[{"start":{"line":13,"column":19},"end":{"line":13,"column":58}},{"start":{"line":13,"column":58},"end":{"line":13,"column":null}}]},"2":{"loc":{"start":{"line":19,"column":4},"end":{"line":21,"column":null}},"type":"if","locations":[{"start":{"line":19,"column":4},"end":{"line":21,"column":null}},{"start":{"line":19,"column":4},"end":{"line":21,"column":null}}]},"3":{"loc":{"start":{"line":26,"column":4},"end":{"line":28,"column":null}},"type":"if","locations":[{"start":{"line":26,"column":4},"end":{"line":28,"column":null}},{"start":{"line":26,"column":4},"end":{"line":28,"column":null}}]}},"s":{"0":4,"1":4,"2":4,"3":4,"4":0,"5":4,"6":4,"7":1,"8":5,"9":5,"10":1,"11":1},"f":{"0":4,"1":4,"2":4,"3":5,"4":1,"5":1},"b":{"0":[0],"1":[4,4],"2":[0,4],"3":[1,3]}}
,"D:/Frontend/Projects/React/RS School/experiment/react-forms/src/pages/About/About.tsx": {"path":"D:/Frontend/Projects/React/RS School/experiment/react-forms/src/pages/About/About.tsx","statementMap":{"0":{"start":{"line":5,"column":2},"end":{"line":18,"column":null}}},"fnMap":{"0":{"name":"About","decl":{"start":{"line":4,"column":9},"end":{"line":4,"column":17}},"loc":{"start":{"line":4,"column":17},"end":{"line":20,"column":null}}}},"branchMap":{},"s":{"0":2},"f":{"0":2},"b":{}}
,"D:/Frontend/Projects/React/RS School/experiment/react-forms/src/pages/AddBook/AddBook.tsx": {"path":"D:/Frontend/Projects/React/RS School/experiment/react-forms/src/pages/AddBook/AddBook.tsx","statementMap":{"0":{"start":{"line":24,"column":4},"end":{"line":24,"column":null}},"1":{"start":{"line":25,"column":4},"end":{"line":27,"column":null}},"2":{"start":{"line":30,"column":17},"end":{"line":34,"column":null}},"3":{"start":{"line":31,"column":4},"end":{"line":33,"column":null}},"4":{"start":{"line":31,"column":34},"end":{"line":33,"column":6}},"5":{"start":{"line":37,"column":22},"end":{"line":37,"column":null}},"6":{"start":{"line":38,"column":4},"end":{"line":56,"column":null}},"7":{"start":{"line":43,"column":12},"end":{"line":53,"column":null}}},"fnMap":{"0":{"name":"(anonymous_0)","decl":{"start":{"line":23,"column":2},"end":{"line":23,"column":14}},"loc":{"start":{"line":23,"column":26},"end":{"line":28,"column":null}}},"1":{"name":"(anonymous_1)","decl":{"start":{"line":30,"column":17},"end":{"line":30,"column":18}},"loc":{"start":{"line":30,"column":41},"end":{"line":34,"column":null}}},"2":{"name":"(anonymous_2)","decl":{"start":{"line":31,"column":18},"end":{"line":31,"column":19}},"loc":{"start":{"line":31,"column":34},"end":{"line":33,"column":6}}},"3":{"name":"(anonymous_3)","decl":{"start":{"line":36,"column":2},"end":{"line":36,"column":11}},"loc":{"start":{"line":36,"column":11},"end":{"line":58,"column":null}}},"4":{"name":"(anonymous_4)","decl":{"start":{"line":42,"column":21},"end":{"line":42,"column":22}},"loc":{"start":{"line":43,"column":12},"end":{"line":53,"column":null}}}},"branchMap":{"0":{"loc":{"start":{"line":23,"column":14},"end":{"line":23,"column":26}},"type":"default-arg","locations":[{"start":{"line":23,"column":22},"end":{"line":23,"column":26}}]}},"s":{"0":0,"1":0,"2":0,"3":0,"4":0,"5":0,"6":0,"7":0},"f":{"0":0,"1":0,"2":0,"3":0,"4":0},"b":{"0":[0]}}
,"D:/Frontend/Projects/React/RS School/experiment/react-forms/src/pages/Home/Home.tsx": {"path":"D:/Frontend/Projects/React/RS School/experiment/react-forms/src/pages/Home/Home.tsx","statementMap":{"0":{"start":{"line":7,"column":18},"end":{"line":80,"column":null}},"1":{"start":{"line":83,"column":2},"end":{"line":101,"column":null}},"2":{"start":{"line":89,"column":12},"end":{"line":97,"column":null}}},"fnMap":{"0":{"name":"Home","decl":{"start":{"line":82,"column":9},"end":{"line":82,"column":16}},"loc":{"start":{"line":82,"column":16},"end":{"line":103,"column":null}}},"1":{"name":"(anonymous_1)","decl":{"start":{"line":88,"column":25},"end":{"line":88,"column":26}},"loc":{"start":{"line":89,"column":12},"end":{"line":97,"column":null}}}},"branchMap":{},"s":{"0":2,"1":2,"2":16},"f":{"0":2,"1":16},"b":{}}
,"D:/Frontend/Projects/React/RS School/experiment/react-forms/src/pages/NotFound/NotFound.tsx": {"path":"D:/Frontend/Projects/React/RS School/experiment/react-forms/src/pages/NotFound/NotFound.tsx","statementMap":{"0":{"start":{"line":7,"column":2},"end":{"line":15,"column":null}}},"fnMap":{"0":{"name":"NotFound","decl":{"start":{"line":6,"column":9},"end":{"line":6,"column":20}},"loc":{"start":{"line":6,"column":20},"end":{"line":17,"column":null}}}},"branchMap":{},"s":{"0":1},"f":{"0":1},"b":{}}
}
